<?xml version="1.0" encoding="UTF-8"?>
<!-- Generated by org.testng.reporters.JUnitXMLReporter -->
<testsuite ignored="0" hostname="dnid0007l01.local" failures="0" tests="41" name="EmployeeRestAPITest" time="107.248" errors="0" timestamp="12 May 2020 07:09:52 GMT">
  <testcase classname="com.commentapi.testcases.TC_001_Create_Comment" name="createComment" time="1.537"/>
  <testcase classname="com.commentapi.testcases.TC_001_Create_Comment" name="createComment" time="1.422"/>
  <testcase classname="com.commentapi.testcases.TC_001_Create_Comment" name="createComment" time="1.453"/>
  <testcase classname="com.commentapi.testcases.TC_001_Create_Comment" name="createComment" time="1.453"/>
  <testcase classname="com.commentapi.testcases.TC_001_Create_Comment" name="createComment" time="1.493"/>
  <testcase classname="com.commentapi.testcases.TC_001_Create_Comment" name="createComment" time="1.65"/>
  <testcase classname="com.commentapi.testcases.TC_001_Create_Comment" name="createComment" time="1.499"/>
  <testcase classname="com.commentapi.testcases.TC_001_Create_Comment" name="createComment" time="1.297"/>
  <testcase classname="com.commentapi.testcases.TC_001_Create_Comment" name="createComment" time="1.44"/>
  <testcase classname="com.commentapi.testcases.TC_001_Create_Comment" name="createComment" time="1.17"/>
  <testcase classname="com.commentapi.testcases.TC_002_Get_All_Comment" name="getAllComment" time="1.34"/>
  <testcase classname="com.commentapi.testcases.TC_003_Get_Single_Comment" name="getSingleComment" time="1.484"/>
  <testcase classname="com.commentapi.testcases.TC_003_Get_Single_Comment" name="getSingleComment" time="1.367"/>
  <testcase classname="com.commentapi.testcases.TC_003_Get_Single_Comment" name="getSingleComment" time="1.484"/>
  <testcase classname="com.commentapi.testcases.TC_003_Get_Single_Comment" name="getSingleComment" time="1.728"/>
  <testcase classname="com.commentapi.testcases.TC_003_Get_Single_Comment" name="getSingleComment" time="1.282"/>
  <testcase classname="com.commentapi.testcases.TC_003_Get_Single_Comment" name="getSingleComment" time="1.437"/>
  <testcase classname="com.commentapi.testcases.TC_003_Get_Single_Comment" name="getSingleComment" time="1.387"/>
  <testcase classname="com.commentapi.testcases.TC_003_Get_Single_Comment" name="getSingleComment" time="1.317"/>
  <testcase classname="com.commentapi.testcases.TC_003_Get_Single_Comment" name="getSingleComment" time="1.616"/>
  <testcase classname="com.commentapi.testcases.TC_003_Get_Single_Comment" name="getSingleComment" time="1.328"/>
  <testcase classname="com.commentapi.testcases.TC_004_Update_Comment" name="updateComment" time="1.834"/>
  <testcase classname="com.commentapi.testcases.TC_004_Update_Comment" name="updateComment" time="1.229"/>
  <testcase classname="com.commentapi.testcases.TC_004_Update_Comment" name="updateComment" time="1.21"/>
  <testcase classname="com.commentapi.testcases.TC_004_Update_Comment" name="updateComment" time="1.24"/>
  <testcase classname="com.commentapi.testcases.TC_004_Update_Comment" name="updateComment" time="1.255"/>
  <testcase classname="com.commentapi.testcases.TC_004_Update_Comment" name="updateComment" time="1.189"/>
  <testcase classname="com.commentapi.testcases.TC_004_Update_Comment" name="updateComment" time="1.251"/>
  <testcase classname="com.commentapi.testcases.TC_004_Update_Comment" name="updateComment" time="1.257"/>
  <testcase classname="com.commentapi.testcases.TC_004_Update_Comment" name="updateComment" time="1.908"/>
  <testcase classname="com.commentapi.testcases.TC_004_Update_Comment" name="updateComment" time="1.441"/>
  <testcase classname="com.commentapi.testcases.TC_005_Delete_Comment" name="deleteComment" time="1.423"/>
  <testcase classname="com.commentapi.testcases.TC_005_Delete_Comment" name="deleteComment" time="1.289"/>
  <testcase classname="com.commentapi.testcases.TC_005_Delete_Comment" name="deleteComment" time="1.575"/>
  <testcase classname="com.commentapi.testcases.TC_005_Delete_Comment" name="deleteComment" time="2.238"/>
  <testcase classname="com.commentapi.testcases.TC_005_Delete_Comment" name="deleteComment" time="1.745"/>
  <testcase classname="com.commentapi.testcases.TC_005_Delete_Comment" name="deleteComment" time="1.239"/>
  <testcase classname="com.commentapi.testcases.TC_005_Delete_Comment" name="deleteComment" time="1.322"/>
  <testcase classname="com.commentapi.testcases.TC_005_Delete_Comment" name="deleteComment" time="1.542"/>
  <testcase classname="com.commentapi.testcases.TC_005_Delete_Comment" name="deleteComment" time="1.352"/>
  <testcase classname="com.commentapi.testcases.TC_005_Delete_Comment" name="deleteComment" time="2.134"/>
</testsuite> <!-- EmployeeRestAPITest -->
