<?xml version="1.0" encoding="UTF-8"?>
<!-- Generated by org.testng.reporters.JUnitXMLReporter -->
<testsuite ignored="0" hostname="dnid0007l01.local" failures="0" tests="41" name="EmployeeRestAPITest" time="140.618" errors="0" timestamp="04 May 2020 13:11:28 GMT">
  <testcase classname="com.commentapi.testcases.TC_001_Create_Comment" name="createComment" time="2.185"/>
  <testcase classname="com.commentapi.testcases.TC_001_Create_Comment" name="createComment" time="1.998"/>
  <testcase classname="com.commentapi.testcases.TC_001_Create_Comment" name="createComment" time="1.955"/>
  <testcase classname="com.commentapi.testcases.TC_001_Create_Comment" name="createComment" time="2.078"/>
  <testcase classname="com.commentapi.testcases.TC_001_Create_Comment" name="createComment" time="2.038"/>
  <testcase classname="com.commentapi.testcases.TC_001_Create_Comment" name="createComment" time="1.992"/>
  <testcase classname="com.commentapi.testcases.TC_001_Create_Comment" name="createComment" time="2.473"/>
  <testcase classname="com.commentapi.testcases.TC_001_Create_Comment" name="createComment" time="1.573"/>
  <testcase classname="com.commentapi.testcases.TC_001_Create_Comment" name="createComment" time="1.705"/>
  <testcase classname="com.commentapi.testcases.TC_001_Create_Comment" name="createComment" time="1.689"/>
  <testcase classname="com.commentapi.testcases.TC_002_Get_All_Comment" name="getAllComment" time="1.585"/>
  <testcase classname="com.commentapi.testcases.TC_003_Get_Single_Comment" name="getSingleComment" time="1.528"/>
  <testcase classname="com.commentapi.testcases.TC_003_Get_Single_Comment" name="getSingleComment" time="1.59"/>
  <testcase classname="com.commentapi.testcases.TC_003_Get_Single_Comment" name="getSingleComment" time="1.552"/>
  <testcase classname="com.commentapi.testcases.TC_003_Get_Single_Comment" name="getSingleComment" time="1.806"/>
  <testcase classname="com.commentapi.testcases.TC_003_Get_Single_Comment" name="getSingleComment" time="2.316"/>
  <testcase classname="com.commentapi.testcases.TC_003_Get_Single_Comment" name="getSingleComment" time="2.008"/>
  <testcase classname="com.commentapi.testcases.TC_003_Get_Single_Comment" name="getSingleComment" time="2.189"/>
  <testcase classname="com.commentapi.testcases.TC_003_Get_Single_Comment" name="getSingleComment" time="1.651"/>
  <testcase classname="com.commentapi.testcases.TC_003_Get_Single_Comment" name="getSingleComment" time="2.154"/>
  <testcase classname="com.commentapi.testcases.TC_003_Get_Single_Comment" name="getSingleComment" time="1.526"/>
  <testcase classname="com.commentapi.testcases.TC_004_Update_Comment" name="updateComment" time="1.723"/>
  <testcase classname="com.commentapi.testcases.TC_004_Update_Comment" name="updateComment" time="1.765"/>
  <testcase classname="com.commentapi.testcases.TC_004_Update_Comment" name="updateComment" time="1.72"/>
  <testcase classname="com.commentapi.testcases.TC_004_Update_Comment" name="updateComment" time="1.629"/>
  <testcase classname="com.commentapi.testcases.TC_004_Update_Comment" name="updateComment" time="1.797"/>
  <testcase classname="com.commentapi.testcases.TC_004_Update_Comment" name="updateComment" time="1.547"/>
  <testcase classname="com.commentapi.testcases.TC_004_Update_Comment" name="updateComment" time="1.679"/>
  <testcase classname="com.commentapi.testcases.TC_004_Update_Comment" name="updateComment" time="1.492"/>
  <testcase classname="com.commentapi.testcases.TC_004_Update_Comment" name="updateComment" time="1.595"/>
  <testcase classname="com.commentapi.testcases.TC_004_Update_Comment" name="updateComment" time="1.713"/>
  <testcase classname="com.commentapi.testcases.TC_005_Delete_Comment" name="deleteComment" time="1.603"/>
  <testcase classname="com.commentapi.testcases.TC_005_Delete_Comment" name="deleteComment" time="1.652"/>
  <testcase classname="com.commentapi.testcases.TC_005_Delete_Comment" name="deleteComment" time="1.768"/>
  <testcase classname="com.commentapi.testcases.TC_005_Delete_Comment" name="deleteComment" time="2.05"/>
  <testcase classname="com.commentapi.testcases.TC_005_Delete_Comment" name="deleteComment" time="1.753"/>
  <testcase classname="com.commentapi.testcases.TC_005_Delete_Comment" name="deleteComment" time="1.537"/>
  <testcase classname="com.commentapi.testcases.TC_005_Delete_Comment" name="deleteComment" time="2.441"/>
  <testcase classname="com.commentapi.testcases.TC_005_Delete_Comment" name="deleteComment" time="1.608"/>
  <testcase classname="com.commentapi.testcases.TC_005_Delete_Comment" name="deleteComment" time="1.522"/>
  <testcase classname="com.commentapi.testcases.TC_005_Delete_Comment" name="deleteComment" time="1.547"/>
</testsuite> <!-- EmployeeRestAPITest -->
