<?xml version="1.0" encoding="UTF-8"?>
<!-- Generated by org.testng.reporters.JUnitXMLReporter -->
<testsuite ignored="0" hostname="dnid0007l01.local" failures="0" tests="41" name="EmployeeRestAPITest" time="182.512" errors="0" timestamp="2020-04-30T15:10:44 WIB">
  <testcase classname="com.commentapi.testcases.TC_001_Create_Comment" name="createComment" time="2.562"/>
  <testcase classname="com.commentapi.testcases.TC_001_Create_Comment" name="createComment" time="3.797"/>
  <testcase classname="com.commentapi.testcases.TC_001_Create_Comment" name="createComment" time="1.588"/>
  <testcase classname="com.commentapi.testcases.TC_001_Create_Comment" name="createComment" time="2.87"/>
  <testcase classname="com.commentapi.testcases.TC_001_Create_Comment" name="createComment" time="3.176"/>
  <testcase classname="com.commentapi.testcases.TC_001_Create_Comment" name="createComment" time="2.655"/>
  <testcase classname="com.commentapi.testcases.TC_001_Create_Comment" name="createComment" time="2.224"/>
  <testcase classname="com.commentapi.testcases.TC_001_Create_Comment" name="createComment" time="2.211"/>
  <testcase classname="com.commentapi.testcases.TC_001_Create_Comment" name="createComment" time="2.549"/>
  <testcase classname="com.commentapi.testcases.TC_001_Create_Comment" name="createComment" time="2.327"/>
  <testcase classname="com.commentapi.testcases.TC_002_Get_All_Comment" name="getAllComment" time="2.246"/>
  <testcase classname="com.commentapi.testcases.TC_003_Get_Single_Comment" name="getSingleComment" time="2.813"/>
  <testcase classname="com.commentapi.testcases.TC_003_Get_Single_Comment" name="getSingleComment" time="2.499"/>
  <testcase classname="com.commentapi.testcases.TC_003_Get_Single_Comment" name="getSingleComment" time="2.028"/>
  <testcase classname="com.commentapi.testcases.TC_003_Get_Single_Comment" name="getSingleComment" time="2.167"/>
  <testcase classname="com.commentapi.testcases.TC_003_Get_Single_Comment" name="getSingleComment" time="2.87"/>
  <testcase classname="com.commentapi.testcases.TC_003_Get_Single_Comment" name="getSingleComment" time="2.378"/>
  <testcase classname="com.commentapi.testcases.TC_003_Get_Single_Comment" name="getSingleComment" time="2.428"/>
  <testcase classname="com.commentapi.testcases.TC_003_Get_Single_Comment" name="getSingleComment" time="2.18"/>
  <testcase classname="com.commentapi.testcases.TC_003_Get_Single_Comment" name="getSingleComment" time="2.014"/>
  <testcase classname="com.commentapi.testcases.TC_003_Get_Single_Comment" name="getSingleComment" time="1.84"/>
  <testcase classname="com.commentapi.testcases.TC_004_Update_Comment" name="updateComment" time="3.168"/>
  <testcase classname="com.commentapi.testcases.TC_004_Update_Comment" name="updateComment" time="2.866"/>
  <testcase classname="com.commentapi.testcases.TC_004_Update_Comment" name="updateComment" time="2.354"/>
  <testcase classname="com.commentapi.testcases.TC_004_Update_Comment" name="updateComment" time="2.41"/>
  <testcase classname="com.commentapi.testcases.TC_004_Update_Comment" name="updateComment" time="2.295"/>
  <testcase classname="com.commentapi.testcases.TC_004_Update_Comment" name="updateComment" time="2.269"/>
  <testcase classname="com.commentapi.testcases.TC_004_Update_Comment" name="updateComment" time="3.153"/>
  <testcase classname="com.commentapi.testcases.TC_004_Update_Comment" name="updateComment" time="2.148"/>
  <testcase classname="com.commentapi.testcases.TC_004_Update_Comment" name="updateComment" time="2.357"/>
  <testcase classname="com.commentapi.testcases.TC_004_Update_Comment" name="updateComment" time="3.17"/>
  <testcase classname="com.commentapi.testcases.TC_005_Delete_Comment" name="deleteComment" time="2.56"/>
  <testcase classname="com.commentapi.testcases.TC_005_Delete_Comment" name="deleteComment" time="1.839"/>
  <testcase classname="com.commentapi.testcases.TC_005_Delete_Comment" name="deleteComment" time="2.66"/>
  <testcase classname="com.commentapi.testcases.TC_005_Delete_Comment" name="deleteComment" time="1.947"/>
  <testcase classname="com.commentapi.testcases.TC_005_Delete_Comment" name="deleteComment" time="2.057"/>
  <testcase classname="com.commentapi.testcases.TC_005_Delete_Comment" name="deleteComment" time="2.165"/>
  <testcase classname="com.commentapi.testcases.TC_005_Delete_Comment" name="deleteComment" time="2.428"/>
  <testcase classname="com.commentapi.testcases.TC_005_Delete_Comment" name="deleteComment" time="2.251"/>
  <testcase classname="com.commentapi.testcases.TC_005_Delete_Comment" name="deleteComment" time="2.254"/>
  <testcase classname="com.commentapi.testcases.TC_005_Delete_Comment" name="deleteComment" time="2.583"/>
</testsuite> <!-- EmployeeRestAPITest -->
