<?xml version="1.0" encoding="UTF-8"?>
<testsuite name="TestSuite" time="7.618" tests="41" errors="0" skipped="0" failures="0">
  <properties>
[...]
</properties>
  <testcase name="createComment" classname="com.commentapi.testcases.TC_001_Create_Comment" time="1.537"/>
  <testcase name="createComment" classname="com.commentapi.testcases.TC_001_Create_Comment" time="1.422"/>
  <testcase name="createComment" classname="com.commentapi.testcases.TC_001_Create_Comment" time="1.452"/>
  <testcase name="createComment" classname="com.commentapi.testcases.TC_001_Create_Comment" time="1.453"/>
  <testcase name="createComment" classname="com.commentapi.testcases.TC_001_Create_Comment" time="1.493"/>
  <testcase name="createComment" classname="com.commentapi.testcases.TC_001_Create_Comment" time="1.65"/>
  <testcase name="createComment" classname="com.commentapi.testcases.TC_001_Create_Comment" time="1.499"/>
  <testcase name="createComment" classname="com.commentapi.testcases.TC_001_Create_Comment" time="1.298"/>
  <testcase name="createComment" classname="com.commentapi.testcases.TC_001_Create_Comment" time="1.44"/>
  <testcase name="createComment" classname="com.commentapi.testcases.TC_001_Create_Comment" time="1.17"/>
  <testcase name="getAllComment" classname="com.commentapi.testcases.TC_002_Get_All_Comment" time="1.34"/>
  <testcase name="getSingleComment" classname="com.commentapi.testcases.TC_003_Get_Single_Comment" time="1.484"/>
  <testcase name="getSingleComment" classname="com.commentapi.testcases.TC_003_Get_Single_Comment" time="1.367"/>
  <testcase name="getSingleComment" classname="com.commentapi.testcases.TC_003_Get_Single_Comment" time="1.484"/>
  <testcase name="getSingleComment" classname="com.commentapi.testcases.TC_003_Get_Single_Comment" time="1.727"/>
  <testcase name="getSingleComment" classname="com.commentapi.testcases.TC_003_Get_Single_Comment" time="1.283"/>
  <testcase name="getSingleComment" classname="com.commentapi.testcases.TC_003_Get_Single_Comment" time="1.438"/>
  <testcase name="getSingleComment" classname="com.commentapi.testcases.TC_003_Get_Single_Comment" time="1.387"/>
  <testcase name="getSingleComment" classname="com.commentapi.testcases.TC_003_Get_Single_Comment" time="1.317"/>
  <testcase name="getSingleComment" classname="com.commentapi.testcases.TC_003_Get_Single_Comment" time="1.616"/>
  <testcase name="getSingleComment" classname="com.commentapi.testcases.TC_003_Get_Single_Comment" time="1.328"/>
  <testcase name="updateComment" classname="com.commentapi.testcases.TC_004_Update_Comment" time="1.834"/>
  <testcase name="updateComment" classname="com.commentapi.testcases.TC_004_Update_Comment" time="1.229"/>
  <testcase name="updateComment" classname="com.commentapi.testcases.TC_004_Update_Comment" time="1.211"/>
  <testcase name="updateComment" classname="com.commentapi.testcases.TC_004_Update_Comment" time="1.24"/>
  <testcase name="updateComment" classname="com.commentapi.testcases.TC_004_Update_Comment" time="1.255"/>
  <testcase name="updateComment" classname="com.commentapi.testcases.TC_004_Update_Comment" time="1.189"/>
  <testcase name="updateComment" classname="com.commentapi.testcases.TC_004_Update_Comment" time="1.252"/>
  <testcase name="updateComment" classname="com.commentapi.testcases.TC_004_Update_Comment" time="1.258"/>
  <testcase name="updateComment" classname="com.commentapi.testcases.TC_004_Update_Comment" time="1.908"/>
  <testcase name="updateComment" classname="com.commentapi.testcases.TC_004_Update_Comment" time="1.442"/>
  <testcase name="deleteComment" classname="com.commentapi.testcases.TC_005_Delete_Comment" time="1.423"/>
  <testcase name="deleteComment" classname="com.commentapi.testcases.TC_005_Delete_Comment" time="1.289"/>
  <testcase name="deleteComment" classname="com.commentapi.testcases.TC_005_Delete_Comment" time="1.575"/>
  <testcase name="deleteComment" classname="com.commentapi.testcases.TC_005_Delete_Comment" time="2.238"/>
  <testcase name="deleteComment" classname="com.commentapi.testcases.TC_005_Delete_Comment" time="1.745"/>
  <testcase name="deleteComment" classname="com.commentapi.testcases.TC_005_Delete_Comment" time="1.239"/>
  <testcase name="deleteComment" classname="com.commentapi.testcases.TC_005_Delete_Comment" time="1.322"/>
  <testcase name="deleteComment" classname="com.commentapi.testcases.TC_005_Delete_Comment" time="1.542"/>
  <testcase name="deleteComment" classname="com.commentapi.testcases.TC_005_Delete_Comment" time="1.352"/>
  <testcase name="deleteComment" classname="com.commentapi.testcases.TC_005_Delete_Comment" time="2.133"/>
</testsuite>