<?xml version="1.0" encoding="UTF-8"?>
<testsuite xmlns:xsi="http://www.w3.org/2001/XMLSchema-instance" xsi:noNamespaceSchemaLocation="https://maven.apache.org/surefire/maven-surefire-plugin/xsd/surefire-test-report.xsd" name="TestSuite" time="104.09" tests="30" errors="0" skipped="0" failures="1">
  <properties>
[...]
</properties>
  <testcase name="createAccountTest" classname="com.api.testcases.TS_001_CreateAccount" time="38.677"/>
  <testcase name="createAccountTest" classname="com.api.testcases.TS_001_CreateAccount" time="1.703"/>
  <testcase name="createAccountTest" classname="com.api.testcases.TS_001_CreateAccount" time="1.639"/>
  <testcase name="createAccountTest" classname="com.api.testcases.TS_001_CreateAccount" time="2.064"/>
  <testcase name="createAccountTest" classname="com.api.testcases.TS_001_CreateAccount" time="1.434"/>
  <testcase name="createAccountTest" classname="com.api.testcases.TS_001_CreateAccount" time="1.931"/>
  <testcase name="createAccountTest" classname="com.api.testcases.TS_001_CreateAccount" time="1.485"/>
  <testcase name="createAccountTest" classname="com.api.testcases.TS_001_CreateAccount" time="1.376"/>
  <testcase name="createAccountTest" classname="com.api.testcases.TS_001_CreateAccount" time="1.56"/>
  <testcase name="createAccountTest" classname="com.api.testcases.TS_001_CreateAccount" time="1.402"/>
  <testcase name="createAccountTest" classname="com.api.testcases.TS_001_CreateAccount" time="1.612"/>
  <testcase name="createAccountTest" classname="com.api.testcases.TS_001_CreateAccount" time="1.393"/>
  <testcase name="createAccountTest" classname="com.api.testcases.TS_001_CreateAccount" time="1.639"/>
  <testcase name="createAccountTest" classname="com.api.testcases.TS_001_CreateAccount" time="3.078"/>
  <testcase name="createAccountTest" classname="com.api.testcases.TS_001_CreateAccount" time="1.62"/>
  <testcase name="createAccountTest" classname="com.api.testcases.TS_001_CreateAccount" time="1.734"/>
  <testcase name="createAccountTest" classname="com.api.testcases.TS_001_CreateAccount" time="3.203">
    <failure message="1 expectation failed.&#10;Expected status code &lt;403&gt; but was &lt;201&gt;.&#10;" type="java.lang.AssertionError"><![CDATA[java.lang.AssertionError: 
1 expectation failed.
Expected status code <403> but was <201>.

	at com.api.testcases.TS_001_CreateAccount.createAccountTest(TS_001_CreateAccount.java:80)
]]></failure>
    <system-out><![CDATA[createAccountTest test case started
2020-05-26 16:04:53 INFO  Config:42 - 
2020-05-26 16:04:53 INFO  Config:43 - 
2020-05-26 16:04:53 INFO  Config:44 - Test Case ID :TC_017 - Description :Test Register Account API with invalid phone number (more than 12 digit)
2020-05-26 16:04:53 INFO  Config:49 - Status code => 201
2020-05-26 16:04:53 INFO  Config:50 - Content-type => application/json
2020-05-26 16:04:53 INFO  Config:51 - Response body => {"data":{"idUser":341,"name":"Muhammad Yogie","email":"yoginugrohoo2@gmail.com","password":"Password123@","phoneNumber":"8383383383567","balance":200000.0,"token":2269},"message":"Account has successfully created","status":"201"}
2020-05-26 16:04:55 INFO  Config:79 - Assert status code...
The name of the testcase failed is :createAccountTest
]]></system-out>
  </testcase>
  <testcase name="createAccountTest" classname="com.api.testcases.TS_001_CreateAccount" time="1.557"/>
  <testcase name="createAccountTest" classname="com.api.testcases.TS_001_CreateAccount" time="3.403"/>
  <testcase name="createAccountTest" classname="com.api.testcases.TS_001_CreateAccount" time="3.193"/>
  <testcase name="createAccountTest" classname="com.api.testcases.TS_001_CreateAccount" time="1.5"/>
  <testcase name="createAccountTest" classname="com.api.testcases.TS_001_CreateAccount" time="1.351"/>
  <testcase name="createAccountTest" classname="com.api.testcases.TS_001_CreateAccount" time="1.482"/>
  <testcase name="createAccountTest" classname="com.api.testcases.TS_001_CreateAccount" time="1.523"/>
  <testcase name="createAccountTest" classname="com.api.testcases.TS_001_CreateAccount" time="1.662"/>
  <testcase name="createAccountTest" classname="com.api.testcases.TS_001_CreateAccount" time="3.002"/>
  <testcase name="createAccountTest" classname="com.api.testcases.TS_001_CreateAccount" time="8.069"/>
  <testcase name="createAccountTest" classname="com.api.testcases.TS_001_CreateAccount" time="1.541"/>
  <testcase name="createAccountTest" classname="com.api.testcases.TS_001_CreateAccount" time="1.462"/>
  <testcase name="cleanUp" classname="com.api.testcases.CleanUpEverything" time="3.626"/>
</testsuite>