<?xml version="1.0" encoding="UTF-8"?>
<testsuite name="TestSuite" time="8.625" tests="41" errors="0" skipped="0" failures="0">
  <properties>
[...]
</properties>
  <testcase name="createComment" classname="com.commentapi.testcases.TC_001_Create_Comment" time="2.185"/>
  <testcase name="createComment" classname="com.commentapi.testcases.TC_001_Create_Comment" time="1.999"/>
  <testcase name="createComment" classname="com.commentapi.testcases.TC_001_Create_Comment" time="1.955"/>
  <testcase name="createComment" classname="com.commentapi.testcases.TC_001_Create_Comment" time="2.078"/>
  <testcase name="createComment" classname="com.commentapi.testcases.TC_001_Create_Comment" time="2.037"/>
  <testcase name="createComment" classname="com.commentapi.testcases.TC_001_Create_Comment" time="1.991"/>
  <testcase name="createComment" classname="com.commentapi.testcases.TC_001_Create_Comment" time="2.474"/>
  <testcase name="createComment" classname="com.commentapi.testcases.TC_001_Create_Comment" time="1.573"/>
  <testcase name="createComment" classname="com.commentapi.testcases.TC_001_Create_Comment" time="1.706"/>
  <testcase name="createComment" classname="com.commentapi.testcases.TC_001_Create_Comment" time="1.688"/>
  <testcase name="getAllComment" classname="com.commentapi.testcases.TC_002_Get_All_Comment" time="1.586"/>
  <testcase name="getSingleComment" classname="com.commentapi.testcases.TC_003_Get_Single_Comment" time="1.528"/>
  <testcase name="getSingleComment" classname="com.commentapi.testcases.TC_003_Get_Single_Comment" time="1.59"/>
  <testcase name="getSingleComment" classname="com.commentapi.testcases.TC_003_Get_Single_Comment" time="1.552"/>
  <testcase name="getSingleComment" classname="com.commentapi.testcases.TC_003_Get_Single_Comment" time="1.806"/>
  <testcase name="getSingleComment" classname="com.commentapi.testcases.TC_003_Get_Single_Comment" time="2.316"/>
  <testcase name="getSingleComment" classname="com.commentapi.testcases.TC_003_Get_Single_Comment" time="2.009"/>
  <testcase name="getSingleComment" classname="com.commentapi.testcases.TC_003_Get_Single_Comment" time="2.188"/>
  <testcase name="getSingleComment" classname="com.commentapi.testcases.TC_003_Get_Single_Comment" time="1.651"/>
  <testcase name="getSingleComment" classname="com.commentapi.testcases.TC_003_Get_Single_Comment" time="2.153"/>
  <testcase name="getSingleComment" classname="com.commentapi.testcases.TC_003_Get_Single_Comment" time="1.526"/>
  <testcase name="updateComment" classname="com.commentapi.testcases.TC_004_Update_Comment" time="1.723"/>
  <testcase name="updateComment" classname="com.commentapi.testcases.TC_004_Update_Comment" time="1.764"/>
  <testcase name="updateComment" classname="com.commentapi.testcases.TC_004_Update_Comment" time="1.72"/>
  <testcase name="updateComment" classname="com.commentapi.testcases.TC_004_Update_Comment" time="1.629"/>
  <testcase name="updateComment" classname="com.commentapi.testcases.TC_004_Update_Comment" time="1.797"/>
  <testcase name="updateComment" classname="com.commentapi.testcases.TC_004_Update_Comment" time="1.547"/>
  <testcase name="updateComment" classname="com.commentapi.testcases.TC_004_Update_Comment" time="1.679"/>
  <testcase name="updateComment" classname="com.commentapi.testcases.TC_004_Update_Comment" time="1.492"/>
  <testcase name="updateComment" classname="com.commentapi.testcases.TC_004_Update_Comment" time="1.595"/>
  <testcase name="updateComment" classname="com.commentapi.testcases.TC_004_Update_Comment" time="1.714"/>
  <testcase name="deleteComment" classname="com.commentapi.testcases.TC_005_Delete_Comment" time="1.603"/>
  <testcase name="deleteComment" classname="com.commentapi.testcases.TC_005_Delete_Comment" time="1.653"/>
  <testcase name="deleteComment" classname="com.commentapi.testcases.TC_005_Delete_Comment" time="1.768"/>
  <testcase name="deleteComment" classname="com.commentapi.testcases.TC_005_Delete_Comment" time="2.05"/>
  <testcase name="deleteComment" classname="com.commentapi.testcases.TC_005_Delete_Comment" time="1.753"/>
  <testcase name="deleteComment" classname="com.commentapi.testcases.TC_005_Delete_Comment" time="1.537"/>
  <testcase name="deleteComment" classname="com.commentapi.testcases.TC_005_Delete_Comment" time="2.44"/>
  <testcase name="deleteComment" classname="com.commentapi.testcases.TC_005_Delete_Comment" time="1.608"/>
  <testcase name="deleteComment" classname="com.commentapi.testcases.TC_005_Delete_Comment" time="1.522"/>
  <testcase name="deleteComment" classname="com.commentapi.testcases.TC_005_Delete_Comment" time="1.546"/>
</testsuite>