<?xml version="1.0" encoding="UTF-8"?>
<testng-results ignored="0" total="41" passed="41" failed="0" skipped="0">
  <reporter-output>
  </reporter-output>
  <suite started-at="2020-05-12T07:08:04Z" name="EmployeesRestAPISuite" finished-at="2020-05-12T07:09:52Z" duration-ms="107248">
    <groups>
    </groups>
    <test started-at="2020-05-12T07:08:04Z" name="EmployeeRestAPITest" finished-at="2020-05-12T07:09:52Z" duration-ms="107248">
      <class name="com.commentapi.testcases.TC_003_Get_Single_Comment">
        <test-method is-config="true" signature="setUp()[pri:0, instance:com.commentapi.testcases.TC_003_Get_Single_Comment@3ce1e309]" started-at="2020-05-12T07:08:37Z" name="setUp" finished-at="2020-05-12T07:08:37Z" duration-ms="1" status="PASS">
          <reporter-output>
          </reporter-output>
        </test-method> <!-- setUp -->
        <test-method signature="getSingleComment(int, int, java.lang.String, java.lang.String, java.lang.String)[pri:0, instance:com.commentapi.testcases.TC_003_Get_Single_Comment@3ce1e309]" started-at="2020-05-12T07:08:37Z" name="getSingleComment" data-provider="testData" finished-at="2020-05-12T07:08:39Z" duration-ms="1484" status="PASS">
          <params>
            <param index="0">
              <value>
                <![CDATA[10]]>
              </value>
            </param>
            <param index="1">
              <value>
                <![CDATA[4]]>
              </value>
            </param>
            <param index="2">
              <value>
                <![CDATA[Vincent EH Rompies bQ]]>
              </value>
            </param>
            <param index="3">
              <value>
                <![CDATA[vincentrompies61@gmail.com]]>
              </value>
            </param>
            <param index="4">
              <value>
                <![CDATA[Update BodyBody 50]]>
              </value>
            </param>
          </params>
          <reporter-output>
          </reporter-output>
        </test-method> <!-- getSingleComment -->
        <test-method signature="getSingleComment(int, int, java.lang.String, java.lang.String, java.lang.String)[pri:0, instance:com.commentapi.testcases.TC_003_Get_Single_Comment@3ce1e309]" started-at="2020-05-12T07:08:39Z" name="getSingleComment" data-provider="testData" finished-at="2020-05-12T07:08:40Z" duration-ms="1367" status="PASS">
          <params>
            <param index="0">
              <value>
                <![CDATA[11]]>
              </value>
            </param>
            <param index="1">
              <value>
                <![CDATA[4]]>
              </value>
            </param>
            <param index="2">
              <value>
                <![CDATA[Vincent PC Rompies mK]]>
              </value>
            </param>
            <param index="3">
              <value>
                <![CDATA[vincentrompies14@gmail.com]]>
              </value>
            </param>
            <param index="4">
              <value>
                <![CDATA[Update BodyBody 84]]>
              </value>
            </param>
          </params>
          <reporter-output>
          </reporter-output>
        </test-method> <!-- getSingleComment -->
        <test-method signature="getSingleComment(int, int, java.lang.String, java.lang.String, java.lang.String)[pri:0, instance:com.commentapi.testcases.TC_003_Get_Single_Comment@3ce1e309]" started-at="2020-05-12T07:08:40Z" name="getSingleComment" data-provider="testData" finished-at="2020-05-12T07:08:42Z" duration-ms="1484" status="PASS">
          <params>
            <param index="0">
              <value>
                <![CDATA[12]]>
              </value>
            </param>
            <param index="1">
              <value>
                <![CDATA[4]]>
              </value>
            </param>
            <param index="2">
              <value>
                <![CDATA[Vincent AF Rompies ss]]>
              </value>
            </param>
            <param index="3">
              <value>
                <![CDATA[vincentrompies53@gmail.com]]>
              </value>
            </param>
            <param index="4">
              <value>
                <![CDATA[Update BodyBody 69]]>
              </value>
            </param>
          </params>
          <reporter-output>
          </reporter-output>
        </test-method> <!-- getSingleComment -->
        <test-method signature="getSingleComment(int, int, java.lang.String, java.lang.String, java.lang.String)[pri:0, instance:com.commentapi.testcases.TC_003_Get_Single_Comment@3ce1e309]" started-at="2020-05-12T07:08:42Z" name="getSingleComment" data-provider="testData" finished-at="2020-05-12T07:08:43Z" duration-ms="1728" status="PASS">
          <params>
            <param index="0">
              <value>
                <![CDATA[13]]>
              </value>
            </param>
            <param index="1">
              <value>
                <![CDATA[4]]>
              </value>
            </param>
            <param index="2">
              <value>
                <![CDATA[Vincent Qd Rompies Bt]]>
              </value>
            </param>
            <param index="3">
              <value>
                <![CDATA[vincentrompies92@gmail.com]]>
              </value>
            </param>
            <param index="4">
              <value>
                <![CDATA[Update BodyBody 12]]>
              </value>
            </param>
          </params>
          <reporter-output>
          </reporter-output>
        </test-method> <!-- getSingleComment -->
        <test-method signature="getSingleComment(int, int, java.lang.String, java.lang.String, java.lang.String)[pri:0, instance:com.commentapi.testcases.TC_003_Get_Single_Comment@3ce1e309]" started-at="2020-05-12T07:08:43Z" name="getSingleComment" data-provider="testData" finished-at="2020-05-12T07:08:45Z" duration-ms="1282" status="PASS">
          <params>
            <param index="0">
              <value>
                <![CDATA[14]]>
              </value>
            </param>
            <param index="1">
              <value>
                <![CDATA[4]]>
              </value>
            </param>
            <param index="2">
              <value>
                <![CDATA[Vincent Pg Rompies AW]]>
              </value>
            </param>
            <param index="3">
              <value>
                <![CDATA[vincentrompies50@gmail.com]]>
              </value>
            </param>
            <param index="4">
              <value>
                <![CDATA[Update BodyBody 20]]>
              </value>
            </param>
          </params>
          <reporter-output>
          </reporter-output>
        </test-method> <!-- getSingleComment -->
        <test-method signature="getSingleComment(int, int, java.lang.String, java.lang.String, java.lang.String)[pri:0, instance:com.commentapi.testcases.TC_003_Get_Single_Comment@3ce1e309]" started-at="2020-05-12T07:08:45Z" name="getSingleComment" data-provider="testData" finished-at="2020-05-12T07:08:46Z" duration-ms="1437" status="PASS">
          <params>
            <param index="0">
              <value>
                <![CDATA[15]]>
              </value>
            </param>
            <param index="1">
              <value>
                <![CDATA[4]]>
              </value>
            </param>
            <param index="2">
              <value>
                <![CDATA[Vincent bk Rompies Im]]>
              </value>
            </param>
            <param index="3">
              <value>
                <![CDATA[vincentrompies54@gmail.com]]>
              </value>
            </param>
            <param index="4">
              <value>
                <![CDATA[Update BodyBody 60]]>
              </value>
            </param>
          </params>
          <reporter-output>
          </reporter-output>
        </test-method> <!-- getSingleComment -->
        <test-method signature="getSingleComment(int, int, java.lang.String, java.lang.String, java.lang.String)[pri:0, instance:com.commentapi.testcases.TC_003_Get_Single_Comment@3ce1e309]" started-at="2020-05-12T07:08:46Z" name="getSingleComment" data-provider="testData" finished-at="2020-05-12T07:08:47Z" duration-ms="1387" status="PASS">
          <params>
            <param index="0">
              <value>
                <![CDATA[16]]>
              </value>
            </param>
            <param index="1">
              <value>
                <![CDATA[4]]>
              </value>
            </param>
            <param index="2">
              <value>
                <![CDATA[Vincent Gw Rompies ri]]>
              </value>
            </param>
            <param index="3">
              <value>
                <![CDATA[vincentrompies36@gmail.com]]>
              </value>
            </param>
            <param index="4">
              <value>
                <![CDATA[Update BodyBody 69]]>
              </value>
            </param>
          </params>
          <reporter-output>
          </reporter-output>
        </test-method> <!-- getSingleComment -->
        <test-method signature="getSingleComment(int, int, java.lang.String, java.lang.String, java.lang.String)[pri:0, instance:com.commentapi.testcases.TC_003_Get_Single_Comment@3ce1e309]" started-at="2020-05-12T07:08:47Z" name="getSingleComment" data-provider="testData" finished-at="2020-05-12T07:08:49Z" duration-ms="1317" status="PASS">
          <params>
            <param index="0">
              <value>
                <![CDATA[17]]>
              </value>
            </param>
            <param index="1">
              <value>
                <![CDATA[4]]>
              </value>
            </param>
            <param index="2">
              <value>
                <![CDATA[Vincent oU Rompies nZ]]>
              </value>
            </param>
            <param index="3">
              <value>
                <![CDATA[vincentrompies30@gmail.com]]>
              </value>
            </param>
            <param index="4">
              <value>
                <![CDATA[Update BodyBody 04]]>
              </value>
            </param>
          </params>
          <reporter-output>
          </reporter-output>
        </test-method> <!-- getSingleComment -->
        <test-method signature="getSingleComment(int, int, java.lang.String, java.lang.String, java.lang.String)[pri:0, instance:com.commentapi.testcases.TC_003_Get_Single_Comment@3ce1e309]" started-at="2020-05-12T07:08:49Z" name="getSingleComment" data-provider="testData" finished-at="2020-05-12T07:08:50Z" duration-ms="1616" status="PASS">
          <params>
            <param index="0">
              <value>
                <![CDATA[18]]>
              </value>
            </param>
            <param index="1">
              <value>
                <![CDATA[4]]>
              </value>
            </param>
            <param index="2">
              <value>
                <![CDATA[Vincent ZN Rompies oN]]>
              </value>
            </param>
            <param index="3">
              <value>
                <![CDATA[vincentrompies68@gmail.com]]>
              </value>
            </param>
            <param index="4">
              <value>
                <![CDATA[Update BodyBody 05]]>
              </value>
            </param>
          </params>
          <reporter-output>
          </reporter-output>
        </test-method> <!-- getSingleComment -->
        <test-method signature="getSingleComment(int, int, java.lang.String, java.lang.String, java.lang.String)[pri:0, instance:com.commentapi.testcases.TC_003_Get_Single_Comment@3ce1e309]" started-at="2020-05-12T07:08:50Z" name="getSingleComment" data-provider="testData" finished-at="2020-05-12T07:08:52Z" duration-ms="1328" status="PASS">
          <params>
            <param index="0">
              <value>
                <![CDATA[19]]>
              </value>
            </param>
            <param index="1">
              <value>
                <![CDATA[4]]>
              </value>
            </param>
            <param index="2">
              <value>
                <![CDATA[Vincent ie Rompies bW]]>
              </value>
            </param>
            <param index="3">
              <value>
                <![CDATA[vincentrompies26@gmail.com]]>
              </value>
            </param>
            <param index="4">
              <value>
                <![CDATA[Update BodyBody 13]]>
              </value>
            </param>
          </params>
          <reporter-output>
          </reporter-output>
        </test-method> <!-- getSingleComment -->
        <test-method is-config="true" signature="tearDown()[pri:0, instance:com.commentapi.testcases.TC_003_Get_Single_Comment@3ce1e309]" started-at="2020-05-12T07:08:52Z" name="tearDown" finished-at="2020-05-12T07:08:52Z" duration-ms="1" status="PASS">
          <reporter-output>
          </reporter-output>
        </test-method> <!-- tearDown -->
      </class> <!-- com.commentapi.testcases.TC_003_Get_Single_Comment -->
      <class name="com.commentapi.testcases.TC_001_Create_Comment">
        <test-method is-config="true" signature="setUp()[pri:0, instance:com.commentapi.testcases.TC_001_Create_Comment@6e20b53a]" started-at="2020-05-12T07:08:05Z" name="setUp" finished-at="2020-05-12T07:08:05Z" duration-ms="31" status="PASS">
          <reporter-output>
          </reporter-output>
        </test-method> <!-- setUp -->
        <test-method is-config="true" signature="createUser()[pri:0, instance:com.commentapi.testcases.TC_001_Create_Comment@6e20b53a]" started-at="2020-05-12T07:08:05Z" name="createUser" finished-at="2020-05-12T07:08:20Z" duration-ms="15517" status="PASS">
          <reporter-output>
          </reporter-output>
        </test-method> <!-- createUser -->
        <test-method is-config="true" signature="createPost()[pri:0, instance:com.commentapi.testcases.TC_001_Create_Comment@6e20b53a]" started-at="2020-05-12T07:08:20Z" name="createPost" finished-at="2020-05-12T07:08:22Z" depends-on-methods="com.commentapi.testcases.TC_001_Create_Comment.createUser" duration-ms="1428" status="PASS">
          <reporter-output>
          </reporter-output>
        </test-method> <!-- createPost -->
        <test-method signature="createComment(int, int, java.lang.String, java.lang.String, java.lang.String)[pri:0, instance:com.commentapi.testcases.TC_001_Create_Comment@6e20b53a]" started-at="2020-05-12T07:08:22Z" name="createComment" data-provider="testData" finished-at="2020-05-12T07:08:23Z" duration-ms="1537" status="PASS">
          <params>
            <param index="0">
              <value>
                <![CDATA[0]]>
              </value>
            </param>
            <param index="1">
              <value>
                <![CDATA[4]]>
              </value>
            </param>
            <param index="2">
              <value>
                <![CDATA[Vincent EH Rompies bQ]]>
              </value>
            </param>
            <param index="3">
              <value>
                <![CDATA[vincentrompies61@gmail.com]]>
              </value>
            </param>
            <param index="4">
              <value>
                <![CDATA[Body 60]]>
              </value>
            </param>
          </params>
          <reporter-output>
          </reporter-output>
        </test-method> <!-- createComment -->
        <test-method signature="createComment(int, int, java.lang.String, java.lang.String, java.lang.String)[pri:0, instance:com.commentapi.testcases.TC_001_Create_Comment@6e20b53a]" started-at="2020-05-12T07:08:23Z" name="createComment" data-provider="testData" finished-at="2020-05-12T07:08:24Z" duration-ms="1422" status="PASS">
          <params>
            <param index="0">
              <value>
                <![CDATA[1]]>
              </value>
            </param>
            <param index="1">
              <value>
                <![CDATA[4]]>
              </value>
            </param>
            <param index="2">
              <value>
                <![CDATA[Vincent PC Rompies mK]]>
              </value>
            </param>
            <param index="3">
              <value>
                <![CDATA[vincentrompies14@gmail.com]]>
              </value>
            </param>
            <param index="4">
              <value>
                <![CDATA[Body 64]]>
              </value>
            </param>
          </params>
          <reporter-output>
          </reporter-output>
        </test-method> <!-- createComment -->
        <test-method signature="createComment(int, int, java.lang.String, java.lang.String, java.lang.String)[pri:0, instance:com.commentapi.testcases.TC_001_Create_Comment@6e20b53a]" started-at="2020-05-12T07:08:24Z" name="createComment" data-provider="testData" finished-at="2020-05-12T07:08:26Z" duration-ms="1453" status="PASS">
          <params>
            <param index="0">
              <value>
                <![CDATA[2]]>
              </value>
            </param>
            <param index="1">
              <value>
                <![CDATA[4]]>
              </value>
            </param>
            <param index="2">
              <value>
                <![CDATA[Vincent AF Rompies ss]]>
              </value>
            </param>
            <param index="3">
              <value>
                <![CDATA[vincentrompies53@gmail.com]]>
              </value>
            </param>
            <param index="4">
              <value>
                <![CDATA[Body 71]]>
              </value>
            </param>
          </params>
          <reporter-output>
          </reporter-output>
        </test-method> <!-- createComment -->
        <test-method signature="createComment(int, int, java.lang.String, java.lang.String, java.lang.String)[pri:0, instance:com.commentapi.testcases.TC_001_Create_Comment@6e20b53a]" started-at="2020-05-12T07:08:26Z" name="createComment" data-provider="testData" finished-at="2020-05-12T07:08:27Z" duration-ms="1453" status="PASS">
          <params>
            <param index="0">
              <value>
                <![CDATA[3]]>
              </value>
            </param>
            <param index="1">
              <value>
                <![CDATA[4]]>
              </value>
            </param>
            <param index="2">
              <value>
                <![CDATA[Vincent Qd Rompies Bt]]>
              </value>
            </param>
            <param index="3">
              <value>
                <![CDATA[vincentrompies92@gmail.com]]>
              </value>
            </param>
            <param index="4">
              <value>
                <![CDATA[Body 85]]>
              </value>
            </param>
          </params>
          <reporter-output>
          </reporter-output>
        </test-method> <!-- createComment -->
        <test-method signature="createComment(int, int, java.lang.String, java.lang.String, java.lang.String)[pri:0, instance:com.commentapi.testcases.TC_001_Create_Comment@6e20b53a]" started-at="2020-05-12T07:08:27Z" name="createComment" data-provider="testData" finished-at="2020-05-12T07:08:29Z" duration-ms="1493" status="PASS">
          <params>
            <param index="0">
              <value>
                <![CDATA[4]]>
              </value>
            </param>
            <param index="1">
              <value>
                <![CDATA[4]]>
              </value>
            </param>
            <param index="2">
              <value>
                <![CDATA[Vincent Pg Rompies AW]]>
              </value>
            </param>
            <param index="3">
              <value>
                <![CDATA[vincentrompies50@gmail.com]]>
              </value>
            </param>
            <param index="4">
              <value>
                <![CDATA[Body 47]]>
              </value>
            </param>
          </params>
          <reporter-output>
          </reporter-output>
        </test-method> <!-- createComment -->
        <test-method signature="createComment(int, int, java.lang.String, java.lang.String, java.lang.String)[pri:0, instance:com.commentapi.testcases.TC_001_Create_Comment@6e20b53a]" started-at="2020-05-12T07:08:29Z" name="createComment" data-provider="testData" finished-at="2020-05-12T07:08:31Z" duration-ms="1650" status="PASS">
          <params>
            <param index="0">
              <value>
                <![CDATA[5]]>
              </value>
            </param>
            <param index="1">
              <value>
                <![CDATA[4]]>
              </value>
            </param>
            <param index="2">
              <value>
                <![CDATA[Vincent bk Rompies Im]]>
              </value>
            </param>
            <param index="3">
              <value>
                <![CDATA[vincentrompies54@gmail.com]]>
              </value>
            </param>
            <param index="4">
              <value>
                <![CDATA[Body 31]]>
              </value>
            </param>
          </params>
          <reporter-output>
          </reporter-output>
        </test-method> <!-- createComment -->
        <test-method signature="createComment(int, int, java.lang.String, java.lang.String, java.lang.String)[pri:0, instance:com.commentapi.testcases.TC_001_Create_Comment@6e20b53a]" started-at="2020-05-12T07:08:31Z" name="createComment" data-provider="testData" finished-at="2020-05-12T07:08:32Z" duration-ms="1499" status="PASS">
          <params>
            <param index="0">
              <value>
                <![CDATA[6]]>
              </value>
            </param>
            <param index="1">
              <value>
                <![CDATA[4]]>
              </value>
            </param>
            <param index="2">
              <value>
                <![CDATA[Vincent Gw Rompies ri]]>
              </value>
            </param>
            <param index="3">
              <value>
                <![CDATA[vincentrompies36@gmail.com]]>
              </value>
            </param>
            <param index="4">
              <value>
                <![CDATA[Body 01]]>
              </value>
            </param>
          </params>
          <reporter-output>
          </reporter-output>
        </test-method> <!-- createComment -->
        <test-method signature="createComment(int, int, java.lang.String, java.lang.String, java.lang.String)[pri:0, instance:com.commentapi.testcases.TC_001_Create_Comment@6e20b53a]" started-at="2020-05-12T07:08:32Z" name="createComment" data-provider="testData" finished-at="2020-05-12T07:08:33Z" duration-ms="1297" status="PASS">
          <params>
            <param index="0">
              <value>
                <![CDATA[7]]>
              </value>
            </param>
            <param index="1">
              <value>
                <![CDATA[4]]>
              </value>
            </param>
            <param index="2">
              <value>
                <![CDATA[Vincent oU Rompies nZ]]>
              </value>
            </param>
            <param index="3">
              <value>
                <![CDATA[vincentrompies30@gmail.com]]>
              </value>
            </param>
            <param index="4">
              <value>
                <![CDATA[Body 39]]>
              </value>
            </param>
          </params>
          <reporter-output>
          </reporter-output>
        </test-method> <!-- createComment -->
        <test-method signature="createComment(int, int, java.lang.String, java.lang.String, java.lang.String)[pri:0, instance:com.commentapi.testcases.TC_001_Create_Comment@6e20b53a]" started-at="2020-05-12T07:08:33Z" name="createComment" data-provider="testData" finished-at="2020-05-12T07:08:35Z" duration-ms="1440" status="PASS">
          <params>
            <param index="0">
              <value>
                <![CDATA[8]]>
              </value>
            </param>
            <param index="1">
              <value>
                <![CDATA[4]]>
              </value>
            </param>
            <param index="2">
              <value>
                <![CDATA[Vincent ZN Rompies oN]]>
              </value>
            </param>
            <param index="3">
              <value>
                <![CDATA[vincentrompies68@gmail.com]]>
              </value>
            </param>
            <param index="4">
              <value>
                <![CDATA[Body 66]]>
              </value>
            </param>
          </params>
          <reporter-output>
          </reporter-output>
        </test-method> <!-- createComment -->
        <test-method signature="createComment(int, int, java.lang.String, java.lang.String, java.lang.String)[pri:0, instance:com.commentapi.testcases.TC_001_Create_Comment@6e20b53a]" started-at="2020-05-12T07:08:35Z" name="createComment" data-provider="testData" finished-at="2020-05-12T07:08:36Z" duration-ms="1170" status="PASS">
          <params>
            <param index="0">
              <value>
                <![CDATA[9]]>
              </value>
            </param>
            <param index="1">
              <value>
                <![CDATA[4]]>
              </value>
            </param>
            <param index="2">
              <value>
                <![CDATA[Vincent ie Rompies bW]]>
              </value>
            </param>
            <param index="3">
              <value>
                <![CDATA[vincentrompies26@gmail.com]]>
              </value>
            </param>
            <param index="4">
              <value>
                <![CDATA[Body 32]]>
              </value>
            </param>
          </params>
          <reporter-output>
          </reporter-output>
        </test-method> <!-- createComment -->
        <test-method is-config="true" signature="tearDown()[pri:0, instance:com.commentapi.testcases.TC_001_Create_Comment@6e20b53a]" started-at="2020-05-12T07:08:36Z" name="tearDown" finished-at="2020-05-12T07:08:36Z" duration-ms="0" status="PASS">
          <reporter-output>
          </reporter-output>
        </test-method> <!-- tearDown -->
      </class> <!-- com.commentapi.testcases.TC_001_Create_Comment -->
      <class name="com.commentapi.testcases.TC_004_Update_Comment">
        <test-method is-config="true" signature="setUp()[pri:0, instance:com.commentapi.testcases.TC_004_Update_Comment@6aba2b86]" started-at="2020-05-12T07:08:52Z" name="setUp" finished-at="2020-05-12T07:08:52Z" duration-ms="1" status="PASS">
          <reporter-output>
          </reporter-output>
        </test-method> <!-- setUp -->
        <test-method signature="updateComment(int, int, java.lang.String, java.lang.String, java.lang.String)[pri:0, instance:com.commentapi.testcases.TC_004_Update_Comment@6aba2b86]" started-at="2020-05-12T07:08:52Z" name="updateComment" data-provider="testData" finished-at="2020-05-12T07:08:54Z" duration-ms="1834" status="PASS">
          <params>
            <param index="0">
              <value>
                <![CDATA[10]]>
              </value>
            </param>
            <param index="1">
              <value>
                <![CDATA[4]]>
              </value>
            </param>
            <param index="2">
              <value>
                <![CDATA[Vincent EH Rompies bQ]]>
              </value>
            </param>
            <param index="3">
              <value>
                <![CDATA[vincentrompies61@gmail.com]]>
              </value>
            </param>
            <param index="4">
              <value>
                <![CDATA[Update BodyBody 94]]>
              </value>
            </param>
          </params>
          <reporter-output>
          </reporter-output>
        </test-method> <!-- updateComment -->
        <test-method signature="updateComment(int, int, java.lang.String, java.lang.String, java.lang.String)[pri:0, instance:com.commentapi.testcases.TC_004_Update_Comment@6aba2b86]" started-at="2020-05-12T07:08:54Z" name="updateComment" data-provider="testData" finished-at="2020-05-12T07:08:55Z" duration-ms="1229" status="PASS">
          <params>
            <param index="0">
              <value>
                <![CDATA[11]]>
              </value>
            </param>
            <param index="1">
              <value>
                <![CDATA[4]]>
              </value>
            </param>
            <param index="2">
              <value>
                <![CDATA[Vincent PC Rompies mK]]>
              </value>
            </param>
            <param index="3">
              <value>
                <![CDATA[vincentrompies14@gmail.com]]>
              </value>
            </param>
            <param index="4">
              <value>
                <![CDATA[Update BodyBody 06]]>
              </value>
            </param>
          </params>
          <reporter-output>
          </reporter-output>
        </test-method> <!-- updateComment -->
        <test-method signature="updateComment(int, int, java.lang.String, java.lang.String, java.lang.String)[pri:0, instance:com.commentapi.testcases.TC_004_Update_Comment@6aba2b86]" started-at="2020-05-12T07:08:55Z" name="updateComment" data-provider="testData" finished-at="2020-05-12T07:08:56Z" duration-ms="1210" status="PASS">
          <params>
            <param index="0">
              <value>
                <![CDATA[12]]>
              </value>
            </param>
            <param index="1">
              <value>
                <![CDATA[4]]>
              </value>
            </param>
            <param index="2">
              <value>
                <![CDATA[Vincent AF Rompies ss]]>
              </value>
            </param>
            <param index="3">
              <value>
                <![CDATA[vincentrompies53@gmail.com]]>
              </value>
            </param>
            <param index="4">
              <value>
                <![CDATA[Update BodyBody 23]]>
              </value>
            </param>
          </params>
          <reporter-output>
          </reporter-output>
        </test-method> <!-- updateComment -->
        <test-method signature="updateComment(int, int, java.lang.String, java.lang.String, java.lang.String)[pri:0, instance:com.commentapi.testcases.TC_004_Update_Comment@6aba2b86]" started-at="2020-05-12T07:08:56Z" name="updateComment" data-provider="testData" finished-at="2020-05-12T07:08:57Z" duration-ms="1240" status="PASS">
          <params>
            <param index="0">
              <value>
                <![CDATA[13]]>
              </value>
            </param>
            <param index="1">
              <value>
                <![CDATA[4]]>
              </value>
            </param>
            <param index="2">
              <value>
                <![CDATA[Vincent Qd Rompies Bt]]>
              </value>
            </param>
            <param index="3">
              <value>
                <![CDATA[vincentrompies92@gmail.com]]>
              </value>
            </param>
            <param index="4">
              <value>
                <![CDATA[Update BodyBody 38]]>
              </value>
            </param>
          </params>
          <reporter-output>
          </reporter-output>
        </test-method> <!-- updateComment -->
        <test-method signature="updateComment(int, int, java.lang.String, java.lang.String, java.lang.String)[pri:0, instance:com.commentapi.testcases.TC_004_Update_Comment@6aba2b86]" started-at="2020-05-12T07:08:57Z" name="updateComment" data-provider="testData" finished-at="2020-05-12T07:08:59Z" duration-ms="1255" status="PASS">
          <params>
            <param index="0">
              <value>
                <![CDATA[14]]>
              </value>
            </param>
            <param index="1">
              <value>
                <![CDATA[4]]>
              </value>
            </param>
            <param index="2">
              <value>
                <![CDATA[Vincent Pg Rompies AW]]>
              </value>
            </param>
            <param index="3">
              <value>
                <![CDATA[vincentrompies50@gmail.com]]>
              </value>
            </param>
            <param index="4">
              <value>
                <![CDATA[Update BodyBody 32]]>
              </value>
            </param>
          </params>
          <reporter-output>
          </reporter-output>
        </test-method> <!-- updateComment -->
        <test-method signature="updateComment(int, int, java.lang.String, java.lang.String, java.lang.String)[pri:0, instance:com.commentapi.testcases.TC_004_Update_Comment@6aba2b86]" started-at="2020-05-12T07:08:59Z" name="updateComment" data-provider="testData" finished-at="2020-05-12T07:09:00Z" duration-ms="1189" status="PASS">
          <params>
            <param index="0">
              <value>
                <![CDATA[15]]>
              </value>
            </param>
            <param index="1">
              <value>
                <![CDATA[4]]>
              </value>
            </param>
            <param index="2">
              <value>
                <![CDATA[Vincent bk Rompies Im]]>
              </value>
            </param>
            <param index="3">
              <value>
                <![CDATA[vincentrompies54@gmail.com]]>
              </value>
            </param>
            <param index="4">
              <value>
                <![CDATA[Update BodyBody 49]]>
              </value>
            </param>
          </params>
          <reporter-output>
          </reporter-output>
        </test-method> <!-- updateComment -->
        <test-method signature="updateComment(int, int, java.lang.String, java.lang.String, java.lang.String)[pri:0, instance:com.commentapi.testcases.TC_004_Update_Comment@6aba2b86]" started-at="2020-05-12T07:09:00Z" name="updateComment" data-provider="testData" finished-at="2020-05-12T07:09:01Z" duration-ms="1251" status="PASS">
          <params>
            <param index="0">
              <value>
                <![CDATA[16]]>
              </value>
            </param>
            <param index="1">
              <value>
                <![CDATA[4]]>
              </value>
            </param>
            <param index="2">
              <value>
                <![CDATA[Vincent Gw Rompies ri]]>
              </value>
            </param>
            <param index="3">
              <value>
                <![CDATA[vincentrompies36@gmail.com]]>
              </value>
            </param>
            <param index="4">
              <value>
                <![CDATA[Update BodyBody 25]]>
              </value>
            </param>
          </params>
          <reporter-output>
          </reporter-output>
        </test-method> <!-- updateComment -->
        <test-method signature="updateComment(int, int, java.lang.String, java.lang.String, java.lang.String)[pri:0, instance:com.commentapi.testcases.TC_004_Update_Comment@6aba2b86]" started-at="2020-05-12T07:09:01Z" name="updateComment" data-provider="testData" finished-at="2020-05-12T07:09:02Z" duration-ms="1257" status="PASS">
          <params>
            <param index="0">
              <value>
                <![CDATA[17]]>
              </value>
            </param>
            <param index="1">
              <value>
                <![CDATA[4]]>
              </value>
            </param>
            <param index="2">
              <value>
                <![CDATA[Vincent oU Rompies nZ]]>
              </value>
            </param>
            <param index="3">
              <value>
                <![CDATA[vincentrompies30@gmail.com]]>
              </value>
            </param>
            <param index="4">
              <value>
                <![CDATA[Update BodyBody 67]]>
              </value>
            </param>
          </params>
          <reporter-output>
          </reporter-output>
        </test-method> <!-- updateComment -->
        <test-method signature="updateComment(int, int, java.lang.String, java.lang.String, java.lang.String)[pri:0, instance:com.commentapi.testcases.TC_004_Update_Comment@6aba2b86]" started-at="2020-05-12T07:09:02Z" name="updateComment" data-provider="testData" finished-at="2020-05-12T07:09:04Z" duration-ms="1908" status="PASS">
          <params>
            <param index="0">
              <value>
                <![CDATA[18]]>
              </value>
            </param>
            <param index="1">
              <value>
                <![CDATA[4]]>
              </value>
            </param>
            <param index="2">
              <value>
                <![CDATA[Vincent ZN Rompies oN]]>
              </value>
            </param>
            <param index="3">
              <value>
                <![CDATA[vincentrompies68@gmail.com]]>
              </value>
            </param>
            <param index="4">
              <value>
                <![CDATA[Update BodyBody 93]]>
              </value>
            </param>
          </params>
          <reporter-output>
          </reporter-output>
        </test-method> <!-- updateComment -->
        <test-method signature="updateComment(int, int, java.lang.String, java.lang.String, java.lang.String)[pri:0, instance:com.commentapi.testcases.TC_004_Update_Comment@6aba2b86]" started-at="2020-05-12T07:09:04Z" name="updateComment" data-provider="testData" finished-at="2020-05-12T07:09:06Z" duration-ms="1441" status="PASS">
          <params>
            <param index="0">
              <value>
                <![CDATA[19]]>
              </value>
            </param>
            <param index="1">
              <value>
                <![CDATA[4]]>
              </value>
            </param>
            <param index="2">
              <value>
                <![CDATA[Vincent ie Rompies bW]]>
              </value>
            </param>
            <param index="3">
              <value>
                <![CDATA[vincentrompies26@gmail.com]]>
              </value>
            </param>
            <param index="4">
              <value>
                <![CDATA[Update BodyBody 22]]>
              </value>
            </param>
          </params>
          <reporter-output>
          </reporter-output>
        </test-method> <!-- updateComment -->
        <test-method is-config="true" signature="tearDown()[pri:0, instance:com.commentapi.testcases.TC_004_Update_Comment@6aba2b86]" started-at="2020-05-12T07:09:06Z" name="tearDown" finished-at="2020-05-12T07:09:06Z" duration-ms="1" status="PASS">
          <reporter-output>
          </reporter-output>
        </test-method> <!-- tearDown -->
      </class> <!-- com.commentapi.testcases.TC_004_Update_Comment -->
      <class name="com.commentapi.testcases.TC_002_Get_All_Comment">
        <test-method is-config="true" signature="setUp()[pri:0, instance:com.commentapi.testcases.TC_002_Get_All_Comment@71809907]" started-at="2020-05-12T07:08:36Z" name="setUp" finished-at="2020-05-12T07:08:36Z" duration-ms="2" status="PASS">
          <reporter-output>
          </reporter-output>
        </test-method> <!-- setUp -->
        <test-method signature="getAllComment()[pri:0, instance:com.commentapi.testcases.TC_002_Get_All_Comment@71809907]" started-at="2020-05-12T07:08:36Z" name="getAllComment" finished-at="2020-05-12T07:08:37Z" duration-ms="1340" status="PASS">
          <reporter-output>
          </reporter-output>
        </test-method> <!-- getAllComment -->
        <test-method is-config="true" signature="tearDown()[pri:0, instance:com.commentapi.testcases.TC_002_Get_All_Comment@71809907]" started-at="2020-05-12T07:08:37Z" name="tearDown" finished-at="2020-05-12T07:08:37Z" duration-ms="0" status="PASS">
          <reporter-output>
          </reporter-output>
        </test-method> <!-- tearDown -->
      </class> <!-- com.commentapi.testcases.TC_002_Get_All_Comment -->
      <class name="com.commentapi.testcases.TC_005_Delete_Comment">
        <test-method is-config="true" signature="setUp()[pri:0, instance:com.commentapi.testcases.TC_005_Delete_Comment@158da8e]" started-at="2020-05-12T07:09:06Z" name="setUp" finished-at="2020-05-12T07:09:06Z" duration-ms="2" status="PASS">
          <reporter-output>
          </reporter-output>
        </test-method> <!-- setUp -->
        <test-method signature="deleteComment(int, int, java.lang.String, java.lang.String, java.lang.String)[pri:0, instance:com.commentapi.testcases.TC_005_Delete_Comment@158da8e]" started-at="2020-05-12T07:09:06Z" name="deleteComment" data-provider="testData" finished-at="2020-05-12T07:09:07Z" duration-ms="1423" status="PASS">
          <params>
            <param index="0">
              <value>
                <![CDATA[10]]>
              </value>
            </param>
            <param index="1">
              <value>
                <![CDATA[4]]>
              </value>
            </param>
            <param index="2">
              <value>
                <![CDATA[Vincent EH Rompies bQ]]>
              </value>
            </param>
            <param index="3">
              <value>
                <![CDATA[vincentrompies61@gmail.com]]>
              </value>
            </param>
            <param index="4">
              <value>
                <![CDATA[Update BodyBody 01]]>
              </value>
            </param>
          </params>
          <reporter-output>
          </reporter-output>
        </test-method> <!-- deleteComment -->
        <test-method signature="deleteComment(int, int, java.lang.String, java.lang.String, java.lang.String)[pri:0, instance:com.commentapi.testcases.TC_005_Delete_Comment@158da8e]" started-at="2020-05-12T07:09:07Z" name="deleteComment" data-provider="testData" finished-at="2020-05-12T07:09:08Z" duration-ms="1289" status="PASS">
          <params>
            <param index="0">
              <value>
                <![CDATA[11]]>
              </value>
            </param>
            <param index="1">
              <value>
                <![CDATA[4]]>
              </value>
            </param>
            <param index="2">
              <value>
                <![CDATA[Vincent PC Rompies mK]]>
              </value>
            </param>
            <param index="3">
              <value>
                <![CDATA[vincentrompies14@gmail.com]]>
              </value>
            </param>
            <param index="4">
              <value>
                <![CDATA[Update BodyBody 08]]>
              </value>
            </param>
          </params>
          <reporter-output>
          </reporter-output>
        </test-method> <!-- deleteComment -->
        <test-method signature="deleteComment(int, int, java.lang.String, java.lang.String, java.lang.String)[pri:0, instance:com.commentapi.testcases.TC_005_Delete_Comment@158da8e]" started-at="2020-05-12T07:09:08Z" name="deleteComment" data-provider="testData" finished-at="2020-05-12T07:09:10Z" duration-ms="1575" status="PASS">
          <params>
            <param index="0">
              <value>
                <![CDATA[12]]>
              </value>
            </param>
            <param index="1">
              <value>
                <![CDATA[4]]>
              </value>
            </param>
            <param index="2">
              <value>
                <![CDATA[Vincent AF Rompies ss]]>
              </value>
            </param>
            <param index="3">
              <value>
                <![CDATA[vincentrompies53@gmail.com]]>
              </value>
            </param>
            <param index="4">
              <value>
                <![CDATA[Update BodyBody 86]]>
              </value>
            </param>
          </params>
          <reporter-output>
          </reporter-output>
        </test-method> <!-- deleteComment -->
        <test-method signature="deleteComment(int, int, java.lang.String, java.lang.String, java.lang.String)[pri:0, instance:com.commentapi.testcases.TC_005_Delete_Comment@158da8e]" started-at="2020-05-12T07:09:10Z" name="deleteComment" data-provider="testData" finished-at="2020-05-12T07:09:12Z" duration-ms="2238" status="PASS">
          <params>
            <param index="0">
              <value>
                <![CDATA[13]]>
              </value>
            </param>
            <param index="1">
              <value>
                <![CDATA[4]]>
              </value>
            </param>
            <param index="2">
              <value>
                <![CDATA[Vincent Qd Rompies Bt]]>
              </value>
            </param>
            <param index="3">
              <value>
                <![CDATA[vincentrompies92@gmail.com]]>
              </value>
            </param>
            <param index="4">
              <value>
                <![CDATA[Update BodyBody 93]]>
              </value>
            </param>
          </params>
          <reporter-output>
          </reporter-output>
        </test-method> <!-- deleteComment -->
        <test-method signature="deleteComment(int, int, java.lang.String, java.lang.String, java.lang.String)[pri:0, instance:com.commentapi.testcases.TC_005_Delete_Comment@158da8e]" started-at="2020-05-12T07:09:12Z" name="deleteComment" data-provider="testData" finished-at="2020-05-12T07:09:14Z" duration-ms="1745" status="PASS">
          <params>
            <param index="0">
              <value>
                <![CDATA[14]]>
              </value>
            </param>
            <param index="1">
              <value>
                <![CDATA[4]]>
              </value>
            </param>
            <param index="2">
              <value>
                <![CDATA[Vincent Pg Rompies AW]]>
              </value>
            </param>
            <param index="3">
              <value>
                <![CDATA[vincentrompies50@gmail.com]]>
              </value>
            </param>
            <param index="4">
              <value>
                <![CDATA[Update BodyBody 66]]>
              </value>
            </param>
          </params>
          <reporter-output>
          </reporter-output>
        </test-method> <!-- deleteComment -->
        <test-method signature="deleteComment(int, int, java.lang.String, java.lang.String, java.lang.String)[pri:0, instance:com.commentapi.testcases.TC_005_Delete_Comment@158da8e]" started-at="2020-05-12T07:09:14Z" name="deleteComment" data-provider="testData" finished-at="2020-05-12T07:09:15Z" duration-ms="1239" status="PASS">
          <params>
            <param index="0">
              <value>
                <![CDATA[15]]>
              </value>
            </param>
            <param index="1">
              <value>
                <![CDATA[4]]>
              </value>
            </param>
            <param index="2">
              <value>
                <![CDATA[Vincent bk Rompies Im]]>
              </value>
            </param>
            <param index="3">
              <value>
                <![CDATA[vincentrompies54@gmail.com]]>
              </value>
            </param>
            <param index="4">
              <value>
                <![CDATA[Update BodyBody 08]]>
              </value>
            </param>
          </params>
          <reporter-output>
          </reporter-output>
        </test-method> <!-- deleteComment -->
        <test-method signature="deleteComment(int, int, java.lang.String, java.lang.String, java.lang.String)[pri:0, instance:com.commentapi.testcases.TC_005_Delete_Comment@158da8e]" started-at="2020-05-12T07:09:15Z" name="deleteComment" data-provider="testData" finished-at="2020-05-12T07:09:16Z" duration-ms="1322" status="PASS">
          <params>
            <param index="0">
              <value>
                <![CDATA[16]]>
              </value>
            </param>
            <param index="1">
              <value>
                <![CDATA[4]]>
              </value>
            </param>
            <param index="2">
              <value>
                <![CDATA[Vincent Gw Rompies ri]]>
              </value>
            </param>
            <param index="3">
              <value>
                <![CDATA[vincentrompies36@gmail.com]]>
              </value>
            </param>
            <param index="4">
              <value>
                <![CDATA[Update BodyBody 78]]>
              </value>
            </param>
          </params>
          <reporter-output>
          </reporter-output>
        </test-method> <!-- deleteComment -->
        <test-method signature="deleteComment(int, int, java.lang.String, java.lang.String, java.lang.String)[pri:0, instance:com.commentapi.testcases.TC_005_Delete_Comment@158da8e]" started-at="2020-05-12T07:09:16Z" name="deleteComment" data-provider="testData" finished-at="2020-05-12T07:09:18Z" duration-ms="1542" status="PASS">
          <params>
            <param index="0">
              <value>
                <![CDATA[17]]>
              </value>
            </param>
            <param index="1">
              <value>
                <![CDATA[4]]>
              </value>
            </param>
            <param index="2">
              <value>
                <![CDATA[Vincent oU Rompies nZ]]>
              </value>
            </param>
            <param index="3">
              <value>
                <![CDATA[vincentrompies30@gmail.com]]>
              </value>
            </param>
            <param index="4">
              <value>
                <![CDATA[Update BodyBody 74]]>
              </value>
            </param>
          </params>
          <reporter-output>
          </reporter-output>
        </test-method> <!-- deleteComment -->
        <test-method signature="deleteComment(int, int, java.lang.String, java.lang.String, java.lang.String)[pri:0, instance:com.commentapi.testcases.TC_005_Delete_Comment@158da8e]" started-at="2020-05-12T07:09:18Z" name="deleteComment" data-provider="testData" finished-at="2020-05-12T07:09:19Z" duration-ms="1352" status="PASS">
          <params>
            <param index="0">
              <value>
                <![CDATA[18]]>
              </value>
            </param>
            <param index="1">
              <value>
                <![CDATA[4]]>
              </value>
            </param>
            <param index="2">
              <value>
                <![CDATA[Vincent ZN Rompies oN]]>
              </value>
            </param>
            <param index="3">
              <value>
                <![CDATA[vincentrompies68@gmail.com]]>
              </value>
            </param>
            <param index="4">
              <value>
                <![CDATA[Update BodyBody 74]]>
              </value>
            </param>
          </params>
          <reporter-output>
          </reporter-output>
        </test-method> <!-- deleteComment -->
        <test-method signature="deleteComment(int, int, java.lang.String, java.lang.String, java.lang.String)[pri:0, instance:com.commentapi.testcases.TC_005_Delete_Comment@158da8e]" started-at="2020-05-12T07:09:19Z" name="deleteComment" data-provider="testData" finished-at="2020-05-12T07:09:21Z" duration-ms="2134" status="PASS">
          <params>
            <param index="0">
              <value>
                <![CDATA[19]]>
              </value>
            </param>
            <param index="1">
              <value>
                <![CDATA[4]]>
              </value>
            </param>
            <param index="2">
              <value>
                <![CDATA[Vincent ie Rompies bW]]>
              </value>
            </param>
            <param index="3">
              <value>
                <![CDATA[vincentrompies26@gmail.com]]>
              </value>
            </param>
            <param index="4">
              <value>
                <![CDATA[Update BodyBody 18]]>
              </value>
            </param>
          </params>
          <reporter-output>
          </reporter-output>
        </test-method> <!-- deleteComment -->
        <test-method is-config="true" signature="tearDown()[pri:0, instance:com.commentapi.testcases.TC_005_Delete_Comment@158da8e]" started-at="2020-05-12T07:09:21Z" name="tearDown" finished-at="2020-05-12T07:09:52Z" duration-ms="30169" status="PASS">
          <reporter-output>
          </reporter-output>
        </test-method> <!-- tearDown -->
      </class> <!-- com.commentapi.testcases.TC_005_Delete_Comment -->
    </test> <!-- EmployeeRestAPITest -->
  </suite> <!-- EmployeesRestAPISuite -->
</testng-results>
