<?xml version="1.0" encoding="UTF-8"?>
<testng-results ignored="0" total="41" passed="41" failed="0" skipped="0">
  <reporter-output>
  </reporter-output>
  <suite started-at="2020-05-04T13:09:07Z" name="EmployeesRestAPISuite" finished-at="2020-05-04T13:11:28Z" duration-ms="140618">
    <groups>
    </groups>
    <test started-at="2020-05-04T13:09:07Z" name="EmployeeRestAPITest" finished-at="2020-05-04T13:11:28Z" duration-ms="140618">
      <class name="com.commentapi.testcases.TC_003_Get_Single_Comment">
        <test-method is-config="true" signature="setUp()[pri:0, instance:com.commentapi.testcases.TC_003_Get_Single_Comment@3ce1e309]" started-at="2020-05-04T13:09:56Z" name="setUp" finished-at="2020-05-04T13:09:56Z" duration-ms="1" status="PASS">
          <reporter-output>
          </reporter-output>
        </test-method> <!-- setUp -->
        <test-method signature="getSingleComment(int, int, java.lang.String, java.lang.String, java.lang.String)[pri:0, instance:com.commentapi.testcases.TC_003_Get_Single_Comment@3ce1e309]" started-at="2020-05-04T13:09:56Z" name="getSingleComment" data-provider="testData" finished-at="2020-05-04T13:09:57Z" duration-ms="1528" status="PASS">
          <params>
            <param index="0">
              <value>
                <![CDATA[10]]>
              </value>
            </param>
            <param index="1">
              <value>
                <![CDATA[4]]>
              </value>
            </param>
            <param index="2">
              <value>
                <![CDATA[Vincent Pq Rompies Pf]]>
              </value>
            </param>
            <param index="3">
              <value>
                <![CDATA[vincentrompies19@gmail.com]]>
              </value>
            </param>
            <param index="4">
              <value>
                <![CDATA[Update BodyBody 30]]>
              </value>
            </param>
          </params>
          <reporter-output>
          </reporter-output>
        </test-method> <!-- getSingleComment -->
        <test-method signature="getSingleComment(int, int, java.lang.String, java.lang.String, java.lang.String)[pri:0, instance:com.commentapi.testcases.TC_003_Get_Single_Comment@3ce1e309]" started-at="2020-05-04T13:09:57Z" name="getSingleComment" data-provider="testData" finished-at="2020-05-04T13:09:59Z" duration-ms="1590" status="PASS">
          <params>
            <param index="0">
              <value>
                <![CDATA[11]]>
              </value>
            </param>
            <param index="1">
              <value>
                <![CDATA[4]]>
              </value>
            </param>
            <param index="2">
              <value>
                <![CDATA[Vincent qK Rompies bP]]>
              </value>
            </param>
            <param index="3">
              <value>
                <![CDATA[vincentrompies66@gmail.com]]>
              </value>
            </param>
            <param index="4">
              <value>
                <![CDATA[Update BodyBody 92]]>
              </value>
            </param>
          </params>
          <reporter-output>
          </reporter-output>
        </test-method> <!-- getSingleComment -->
        <test-method signature="getSingleComment(int, int, java.lang.String, java.lang.String, java.lang.String)[pri:0, instance:com.commentapi.testcases.TC_003_Get_Single_Comment@3ce1e309]" started-at="2020-05-04T13:09:59Z" name="getSingleComment" data-provider="testData" finished-at="2020-05-04T13:10:00Z" duration-ms="1552" status="PASS">
          <params>
            <param index="0">
              <value>
                <![CDATA[12]]>
              </value>
            </param>
            <param index="1">
              <value>
                <![CDATA[4]]>
              </value>
            </param>
            <param index="2">
              <value>
                <![CDATA[Vincent Di Rompies bX]]>
              </value>
            </param>
            <param index="3">
              <value>
                <![CDATA[vincentrompies45@gmail.com]]>
              </value>
            </param>
            <param index="4">
              <value>
                <![CDATA[Update BodyBody 73]]>
              </value>
            </param>
          </params>
          <reporter-output>
          </reporter-output>
        </test-method> <!-- getSingleComment -->
        <test-method signature="getSingleComment(int, int, java.lang.String, java.lang.String, java.lang.String)[pri:0, instance:com.commentapi.testcases.TC_003_Get_Single_Comment@3ce1e309]" started-at="2020-05-04T13:10:00Z" name="getSingleComment" data-provider="testData" finished-at="2020-05-04T13:10:02Z" duration-ms="1806" status="PASS">
          <params>
            <param index="0">
              <value>
                <![CDATA[13]]>
              </value>
            </param>
            <param index="1">
              <value>
                <![CDATA[4]]>
              </value>
            </param>
            <param index="2">
              <value>
                <![CDATA[Vincent eA Rompies Xi]]>
              </value>
            </param>
            <param index="3">
              <value>
                <![CDATA[vincentrompies87@gmail.com]]>
              </value>
            </param>
            <param index="4">
              <value>
                <![CDATA[Update BodyBody 42]]>
              </value>
            </param>
          </params>
          <reporter-output>
          </reporter-output>
        </test-method> <!-- getSingleComment -->
        <test-method signature="getSingleComment(int, int, java.lang.String, java.lang.String, java.lang.String)[pri:0, instance:com.commentapi.testcases.TC_003_Get_Single_Comment@3ce1e309]" started-at="2020-05-04T13:10:02Z" name="getSingleComment" data-provider="testData" finished-at="2020-05-04T13:10:05Z" duration-ms="2316" status="PASS">
          <params>
            <param index="0">
              <value>
                <![CDATA[14]]>
              </value>
            </param>
            <param index="1">
              <value>
                <![CDATA[4]]>
              </value>
            </param>
            <param index="2">
              <value>
                <![CDATA[Vincent TX Rompies Ks]]>
              </value>
            </param>
            <param index="3">
              <value>
                <![CDATA[vincentrompies44@gmail.com]]>
              </value>
            </param>
            <param index="4">
              <value>
                <![CDATA[Update BodyBody 35]]>
              </value>
            </param>
          </params>
          <reporter-output>
          </reporter-output>
        </test-method> <!-- getSingleComment -->
        <test-method signature="getSingleComment(int, int, java.lang.String, java.lang.String, java.lang.String)[pri:0, instance:com.commentapi.testcases.TC_003_Get_Single_Comment@3ce1e309]" started-at="2020-05-04T13:10:05Z" name="getSingleComment" data-provider="testData" finished-at="2020-05-04T13:10:07Z" duration-ms="2008" status="PASS">
          <params>
            <param index="0">
              <value>
                <![CDATA[15]]>
              </value>
            </param>
            <param index="1">
              <value>
                <![CDATA[4]]>
              </value>
            </param>
            <param index="2">
              <value>
                <![CDATA[Vincent wQ Rompies rR]]>
              </value>
            </param>
            <param index="3">
              <value>
                <![CDATA[vincentrompies39@gmail.com]]>
              </value>
            </param>
            <param index="4">
              <value>
                <![CDATA[Update BodyBody 61]]>
              </value>
            </param>
          </params>
          <reporter-output>
          </reporter-output>
        </test-method> <!-- getSingleComment -->
        <test-method signature="getSingleComment(int, int, java.lang.String, java.lang.String, java.lang.String)[pri:0, instance:com.commentapi.testcases.TC_003_Get_Single_Comment@3ce1e309]" started-at="2020-05-04T13:10:07Z" name="getSingleComment" data-provider="testData" finished-at="2020-05-04T13:10:09Z" duration-ms="2189" status="PASS">
          <params>
            <param index="0">
              <value>
                <![CDATA[16]]>
              </value>
            </param>
            <param index="1">
              <value>
                <![CDATA[4]]>
              </value>
            </param>
            <param index="2">
              <value>
                <![CDATA[Vincent Ia Rompies cu]]>
              </value>
            </param>
            <param index="3">
              <value>
                <![CDATA[vincentrompies04@gmail.com]]>
              </value>
            </param>
            <param index="4">
              <value>
                <![CDATA[Update BodyBody 93]]>
              </value>
            </param>
          </params>
          <reporter-output>
          </reporter-output>
        </test-method> <!-- getSingleComment -->
        <test-method signature="getSingleComment(int, int, java.lang.String, java.lang.String, java.lang.String)[pri:0, instance:com.commentapi.testcases.TC_003_Get_Single_Comment@3ce1e309]" started-at="2020-05-04T13:10:09Z" name="getSingleComment" data-provider="testData" finished-at="2020-05-04T13:10:10Z" duration-ms="1651" status="PASS">
          <params>
            <param index="0">
              <value>
                <![CDATA[17]]>
              </value>
            </param>
            <param index="1">
              <value>
                <![CDATA[4]]>
              </value>
            </param>
            <param index="2">
              <value>
                <![CDATA[Vincent EI Rompies BK]]>
              </value>
            </param>
            <param index="3">
              <value>
                <![CDATA[vincentrompies47@gmail.com]]>
              </value>
            </param>
            <param index="4">
              <value>
                <![CDATA[Update BodyBody 76]]>
              </value>
            </param>
          </params>
          <reporter-output>
          </reporter-output>
        </test-method> <!-- getSingleComment -->
        <test-method signature="getSingleComment(int, int, java.lang.String, java.lang.String, java.lang.String)[pri:0, instance:com.commentapi.testcases.TC_003_Get_Single_Comment@3ce1e309]" started-at="2020-05-04T13:10:10Z" name="getSingleComment" data-provider="testData" finished-at="2020-05-04T13:10:13Z" duration-ms="2154" status="PASS">
          <params>
            <param index="0">
              <value>
                <![CDATA[18]]>
              </value>
            </param>
            <param index="1">
              <value>
                <![CDATA[4]]>
              </value>
            </param>
            <param index="2">
              <value>
                <![CDATA[Vincent UU Rompies zw]]>
              </value>
            </param>
            <param index="3">
              <value>
                <![CDATA[vincentrompies58@gmail.com]]>
              </value>
            </param>
            <param index="4">
              <value>
                <![CDATA[Update BodyBody 68]]>
              </value>
            </param>
          </params>
          <reporter-output>
          </reporter-output>
        </test-method> <!-- getSingleComment -->
        <test-method signature="getSingleComment(int, int, java.lang.String, java.lang.String, java.lang.String)[pri:0, instance:com.commentapi.testcases.TC_003_Get_Single_Comment@3ce1e309]" started-at="2020-05-04T13:10:13Z" name="getSingleComment" data-provider="testData" finished-at="2020-05-04T13:10:14Z" duration-ms="1526" status="PASS">
          <params>
            <param index="0">
              <value>
                <![CDATA[19]]>
              </value>
            </param>
            <param index="1">
              <value>
                <![CDATA[4]]>
              </value>
            </param>
            <param index="2">
              <value>
                <![CDATA[Vincent Aj Rompies Xo]]>
              </value>
            </param>
            <param index="3">
              <value>
                <![CDATA[vincentrompies22@gmail.com]]>
              </value>
            </param>
            <param index="4">
              <value>
                <![CDATA[Update BodyBody 60]]>
              </value>
            </param>
          </params>
          <reporter-output>
          </reporter-output>
        </test-method> <!-- getSingleComment -->
        <test-method is-config="true" signature="tearDown()[pri:0, instance:com.commentapi.testcases.TC_003_Get_Single_Comment@3ce1e309]" started-at="2020-05-04T13:10:14Z" name="tearDown" finished-at="2020-05-04T13:10:14Z" duration-ms="0" status="PASS">
          <reporter-output>
          </reporter-output>
        </test-method> <!-- tearDown -->
      </class> <!-- com.commentapi.testcases.TC_003_Get_Single_Comment -->
      <class name="com.commentapi.testcases.TC_001_Create_Comment">
        <test-method is-config="true" signature="setUp()[pri:0, instance:com.commentapi.testcases.TC_001_Create_Comment@6e20b53a]" started-at="2020-05-04T13:09:07Z" name="setUp" finished-at="2020-05-04T13:09:07Z" duration-ms="30" status="PASS">
          <reporter-output>
          </reporter-output>
        </test-method> <!-- setUp -->
        <test-method is-config="true" signature="createUser()[pri:0, instance:com.commentapi.testcases.TC_001_Create_Comment@6e20b53a]" started-at="2020-05-04T13:09:07Z" name="createUser" finished-at="2020-05-04T13:09:32Z" duration-ms="24984" status="PASS">
          <reporter-output>
          </reporter-output>
        </test-method> <!-- createUser -->
        <test-method is-config="true" signature="createPost()[pri:0, instance:com.commentapi.testcases.TC_001_Create_Comment@6e20b53a]" started-at="2020-05-04T13:09:32Z" name="createPost" finished-at="2020-05-04T13:09:35Z" depends-on-methods="com.commentapi.testcases.TC_001_Create_Comment.createUser" duration-ms="2253" status="PASS">
          <reporter-output>
          </reporter-output>
        </test-method> <!-- createPost -->
        <test-method signature="createComment(int, int, java.lang.String, java.lang.String, java.lang.String)[pri:0, instance:com.commentapi.testcases.TC_001_Create_Comment@6e20b53a]" started-at="2020-05-04T13:09:35Z" name="createComment" data-provider="testData" finished-at="2020-05-04T13:09:37Z" duration-ms="2185" status="PASS">
          <params>
            <param index="0">
              <value>
                <![CDATA[0]]>
              </value>
            </param>
            <param index="1">
              <value>
                <![CDATA[4]]>
              </value>
            </param>
            <param index="2">
              <value>
                <![CDATA[Vincent Pq Rompies Pf]]>
              </value>
            </param>
            <param index="3">
              <value>
                <![CDATA[vincentrompies19@gmail.com]]>
              </value>
            </param>
            <param index="4">
              <value>
                <![CDATA[Body 11]]>
              </value>
            </param>
          </params>
          <reporter-output>
          </reporter-output>
        </test-method> <!-- createComment -->
        <test-method signature="createComment(int, int, java.lang.String, java.lang.String, java.lang.String)[pri:0, instance:com.commentapi.testcases.TC_001_Create_Comment@6e20b53a]" started-at="2020-05-04T13:09:37Z" name="createComment" data-provider="testData" finished-at="2020-05-04T13:09:39Z" duration-ms="1998" status="PASS">
          <params>
            <param index="0">
              <value>
                <![CDATA[1]]>
              </value>
            </param>
            <param index="1">
              <value>
                <![CDATA[4]]>
              </value>
            </param>
            <param index="2">
              <value>
                <![CDATA[Vincent qK Rompies bP]]>
              </value>
            </param>
            <param index="3">
              <value>
                <![CDATA[vincentrompies66@gmail.com]]>
              </value>
            </param>
            <param index="4">
              <value>
                <![CDATA[Body 68]]>
              </value>
            </param>
          </params>
          <reporter-output>
          </reporter-output>
        </test-method> <!-- createComment -->
        <test-method signature="createComment(int, int, java.lang.String, java.lang.String, java.lang.String)[pri:0, instance:com.commentapi.testcases.TC_001_Create_Comment@6e20b53a]" started-at="2020-05-04T13:09:39Z" name="createComment" data-provider="testData" finished-at="2020-05-04T13:09:41Z" duration-ms="1955" status="PASS">
          <params>
            <param index="0">
              <value>
                <![CDATA[2]]>
              </value>
            </param>
            <param index="1">
              <value>
                <![CDATA[4]]>
              </value>
            </param>
            <param index="2">
              <value>
                <![CDATA[Vincent Di Rompies bX]]>
              </value>
            </param>
            <param index="3">
              <value>
                <![CDATA[vincentrompies45@gmail.com]]>
              </value>
            </param>
            <param index="4">
              <value>
                <![CDATA[Body 30]]>
              </value>
            </param>
          </params>
          <reporter-output>
          </reporter-output>
        </test-method> <!-- createComment -->
        <test-method signature="createComment(int, int, java.lang.String, java.lang.String, java.lang.String)[pri:0, instance:com.commentapi.testcases.TC_001_Create_Comment@6e20b53a]" started-at="2020-05-04T13:09:41Z" name="createComment" data-provider="testData" finished-at="2020-05-04T13:09:43Z" duration-ms="2078" status="PASS">
          <params>
            <param index="0">
              <value>
                <![CDATA[3]]>
              </value>
            </param>
            <param index="1">
              <value>
                <![CDATA[4]]>
              </value>
            </param>
            <param index="2">
              <value>
                <![CDATA[Vincent eA Rompies Xi]]>
              </value>
            </param>
            <param index="3">
              <value>
                <![CDATA[vincentrompies87@gmail.com]]>
              </value>
            </param>
            <param index="4">
              <value>
                <![CDATA[Body 68]]>
              </value>
            </param>
          </params>
          <reporter-output>
          </reporter-output>
        </test-method> <!-- createComment -->
        <test-method signature="createComment(int, int, java.lang.String, java.lang.String, java.lang.String)[pri:0, instance:com.commentapi.testcases.TC_001_Create_Comment@6e20b53a]" started-at="2020-05-04T13:09:43Z" name="createComment" data-provider="testData" finished-at="2020-05-04T13:09:45Z" duration-ms="2038" status="PASS">
          <params>
            <param index="0">
              <value>
                <![CDATA[4]]>
              </value>
            </param>
            <param index="1">
              <value>
                <![CDATA[4]]>
              </value>
            </param>
            <param index="2">
              <value>
                <![CDATA[Vincent TX Rompies Ks]]>
              </value>
            </param>
            <param index="3">
              <value>
                <![CDATA[vincentrompies44@gmail.com]]>
              </value>
            </param>
            <param index="4">
              <value>
                <![CDATA[Body 00]]>
              </value>
            </param>
          </params>
          <reporter-output>
          </reporter-output>
        </test-method> <!-- createComment -->
        <test-method signature="createComment(int, int, java.lang.String, java.lang.String, java.lang.String)[pri:0, instance:com.commentapi.testcases.TC_001_Create_Comment@6e20b53a]" started-at="2020-05-04T13:09:45Z" name="createComment" data-provider="testData" finished-at="2020-05-04T13:09:47Z" duration-ms="1992" status="PASS">
          <params>
            <param index="0">
              <value>
                <![CDATA[5]]>
              </value>
            </param>
            <param index="1">
              <value>
                <![CDATA[4]]>
              </value>
            </param>
            <param index="2">
              <value>
                <![CDATA[Vincent wQ Rompies rR]]>
              </value>
            </param>
            <param index="3">
              <value>
                <![CDATA[vincentrompies39@gmail.com]]>
              </value>
            </param>
            <param index="4">
              <value>
                <![CDATA[Body 59]]>
              </value>
            </param>
          </params>
          <reporter-output>
          </reporter-output>
        </test-method> <!-- createComment -->
        <test-method signature="createComment(int, int, java.lang.String, java.lang.String, java.lang.String)[pri:0, instance:com.commentapi.testcases.TC_001_Create_Comment@6e20b53a]" started-at="2020-05-04T13:09:47Z" name="createComment" data-provider="testData" finished-at="2020-05-04T13:09:49Z" duration-ms="2473" status="PASS">
          <params>
            <param index="0">
              <value>
                <![CDATA[6]]>
              </value>
            </param>
            <param index="1">
              <value>
                <![CDATA[4]]>
              </value>
            </param>
            <param index="2">
              <value>
                <![CDATA[Vincent Ia Rompies cu]]>
              </value>
            </param>
            <param index="3">
              <value>
                <![CDATA[vincentrompies04@gmail.com]]>
              </value>
            </param>
            <param index="4">
              <value>
                <![CDATA[Body 78]]>
              </value>
            </param>
          </params>
          <reporter-output>
          </reporter-output>
        </test-method> <!-- createComment -->
        <test-method signature="createComment(int, int, java.lang.String, java.lang.String, java.lang.String)[pri:0, instance:com.commentapi.testcases.TC_001_Create_Comment@6e20b53a]" started-at="2020-05-04T13:09:49Z" name="createComment" data-provider="testData" finished-at="2020-05-04T13:09:51Z" duration-ms="1573" status="PASS">
          <params>
            <param index="0">
              <value>
                <![CDATA[7]]>
              </value>
            </param>
            <param index="1">
              <value>
                <![CDATA[4]]>
              </value>
            </param>
            <param index="2">
              <value>
                <![CDATA[Vincent EI Rompies BK]]>
              </value>
            </param>
            <param index="3">
              <value>
                <![CDATA[vincentrompies47@gmail.com]]>
              </value>
            </param>
            <param index="4">
              <value>
                <![CDATA[Body 50]]>
              </value>
            </param>
          </params>
          <reporter-output>
          </reporter-output>
        </test-method> <!-- createComment -->
        <test-method signature="createComment(int, int, java.lang.String, java.lang.String, java.lang.String)[pri:0, instance:com.commentapi.testcases.TC_001_Create_Comment@6e20b53a]" started-at="2020-05-04T13:09:51Z" name="createComment" data-provider="testData" finished-at="2020-05-04T13:09:53Z" duration-ms="1705" status="PASS">
          <params>
            <param index="0">
              <value>
                <![CDATA[8]]>
              </value>
            </param>
            <param index="1">
              <value>
                <![CDATA[4]]>
              </value>
            </param>
            <param index="2">
              <value>
                <![CDATA[Vincent UU Rompies zw]]>
              </value>
            </param>
            <param index="3">
              <value>
                <![CDATA[vincentrompies58@gmail.com]]>
              </value>
            </param>
            <param index="4">
              <value>
                <![CDATA[Body 93]]>
              </value>
            </param>
          </params>
          <reporter-output>
          </reporter-output>
        </test-method> <!-- createComment -->
        <test-method signature="createComment(int, int, java.lang.String, java.lang.String, java.lang.String)[pri:0, instance:com.commentapi.testcases.TC_001_Create_Comment@6e20b53a]" started-at="2020-05-04T13:09:53Z" name="createComment" data-provider="testData" finished-at="2020-05-04T13:09:54Z" duration-ms="1689" status="PASS">
          <params>
            <param index="0">
              <value>
                <![CDATA[9]]>
              </value>
            </param>
            <param index="1">
              <value>
                <![CDATA[4]]>
              </value>
            </param>
            <param index="2">
              <value>
                <![CDATA[Vincent Aj Rompies Xo]]>
              </value>
            </param>
            <param index="3">
              <value>
                <![CDATA[vincentrompies22@gmail.com]]>
              </value>
            </param>
            <param index="4">
              <value>
                <![CDATA[Body 56]]>
              </value>
            </param>
          </params>
          <reporter-output>
          </reporter-output>
        </test-method> <!-- createComment -->
        <test-method is-config="true" signature="tearDown()[pri:0, instance:com.commentapi.testcases.TC_001_Create_Comment@6e20b53a]" started-at="2020-05-04T13:09:54Z" name="tearDown" finished-at="2020-05-04T13:09:54Z" duration-ms="1" status="PASS">
          <reporter-output>
          </reporter-output>
        </test-method> <!-- tearDown -->
      </class> <!-- com.commentapi.testcases.TC_001_Create_Comment -->
      <class name="com.commentapi.testcases.TC_004_Update_Comment">
        <test-method is-config="true" signature="setUp()[pri:0, instance:com.commentapi.testcases.TC_004_Update_Comment@6aba2b86]" started-at="2020-05-04T13:10:14Z" name="setUp" finished-at="2020-05-04T13:10:14Z" duration-ms="2" status="PASS">
          <reporter-output>
          </reporter-output>
        </test-method> <!-- setUp -->
        <test-method signature="updateComment(int, int, java.lang.String, java.lang.String, java.lang.String)[pri:0, instance:com.commentapi.testcases.TC_004_Update_Comment@6aba2b86]" started-at="2020-05-04T13:10:14Z" name="updateComment" data-provider="testData" finished-at="2020-05-04T13:10:16Z" duration-ms="1723" status="PASS">
          <params>
            <param index="0">
              <value>
                <![CDATA[10]]>
              </value>
            </param>
            <param index="1">
              <value>
                <![CDATA[4]]>
              </value>
            </param>
            <param index="2">
              <value>
                <![CDATA[Vincent Pq Rompies Pf]]>
              </value>
            </param>
            <param index="3">
              <value>
                <![CDATA[vincentrompies19@gmail.com]]>
              </value>
            </param>
            <param index="4">
              <value>
                <![CDATA[Update BodyBody 91]]>
              </value>
            </param>
          </params>
          <reporter-output>
          </reporter-output>
        </test-method> <!-- updateComment -->
        <test-method signature="updateComment(int, int, java.lang.String, java.lang.String, java.lang.String)[pri:0, instance:com.commentapi.testcases.TC_004_Update_Comment@6aba2b86]" started-at="2020-05-04T13:10:16Z" name="updateComment" data-provider="testData" finished-at="2020-05-04T13:10:18Z" duration-ms="1765" status="PASS">
          <params>
            <param index="0">
              <value>
                <![CDATA[11]]>
              </value>
            </param>
            <param index="1">
              <value>
                <![CDATA[4]]>
              </value>
            </param>
            <param index="2">
              <value>
                <![CDATA[Vincent qK Rompies bP]]>
              </value>
            </param>
            <param index="3">
              <value>
                <![CDATA[vincentrompies66@gmail.com]]>
              </value>
            </param>
            <param index="4">
              <value>
                <![CDATA[Update BodyBody 36]]>
              </value>
            </param>
          </params>
          <reporter-output>
          </reporter-output>
        </test-method> <!-- updateComment -->
        <test-method signature="updateComment(int, int, java.lang.String, java.lang.String, java.lang.String)[pri:0, instance:com.commentapi.testcases.TC_004_Update_Comment@6aba2b86]" started-at="2020-05-04T13:10:18Z" name="updateComment" data-provider="testData" finished-at="2020-05-04T13:10:19Z" duration-ms="1720" status="PASS">
          <params>
            <param index="0">
              <value>
                <![CDATA[12]]>
              </value>
            </param>
            <param index="1">
              <value>
                <![CDATA[4]]>
              </value>
            </param>
            <param index="2">
              <value>
                <![CDATA[Vincent Di Rompies bX]]>
              </value>
            </param>
            <param index="3">
              <value>
                <![CDATA[vincentrompies45@gmail.com]]>
              </value>
            </param>
            <param index="4">
              <value>
                <![CDATA[Update BodyBody 54]]>
              </value>
            </param>
          </params>
          <reporter-output>
          </reporter-output>
        </test-method> <!-- updateComment -->
        <test-method signature="updateComment(int, int, java.lang.String, java.lang.String, java.lang.String)[pri:0, instance:com.commentapi.testcases.TC_004_Update_Comment@6aba2b86]" started-at="2020-05-04T13:10:19Z" name="updateComment" data-provider="testData" finished-at="2020-05-04T13:10:21Z" duration-ms="1629" status="PASS">
          <params>
            <param index="0">
              <value>
                <![CDATA[13]]>
              </value>
            </param>
            <param index="1">
              <value>
                <![CDATA[4]]>
              </value>
            </param>
            <param index="2">
              <value>
                <![CDATA[Vincent eA Rompies Xi]]>
              </value>
            </param>
            <param index="3">
              <value>
                <![CDATA[vincentrompies87@gmail.com]]>
              </value>
            </param>
            <param index="4">
              <value>
                <![CDATA[Update BodyBody 21]]>
              </value>
            </param>
          </params>
          <reporter-output>
          </reporter-output>
        </test-method> <!-- updateComment -->
        <test-method signature="updateComment(int, int, java.lang.String, java.lang.String, java.lang.String)[pri:0, instance:com.commentapi.testcases.TC_004_Update_Comment@6aba2b86]" started-at="2020-05-04T13:10:21Z" name="updateComment" data-provider="testData" finished-at="2020-05-04T13:10:23Z" duration-ms="1797" status="PASS">
          <params>
            <param index="0">
              <value>
                <![CDATA[14]]>
              </value>
            </param>
            <param index="1">
              <value>
                <![CDATA[4]]>
              </value>
            </param>
            <param index="2">
              <value>
                <![CDATA[Vincent TX Rompies Ks]]>
              </value>
            </param>
            <param index="3">
              <value>
                <![CDATA[vincentrompies44@gmail.com]]>
              </value>
            </param>
            <param index="4">
              <value>
                <![CDATA[Update BodyBody 84]]>
              </value>
            </param>
          </params>
          <reporter-output>
          </reporter-output>
        </test-method> <!-- updateComment -->
        <test-method signature="updateComment(int, int, java.lang.String, java.lang.String, java.lang.String)[pri:0, instance:com.commentapi.testcases.TC_004_Update_Comment@6aba2b86]" started-at="2020-05-04T13:10:23Z" name="updateComment" data-provider="testData" finished-at="2020-05-04T13:10:24Z" duration-ms="1547" status="PASS">
          <params>
            <param index="0">
              <value>
                <![CDATA[15]]>
              </value>
            </param>
            <param index="1">
              <value>
                <![CDATA[4]]>
              </value>
            </param>
            <param index="2">
              <value>
                <![CDATA[Vincent wQ Rompies rR]]>
              </value>
            </param>
            <param index="3">
              <value>
                <![CDATA[vincentrompies39@gmail.com]]>
              </value>
            </param>
            <param index="4">
              <value>
                <![CDATA[Update BodyBody 05]]>
              </value>
            </param>
          </params>
          <reporter-output>
          </reporter-output>
        </test-method> <!-- updateComment -->
        <test-method signature="updateComment(int, int, java.lang.String, java.lang.String, java.lang.String)[pri:0, instance:com.commentapi.testcases.TC_004_Update_Comment@6aba2b86]" started-at="2020-05-04T13:10:24Z" name="updateComment" data-provider="testData" finished-at="2020-05-04T13:10:26Z" duration-ms="1679" status="PASS">
          <params>
            <param index="0">
              <value>
                <![CDATA[16]]>
              </value>
            </param>
            <param index="1">
              <value>
                <![CDATA[4]]>
              </value>
            </param>
            <param index="2">
              <value>
                <![CDATA[Vincent Ia Rompies cu]]>
              </value>
            </param>
            <param index="3">
              <value>
                <![CDATA[vincentrompies04@gmail.com]]>
              </value>
            </param>
            <param index="4">
              <value>
                <![CDATA[Update BodyBody 79]]>
              </value>
            </param>
          </params>
          <reporter-output>
          </reporter-output>
        </test-method> <!-- updateComment -->
        <test-method signature="updateComment(int, int, java.lang.String, java.lang.String, java.lang.String)[pri:0, instance:com.commentapi.testcases.TC_004_Update_Comment@6aba2b86]" started-at="2020-05-04T13:10:26Z" name="updateComment" data-provider="testData" finished-at="2020-05-04T13:10:28Z" duration-ms="1492" status="PASS">
          <params>
            <param index="0">
              <value>
                <![CDATA[17]]>
              </value>
            </param>
            <param index="1">
              <value>
                <![CDATA[4]]>
              </value>
            </param>
            <param index="2">
              <value>
                <![CDATA[Vincent EI Rompies BK]]>
              </value>
            </param>
            <param index="3">
              <value>
                <![CDATA[vincentrompies47@gmail.com]]>
              </value>
            </param>
            <param index="4">
              <value>
                <![CDATA[Update BodyBody 41]]>
              </value>
            </param>
          </params>
          <reporter-output>
          </reporter-output>
        </test-method> <!-- updateComment -->
        <test-method signature="updateComment(int, int, java.lang.String, java.lang.String, java.lang.String)[pri:0, instance:com.commentapi.testcases.TC_004_Update_Comment@6aba2b86]" started-at="2020-05-04T13:10:28Z" name="updateComment" data-provider="testData" finished-at="2020-05-04T13:10:29Z" duration-ms="1595" status="PASS">
          <params>
            <param index="0">
              <value>
                <![CDATA[18]]>
              </value>
            </param>
            <param index="1">
              <value>
                <![CDATA[4]]>
              </value>
            </param>
            <param index="2">
              <value>
                <![CDATA[Vincent UU Rompies zw]]>
              </value>
            </param>
            <param index="3">
              <value>
                <![CDATA[vincentrompies58@gmail.com]]>
              </value>
            </param>
            <param index="4">
              <value>
                <![CDATA[Update BodyBody 92]]>
              </value>
            </param>
          </params>
          <reporter-output>
          </reporter-output>
        </test-method> <!-- updateComment -->
        <test-method signature="updateComment(int, int, java.lang.String, java.lang.String, java.lang.String)[pri:0, instance:com.commentapi.testcases.TC_004_Update_Comment@6aba2b86]" started-at="2020-05-04T13:10:29Z" name="updateComment" data-provider="testData" finished-at="2020-05-04T13:10:31Z" duration-ms="1713" status="PASS">
          <params>
            <param index="0">
              <value>
                <![CDATA[19]]>
              </value>
            </param>
            <param index="1">
              <value>
                <![CDATA[4]]>
              </value>
            </param>
            <param index="2">
              <value>
                <![CDATA[Vincent Aj Rompies Xo]]>
              </value>
            </param>
            <param index="3">
              <value>
                <![CDATA[vincentrompies22@gmail.com]]>
              </value>
            </param>
            <param index="4">
              <value>
                <![CDATA[Update BodyBody 73]]>
              </value>
            </param>
          </params>
          <reporter-output>
          </reporter-output>
        </test-method> <!-- updateComment -->
        <test-method is-config="true" signature="tearDown()[pri:0, instance:com.commentapi.testcases.TC_004_Update_Comment@6aba2b86]" started-at="2020-05-04T13:10:31Z" name="tearDown" finished-at="2020-05-04T13:10:31Z" duration-ms="0" status="PASS">
          <reporter-output>
          </reporter-output>
        </test-method> <!-- tearDown -->
      </class> <!-- com.commentapi.testcases.TC_004_Update_Comment -->
      <class name="com.commentapi.testcases.TC_002_Get_All_Comment">
        <test-method is-config="true" signature="setUp()[pri:0, instance:com.commentapi.testcases.TC_002_Get_All_Comment@71809907]" started-at="2020-05-04T13:09:54Z" name="setUp" finished-at="2020-05-04T13:09:54Z" duration-ms="2" status="PASS">
          <reporter-output>
          </reporter-output>
        </test-method> <!-- setUp -->
        <test-method signature="getAllComment()[pri:0, instance:com.commentapi.testcases.TC_002_Get_All_Comment@71809907]" started-at="2020-05-04T13:09:54Z" name="getAllComment" finished-at="2020-05-04T13:09:56Z" duration-ms="1585" status="PASS">
          <reporter-output>
          </reporter-output>
        </test-method> <!-- getAllComment -->
        <test-method is-config="true" signature="tearDown()[pri:0, instance:com.commentapi.testcases.TC_002_Get_All_Comment@71809907]" started-at="2020-05-04T13:09:56Z" name="tearDown" finished-at="2020-05-04T13:09:56Z" duration-ms="0" status="PASS">
          <reporter-output>
          </reporter-output>
        </test-method> <!-- tearDown -->
      </class> <!-- com.commentapi.testcases.TC_002_Get_All_Comment -->
      <class name="com.commentapi.testcases.TC_005_Delete_Comment">
        <test-method is-config="true" signature="setUp()[pri:0, instance:com.commentapi.testcases.TC_005_Delete_Comment@158da8e]" started-at="2020-05-04T13:10:31Z" name="setUp" finished-at="2020-05-04T13:10:31Z" duration-ms="3" status="PASS">
          <reporter-output>
          </reporter-output>
        </test-method> <!-- setUp -->
        <test-method signature="deleteComment(int, int, java.lang.String, java.lang.String, java.lang.String)[pri:0, instance:com.commentapi.testcases.TC_005_Delete_Comment@158da8e]" started-at="2020-05-04T13:10:31Z" name="deleteComment" data-provider="testData" finished-at="2020-05-04T13:10:32Z" duration-ms="1603" status="PASS">
          <params>
            <param index="0">
              <value>
                <![CDATA[10]]>
              </value>
            </param>
            <param index="1">
              <value>
                <![CDATA[4]]>
              </value>
            </param>
            <param index="2">
              <value>
                <![CDATA[Vincent Pq Rompies Pf]]>
              </value>
            </param>
            <param index="3">
              <value>
                <![CDATA[vincentrompies19@gmail.com]]>
              </value>
            </param>
            <param index="4">
              <value>
                <![CDATA[Update BodyBody 76]]>
              </value>
            </param>
          </params>
          <reporter-output>
          </reporter-output>
        </test-method> <!-- deleteComment -->
        <test-method signature="deleteComment(int, int, java.lang.String, java.lang.String, java.lang.String)[pri:0, instance:com.commentapi.testcases.TC_005_Delete_Comment@158da8e]" started-at="2020-05-04T13:10:32Z" name="deleteComment" data-provider="testData" finished-at="2020-05-04T13:10:34Z" duration-ms="1652" status="PASS">
          <params>
            <param index="0">
              <value>
                <![CDATA[11]]>
              </value>
            </param>
            <param index="1">
              <value>
                <![CDATA[4]]>
              </value>
            </param>
            <param index="2">
              <value>
                <![CDATA[Vincent qK Rompies bP]]>
              </value>
            </param>
            <param index="3">
              <value>
                <![CDATA[vincentrompies66@gmail.com]]>
              </value>
            </param>
            <param index="4">
              <value>
                <![CDATA[Update BodyBody 80]]>
              </value>
            </param>
          </params>
          <reporter-output>
          </reporter-output>
        </test-method> <!-- deleteComment -->
        <test-method signature="deleteComment(int, int, java.lang.String, java.lang.String, java.lang.String)[pri:0, instance:com.commentapi.testcases.TC_005_Delete_Comment@158da8e]" started-at="2020-05-04T13:10:34Z" name="deleteComment" data-provider="testData" finished-at="2020-05-04T13:10:36Z" duration-ms="1768" status="PASS">
          <params>
            <param index="0">
              <value>
                <![CDATA[12]]>
              </value>
            </param>
            <param index="1">
              <value>
                <![CDATA[4]]>
              </value>
            </param>
            <param index="2">
              <value>
                <![CDATA[Vincent Di Rompies bX]]>
              </value>
            </param>
            <param index="3">
              <value>
                <![CDATA[vincentrompies45@gmail.com]]>
              </value>
            </param>
            <param index="4">
              <value>
                <![CDATA[Update BodyBody 17]]>
              </value>
            </param>
          </params>
          <reporter-output>
          </reporter-output>
        </test-method> <!-- deleteComment -->
        <test-method signature="deleteComment(int, int, java.lang.String, java.lang.String, java.lang.String)[pri:0, instance:com.commentapi.testcases.TC_005_Delete_Comment@158da8e]" started-at="2020-05-04T13:10:36Z" name="deleteComment" data-provider="testData" finished-at="2020-05-04T13:10:38Z" duration-ms="2050" status="PASS">
          <params>
            <param index="0">
              <value>
                <![CDATA[13]]>
              </value>
            </param>
            <param index="1">
              <value>
                <![CDATA[4]]>
              </value>
            </param>
            <param index="2">
              <value>
                <![CDATA[Vincent eA Rompies Xi]]>
              </value>
            </param>
            <param index="3">
              <value>
                <![CDATA[vincentrompies87@gmail.com]]>
              </value>
            </param>
            <param index="4">
              <value>
                <![CDATA[Update BodyBody 59]]>
              </value>
            </param>
          </params>
          <reporter-output>
          </reporter-output>
        </test-method> <!-- deleteComment -->
        <test-method signature="deleteComment(int, int, java.lang.String, java.lang.String, java.lang.String)[pri:0, instance:com.commentapi.testcases.TC_005_Delete_Comment@158da8e]" started-at="2020-05-04T13:10:38Z" name="deleteComment" data-provider="testData" finished-at="2020-05-04T13:10:40Z" duration-ms="1753" status="PASS">
          <params>
            <param index="0">
              <value>
                <![CDATA[14]]>
              </value>
            </param>
            <param index="1">
              <value>
                <![CDATA[4]]>
              </value>
            </param>
            <param index="2">
              <value>
                <![CDATA[Vincent TX Rompies Ks]]>
              </value>
            </param>
            <param index="3">
              <value>
                <![CDATA[vincentrompies44@gmail.com]]>
              </value>
            </param>
            <param index="4">
              <value>
                <![CDATA[Update BodyBody 42]]>
              </value>
            </param>
          </params>
          <reporter-output>
          </reporter-output>
        </test-method> <!-- deleteComment -->
        <test-method signature="deleteComment(int, int, java.lang.String, java.lang.String, java.lang.String)[pri:0, instance:com.commentapi.testcases.TC_005_Delete_Comment@158da8e]" started-at="2020-05-04T13:10:40Z" name="deleteComment" data-provider="testData" finished-at="2020-05-04T13:10:41Z" duration-ms="1537" status="PASS">
          <params>
            <param index="0">
              <value>
                <![CDATA[15]]>
              </value>
            </param>
            <param index="1">
              <value>
                <![CDATA[4]]>
              </value>
            </param>
            <param index="2">
              <value>
                <![CDATA[Vincent wQ Rompies rR]]>
              </value>
            </param>
            <param index="3">
              <value>
                <![CDATA[vincentrompies39@gmail.com]]>
              </value>
            </param>
            <param index="4">
              <value>
                <![CDATA[Update BodyBody 50]]>
              </value>
            </param>
          </params>
          <reporter-output>
          </reporter-output>
        </test-method> <!-- deleteComment -->
        <test-method signature="deleteComment(int, int, java.lang.String, java.lang.String, java.lang.String)[pri:0, instance:com.commentapi.testcases.TC_005_Delete_Comment@158da8e]" started-at="2020-05-04T13:10:41Z" name="deleteComment" data-provider="testData" finished-at="2020-05-04T13:10:44Z" duration-ms="2441" status="PASS">
          <params>
            <param index="0">
              <value>
                <![CDATA[16]]>
              </value>
            </param>
            <param index="1">
              <value>
                <![CDATA[4]]>
              </value>
            </param>
            <param index="2">
              <value>
                <![CDATA[Vincent Ia Rompies cu]]>
              </value>
            </param>
            <param index="3">
              <value>
                <![CDATA[vincentrompies04@gmail.com]]>
              </value>
            </param>
            <param index="4">
              <value>
                <![CDATA[Update BodyBody 25]]>
              </value>
            </param>
          </params>
          <reporter-output>
          </reporter-output>
        </test-method> <!-- deleteComment -->
        <test-method signature="deleteComment(int, int, java.lang.String, java.lang.String, java.lang.String)[pri:0, instance:com.commentapi.testcases.TC_005_Delete_Comment@158da8e]" started-at="2020-05-04T13:10:44Z" name="deleteComment" data-provider="testData" finished-at="2020-05-04T13:10:45Z" duration-ms="1608" status="PASS">
          <params>
            <param index="0">
              <value>
                <![CDATA[17]]>
              </value>
            </param>
            <param index="1">
              <value>
                <![CDATA[4]]>
              </value>
            </param>
            <param index="2">
              <value>
                <![CDATA[Vincent EI Rompies BK]]>
              </value>
            </param>
            <param index="3">
              <value>
                <![CDATA[vincentrompies47@gmail.com]]>
              </value>
            </param>
            <param index="4">
              <value>
                <![CDATA[Update BodyBody 07]]>
              </value>
            </param>
          </params>
          <reporter-output>
          </reporter-output>
        </test-method> <!-- deleteComment -->
        <test-method signature="deleteComment(int, int, java.lang.String, java.lang.String, java.lang.String)[pri:0, instance:com.commentapi.testcases.TC_005_Delete_Comment@158da8e]" started-at="2020-05-04T13:10:45Z" name="deleteComment" data-provider="testData" finished-at="2020-05-04T13:10:47Z" duration-ms="1522" status="PASS">
          <params>
            <param index="0">
              <value>
                <![CDATA[18]]>
              </value>
            </param>
            <param index="1">
              <value>
                <![CDATA[4]]>
              </value>
            </param>
            <param index="2">
              <value>
                <![CDATA[Vincent UU Rompies zw]]>
              </value>
            </param>
            <param index="3">
              <value>
                <![CDATA[vincentrompies58@gmail.com]]>
              </value>
            </param>
            <param index="4">
              <value>
                <![CDATA[Update BodyBody 43]]>
              </value>
            </param>
          </params>
          <reporter-output>
          </reporter-output>
        </test-method> <!-- deleteComment -->
        <test-method signature="deleteComment(int, int, java.lang.String, java.lang.String, java.lang.String)[pri:0, instance:com.commentapi.testcases.TC_005_Delete_Comment@158da8e]" started-at="2020-05-04T13:10:47Z" name="deleteComment" data-provider="testData" finished-at="2020-05-04T13:10:48Z" duration-ms="1547" status="PASS">
          <params>
            <param index="0">
              <value>
                <![CDATA[19]]>
              </value>
            </param>
            <param index="1">
              <value>
                <![CDATA[4]]>
              </value>
            </param>
            <param index="2">
              <value>
                <![CDATA[Vincent Aj Rompies Xo]]>
              </value>
            </param>
            <param index="3">
              <value>
                <![CDATA[vincentrompies22@gmail.com]]>
              </value>
            </param>
            <param index="4">
              <value>
                <![CDATA[Update BodyBody 35]]>
              </value>
            </param>
          </params>
          <reporter-output>
          </reporter-output>
        </test-method> <!-- deleteComment -->
        <test-method is-config="true" signature="tearDown()[pri:0, instance:com.commentapi.testcases.TC_005_Delete_Comment@158da8e]" started-at="2020-05-04T13:10:48Z" name="tearDown" finished-at="2020-05-04T13:11:28Z" duration-ms="39370" status="PASS">
          <reporter-output>
          </reporter-output>
        </test-method> <!-- tearDown -->
      </class> <!-- com.commentapi.testcases.TC_005_Delete_Comment -->
    </test> <!-- EmployeeRestAPITest -->
  </suite> <!-- EmployeesRestAPISuite -->
</testng-results>
