<?xml version="1.0" encoding="UTF-8"?>
<testng-results ignored="0" total="41" passed="41" failed="0" skipped="0">
  <reporter-output>
  </reporter-output>
  <suite started-at="2020-04-30T15:07:41 WIB" name="EmployeesRestAPISuite" finished-at="2020-04-30T15:10:43 WIB" duration-ms="182512">
    <groups>
    </groups>
    <test started-at="2020-04-30T15:07:41 WIB" name="EmployeeRestAPITest" finished-at="2020-04-30T15:10:43 WIB" duration-ms="182512">
      <class name="com.commentapi.testcases.TC_001_Create_Comment">
        <test-method is-config="true" signature="setUp()[pri:0, instance:com.commentapi.testcases.TC_001_Create_Comment@140c9f39]" started-at="2020-04-30T15:07:41 WIB" name="setUp" finished-at="2020-04-30T15:07:41 WIB" duration-ms="26" status="PASS">
          <reporter-output>
          </reporter-output>
        </test-method> <!-- setUp -->
        <test-method is-config="true" signature="createUser()[pri:0, instance:com.commentapi.testcases.TC_001_Create_Comment@140c9f39]" started-at="2020-04-30T15:07:41 WIB" name="createUser" finished-at="2020-04-30T15:08:05 WIB" duration-ms="24232" status="PASS">
          <reporter-output>
          </reporter-output>
        </test-method> <!-- createUser -->
        <test-method is-config="true" signature="createPost()[pri:0, instance:com.commentapi.testcases.TC_001_Create_Comment@140c9f39]" started-at="2020-04-30T15:08:05 WIB" name="createPost" finished-at="2020-04-30T15:08:08 WIB" depends-on-methods="com.commentapi.testcases.TC_001_Create_Comment.createUser" duration-ms="2557" status="PASS">
          <reporter-output>
          </reporter-output>
        </test-method> <!-- createPost -->
        <test-method signature="createComment(int, int, java.lang.String, java.lang.String, java.lang.String)[pri:0, instance:com.commentapi.testcases.TC_001_Create_Comment@140c9f39]" started-at="2020-04-30T15:08:08 WIB" name="createComment" data-provider="testData" finished-at="2020-04-30T15:08:10 WIB" duration-ms="2562" status="PASS">
          <params>
            <param index="0">
              <value>
                <![CDATA[0]]>
              </value>
            </param>
            <param index="1">
              <value>
                <![CDATA[3]]>
              </value>
            </param>
            <param index="2">
              <value>
                <![CDATA[Vincent hN Rompies ME]]>
              </value>
            </param>
            <param index="3">
              <value>
                <![CDATA[vincentrompies08@gmail.com]]>
              </value>
            </param>
            <param index="4">
              <value>
                <![CDATA[Body 09]]>
              </value>
            </param>
          </params>
          <reporter-output>
          </reporter-output>
        </test-method> <!-- createComment -->
        <test-method signature="createComment(int, int, java.lang.String, java.lang.String, java.lang.String)[pri:0, instance:com.commentapi.testcases.TC_001_Create_Comment@140c9f39]" started-at="2020-04-30T15:08:10 WIB" name="createComment" data-provider="testData" finished-at="2020-04-30T15:08:14 WIB" duration-ms="3797" status="PASS">
          <params>
            <param index="0">
              <value>
                <![CDATA[1]]>
              </value>
            </param>
            <param index="1">
              <value>
                <![CDATA[3]]>
              </value>
            </param>
            <param index="2">
              <value>
                <![CDATA[Vincent GX Rompies Ly]]>
              </value>
            </param>
            <param index="3">
              <value>
                <![CDATA[vincentrompies99@gmail.com]]>
              </value>
            </param>
            <param index="4">
              <value>
                <![CDATA[Body 22]]>
              </value>
            </param>
          </params>
          <reporter-output>
          </reporter-output>
        </test-method> <!-- createComment -->
        <test-method signature="createComment(int, int, java.lang.String, java.lang.String, java.lang.String)[pri:0, instance:com.commentapi.testcases.TC_001_Create_Comment@140c9f39]" started-at="2020-04-30T15:08:14 WIB" name="createComment" data-provider="testData" finished-at="2020-04-30T15:08:16 WIB" duration-ms="1588" status="PASS">
          <params>
            <param index="0">
              <value>
                <![CDATA[2]]>
              </value>
            </param>
            <param index="1">
              <value>
                <![CDATA[3]]>
              </value>
            </param>
            <param index="2">
              <value>
                <![CDATA[Vincent hI Rompies AP]]>
              </value>
            </param>
            <param index="3">
              <value>
                <![CDATA[vincentrompies21@gmail.com]]>
              </value>
            </param>
            <param index="4">
              <value>
                <![CDATA[Body 91]]>
              </value>
            </param>
          </params>
          <reporter-output>
          </reporter-output>
        </test-method> <!-- createComment -->
        <test-method signature="createComment(int, int, java.lang.String, java.lang.String, java.lang.String)[pri:0, instance:com.commentapi.testcases.TC_001_Create_Comment@140c9f39]" started-at="2020-04-30T15:08:16 WIB" name="createComment" data-provider="testData" finished-at="2020-04-30T15:08:19 WIB" duration-ms="2870" status="PASS">
          <params>
            <param index="0">
              <value>
                <![CDATA[3]]>
              </value>
            </param>
            <param index="1">
              <value>
                <![CDATA[3]]>
              </value>
            </param>
            <param index="2">
              <value>
                <![CDATA[Vincent yz Rompies iZ]]>
              </value>
            </param>
            <param index="3">
              <value>
                <![CDATA[vincentrompies47@gmail.com]]>
              </value>
            </param>
            <param index="4">
              <value>
                <![CDATA[Body 64]]>
              </value>
            </param>
          </params>
          <reporter-output>
          </reporter-output>
        </test-method> <!-- createComment -->
        <test-method signature="createComment(int, int, java.lang.String, java.lang.String, java.lang.String)[pri:0, instance:com.commentapi.testcases.TC_001_Create_Comment@140c9f39]" started-at="2020-04-30T15:08:19 WIB" name="createComment" data-provider="testData" finished-at="2020-04-30T15:08:22 WIB" duration-ms="3176" status="PASS">
          <params>
            <param index="0">
              <value>
                <![CDATA[4]]>
              </value>
            </param>
            <param index="1">
              <value>
                <![CDATA[3]]>
              </value>
            </param>
            <param index="2">
              <value>
                <![CDATA[Vincent bd Rompies VA]]>
              </value>
            </param>
            <param index="3">
              <value>
                <![CDATA[vincentrompies39@gmail.com]]>
              </value>
            </param>
            <param index="4">
              <value>
                <![CDATA[Body 44]]>
              </value>
            </param>
          </params>
          <reporter-output>
          </reporter-output>
        </test-method> <!-- createComment -->
        <test-method signature="createComment(int, int, java.lang.String, java.lang.String, java.lang.String)[pri:0, instance:com.commentapi.testcases.TC_001_Create_Comment@140c9f39]" started-at="2020-04-30T15:08:22 WIB" name="createComment" data-provider="testData" finished-at="2020-04-30T15:08:25 WIB" duration-ms="2655" status="PASS">
          <params>
            <param index="0">
              <value>
                <![CDATA[5]]>
              </value>
            </param>
            <param index="1">
              <value>
                <![CDATA[3]]>
              </value>
            </param>
            <param index="2">
              <value>
                <![CDATA[Vincent MB Rompies FO]]>
              </value>
            </param>
            <param index="3">
              <value>
                <![CDATA[vincentrompies34@gmail.com]]>
              </value>
            </param>
            <param index="4">
              <value>
                <![CDATA[Body 72]]>
              </value>
            </param>
          </params>
          <reporter-output>
          </reporter-output>
        </test-method> <!-- createComment -->
        <test-method signature="createComment(int, int, java.lang.String, java.lang.String, java.lang.String)[pri:0, instance:com.commentapi.testcases.TC_001_Create_Comment@140c9f39]" started-at="2020-04-30T15:08:25 WIB" name="createComment" data-provider="testData" finished-at="2020-04-30T15:08:27 WIB" duration-ms="2224" status="PASS">
          <params>
            <param index="0">
              <value>
                <![CDATA[6]]>
              </value>
            </param>
            <param index="1">
              <value>
                <![CDATA[3]]>
              </value>
            </param>
            <param index="2">
              <value>
                <![CDATA[Vincent Va Rompies on]]>
              </value>
            </param>
            <param index="3">
              <value>
                <![CDATA[vincentrompies11@gmail.com]]>
              </value>
            </param>
            <param index="4">
              <value>
                <![CDATA[Body 55]]>
              </value>
            </param>
          </params>
          <reporter-output>
          </reporter-output>
        </test-method> <!-- createComment -->
        <test-method signature="createComment(int, int, java.lang.String, java.lang.String, java.lang.String)[pri:0, instance:com.commentapi.testcases.TC_001_Create_Comment@140c9f39]" started-at="2020-04-30T15:08:27 WIB" name="createComment" data-provider="testData" finished-at="2020-04-30T15:08:29 WIB" duration-ms="2211" status="PASS">
          <params>
            <param index="0">
              <value>
                <![CDATA[7]]>
              </value>
            </param>
            <param index="1">
              <value>
                <![CDATA[3]]>
              </value>
            </param>
            <param index="2">
              <value>
                <![CDATA[Vincent MR Rompies oo]]>
              </value>
            </param>
            <param index="3">
              <value>
                <![CDATA[vincentrompies36@gmail.com]]>
              </value>
            </param>
            <param index="4">
              <value>
                <![CDATA[Body 27]]>
              </value>
            </param>
          </params>
          <reporter-output>
          </reporter-output>
        </test-method> <!-- createComment -->
        <test-method signature="createComment(int, int, java.lang.String, java.lang.String, java.lang.String)[pri:0, instance:com.commentapi.testcases.TC_001_Create_Comment@140c9f39]" started-at="2020-04-30T15:08:29 WIB" name="createComment" data-provider="testData" finished-at="2020-04-30T15:08:32 WIB" duration-ms="2549" status="PASS">
          <params>
            <param index="0">
              <value>
                <![CDATA[8]]>
              </value>
            </param>
            <param index="1">
              <value>
                <![CDATA[3]]>
              </value>
            </param>
            <param index="2">
              <value>
                <![CDATA[Vincent cf Rompies oH]]>
              </value>
            </param>
            <param index="3">
              <value>
                <![CDATA[vincentrompies67@gmail.com]]>
              </value>
            </param>
            <param index="4">
              <value>
                <![CDATA[Body 94]]>
              </value>
            </param>
          </params>
          <reporter-output>
          </reporter-output>
        </test-method> <!-- createComment -->
        <test-method signature="createComment(int, int, java.lang.String, java.lang.String, java.lang.String)[pri:0, instance:com.commentapi.testcases.TC_001_Create_Comment@140c9f39]" started-at="2020-04-30T15:08:32 WIB" name="createComment" data-provider="testData" finished-at="2020-04-30T15:08:34 WIB" duration-ms="2327" status="PASS">
          <params>
            <param index="0">
              <value>
                <![CDATA[9]]>
              </value>
            </param>
            <param index="1">
              <value>
                <![CDATA[3]]>
              </value>
            </param>
            <param index="2">
              <value>
                <![CDATA[Vincent cg Rompies Yl]]>
              </value>
            </param>
            <param index="3">
              <value>
                <![CDATA[vincentrompies83@gmail.com]]>
              </value>
            </param>
            <param index="4">
              <value>
                <![CDATA[Body 18]]>
              </value>
            </param>
          </params>
          <reporter-output>
          </reporter-output>
        </test-method> <!-- createComment -->
        <test-method is-config="true" signature="tearDown()[pri:0, instance:com.commentapi.testcases.TC_001_Create_Comment@140c9f39]" started-at="2020-04-30T15:08:34 WIB" name="tearDown" finished-at="2020-04-30T15:08:34 WIB" duration-ms="1" status="PASS">
          <reporter-output>
          </reporter-output>
        </test-method> <!-- tearDown -->
      </class> <!-- com.commentapi.testcases.TC_001_Create_Comment -->
      <class name="com.commentapi.testcases.TC_003_Get_Single_Comment">
        <test-method is-config="true" signature="setUp()[pri:0, instance:com.commentapi.testcases.TC_003_Get_Single_Comment@26275bef]" started-at="2020-04-30T15:08:36 WIB" name="setUp" finished-at="2020-04-30T15:08:36 WIB" duration-ms="1" status="PASS">
          <reporter-output>
          </reporter-output>
        </test-method> <!-- setUp -->
        <test-method signature="getSingleComment(int, int, java.lang.String, java.lang.String, java.lang.String)[pri:0, instance:com.commentapi.testcases.TC_003_Get_Single_Comment@26275bef]" started-at="2020-04-30T15:08:36 WIB" name="getSingleComment" data-provider="testData" finished-at="2020-04-30T15:08:39 WIB" duration-ms="2813" status="PASS">
          <params>
            <param index="0">
              <value>
                <![CDATA[1]]>
              </value>
            </param>
            <param index="1">
              <value>
                <![CDATA[3]]>
              </value>
            </param>
            <param index="2">
              <value>
                <![CDATA[Vincent hN Rompies ME]]>
              </value>
            </param>
            <param index="3">
              <value>
                <![CDATA[vincentrompies08@gmail.com]]>
              </value>
            </param>
            <param index="4">
              <value>
                <![CDATA[Update BodyBody 33]]>
              </value>
            </param>
          </params>
          <reporter-output>
          </reporter-output>
        </test-method> <!-- getSingleComment -->
        <test-method signature="getSingleComment(int, int, java.lang.String, java.lang.String, java.lang.String)[pri:0, instance:com.commentapi.testcases.TC_003_Get_Single_Comment@26275bef]" started-at="2020-04-30T15:08:39 WIB" name="getSingleComment" data-provider="testData" finished-at="2020-04-30T15:08:41 WIB" duration-ms="2499" status="PASS">
          <params>
            <param index="0">
              <value>
                <![CDATA[2]]>
              </value>
            </param>
            <param index="1">
              <value>
                <![CDATA[3]]>
              </value>
            </param>
            <param index="2">
              <value>
                <![CDATA[Vincent GX Rompies Ly]]>
              </value>
            </param>
            <param index="3">
              <value>
                <![CDATA[vincentrompies99@gmail.com]]>
              </value>
            </param>
            <param index="4">
              <value>
                <![CDATA[Update BodyBody 80]]>
              </value>
            </param>
          </params>
          <reporter-output>
          </reporter-output>
        </test-method> <!-- getSingleComment -->
        <test-method signature="getSingleComment(int, int, java.lang.String, java.lang.String, java.lang.String)[pri:0, instance:com.commentapi.testcases.TC_003_Get_Single_Comment@26275bef]" started-at="2020-04-30T15:08:41 WIB" name="getSingleComment" data-provider="testData" finished-at="2020-04-30T15:08:43 WIB" duration-ms="2028" status="PASS">
          <params>
            <param index="0">
              <value>
                <![CDATA[3]]>
              </value>
            </param>
            <param index="1">
              <value>
                <![CDATA[3]]>
              </value>
            </param>
            <param index="2">
              <value>
                <![CDATA[Vincent hI Rompies AP]]>
              </value>
            </param>
            <param index="3">
              <value>
                <![CDATA[vincentrompies21@gmail.com]]>
              </value>
            </param>
            <param index="4">
              <value>
                <![CDATA[Update BodyBody 09]]>
              </value>
            </param>
          </params>
          <reporter-output>
          </reporter-output>
        </test-method> <!-- getSingleComment -->
        <test-method signature="getSingleComment(int, int, java.lang.String, java.lang.String, java.lang.String)[pri:0, instance:com.commentapi.testcases.TC_003_Get_Single_Comment@26275bef]" started-at="2020-04-30T15:08:43 WIB" name="getSingleComment" data-provider="testData" finished-at="2020-04-30T15:08:46 WIB" duration-ms="2167" status="PASS">
          <params>
            <param index="0">
              <value>
                <![CDATA[4]]>
              </value>
            </param>
            <param index="1">
              <value>
                <![CDATA[3]]>
              </value>
            </param>
            <param index="2">
              <value>
                <![CDATA[Vincent yz Rompies iZ]]>
              </value>
            </param>
            <param index="3">
              <value>
                <![CDATA[vincentrompies47@gmail.com]]>
              </value>
            </param>
            <param index="4">
              <value>
                <![CDATA[Update BodyBody 35]]>
              </value>
            </param>
          </params>
          <reporter-output>
          </reporter-output>
        </test-method> <!-- getSingleComment -->
        <test-method signature="getSingleComment(int, int, java.lang.String, java.lang.String, java.lang.String)[pri:0, instance:com.commentapi.testcases.TC_003_Get_Single_Comment@26275bef]" started-at="2020-04-30T15:08:46 WIB" name="getSingleComment" data-provider="testData" finished-at="2020-04-30T15:08:48 WIB" duration-ms="2870" status="PASS">
          <params>
            <param index="0">
              <value>
                <![CDATA[5]]>
              </value>
            </param>
            <param index="1">
              <value>
                <![CDATA[3]]>
              </value>
            </param>
            <param index="2">
              <value>
                <![CDATA[Vincent bd Rompies VA]]>
              </value>
            </param>
            <param index="3">
              <value>
                <![CDATA[vincentrompies39@gmail.com]]>
              </value>
            </param>
            <param index="4">
              <value>
                <![CDATA[Update BodyBody 68]]>
              </value>
            </param>
          </params>
          <reporter-output>
          </reporter-output>
        </test-method> <!-- getSingleComment -->
        <test-method signature="getSingleComment(int, int, java.lang.String, java.lang.String, java.lang.String)[pri:0, instance:com.commentapi.testcases.TC_003_Get_Single_Comment@26275bef]" started-at="2020-04-30T15:08:48 WIB" name="getSingleComment" data-provider="testData" finished-at="2020-04-30T15:08:51 WIB" duration-ms="2378" status="PASS">
          <params>
            <param index="0">
              <value>
                <![CDATA[6]]>
              </value>
            </param>
            <param index="1">
              <value>
                <![CDATA[3]]>
              </value>
            </param>
            <param index="2">
              <value>
                <![CDATA[Vincent MB Rompies FO]]>
              </value>
            </param>
            <param index="3">
              <value>
                <![CDATA[vincentrompies34@gmail.com]]>
              </value>
            </param>
            <param index="4">
              <value>
                <![CDATA[Update BodyBody 25]]>
              </value>
            </param>
          </params>
          <reporter-output>
          </reporter-output>
        </test-method> <!-- getSingleComment -->
        <test-method signature="getSingleComment(int, int, java.lang.String, java.lang.String, java.lang.String)[pri:0, instance:com.commentapi.testcases.TC_003_Get_Single_Comment@26275bef]" started-at="2020-04-30T15:08:51 WIB" name="getSingleComment" data-provider="testData" finished-at="2020-04-30T15:08:53 WIB" duration-ms="2428" status="PASS">
          <params>
            <param index="0">
              <value>
                <![CDATA[7]]>
              </value>
            </param>
            <param index="1">
              <value>
                <![CDATA[3]]>
              </value>
            </param>
            <param index="2">
              <value>
                <![CDATA[Vincent Va Rompies on]]>
              </value>
            </param>
            <param index="3">
              <value>
                <![CDATA[vincentrompies11@gmail.com]]>
              </value>
            </param>
            <param index="4">
              <value>
                <![CDATA[Update BodyBody 80]]>
              </value>
            </param>
          </params>
          <reporter-output>
          </reporter-output>
        </test-method> <!-- getSingleComment -->
        <test-method signature="getSingleComment(int, int, java.lang.String, java.lang.String, java.lang.String)[pri:0, instance:com.commentapi.testcases.TC_003_Get_Single_Comment@26275bef]" started-at="2020-04-30T15:08:53 WIB" name="getSingleComment" data-provider="testData" finished-at="2020-04-30T15:08:55 WIB" duration-ms="2180" status="PASS">
          <params>
            <param index="0">
              <value>
                <![CDATA[8]]>
              </value>
            </param>
            <param index="1">
              <value>
                <![CDATA[3]]>
              </value>
            </param>
            <param index="2">
              <value>
                <![CDATA[Vincent MR Rompies oo]]>
              </value>
            </param>
            <param index="3">
              <value>
                <![CDATA[vincentrompies36@gmail.com]]>
              </value>
            </param>
            <param index="4">
              <value>
                <![CDATA[Update BodyBody 41]]>
              </value>
            </param>
          </params>
          <reporter-output>
          </reporter-output>
        </test-method> <!-- getSingleComment -->
        <test-method signature="getSingleComment(int, int, java.lang.String, java.lang.String, java.lang.String)[pri:0, instance:com.commentapi.testcases.TC_003_Get_Single_Comment@26275bef]" started-at="2020-04-30T15:08:55 WIB" name="getSingleComment" data-provider="testData" finished-at="2020-04-30T15:08:57 WIB" duration-ms="2014" status="PASS">
          <params>
            <param index="0">
              <value>
                <![CDATA[9]]>
              </value>
            </param>
            <param index="1">
              <value>
                <![CDATA[3]]>
              </value>
            </param>
            <param index="2">
              <value>
                <![CDATA[Vincent cf Rompies oH]]>
              </value>
            </param>
            <param index="3">
              <value>
                <![CDATA[vincentrompies67@gmail.com]]>
              </value>
            </param>
            <param index="4">
              <value>
                <![CDATA[Update BodyBody 64]]>
              </value>
            </param>
          </params>
          <reporter-output>
          </reporter-output>
        </test-method> <!-- getSingleComment -->
        <test-method signature="getSingleComment(int, int, java.lang.String, java.lang.String, java.lang.String)[pri:0, instance:com.commentapi.testcases.TC_003_Get_Single_Comment@26275bef]" started-at="2020-04-30T15:08:57 WIB" name="getSingleComment" data-provider="testData" finished-at="2020-04-30T15:08:59 WIB" duration-ms="1840" status="PASS">
          <params>
            <param index="0">
              <value>
                <![CDATA[10]]>
              </value>
            </param>
            <param index="1">
              <value>
                <![CDATA[3]]>
              </value>
            </param>
            <param index="2">
              <value>
                <![CDATA[Vincent cg Rompies Yl]]>
              </value>
            </param>
            <param index="3">
              <value>
                <![CDATA[vincentrompies83@gmail.com]]>
              </value>
            </param>
            <param index="4">
              <value>
                <![CDATA[Update BodyBody 06]]>
              </value>
            </param>
          </params>
          <reporter-output>
          </reporter-output>
        </test-method> <!-- getSingleComment -->
        <test-method is-config="true" signature="tearDown()[pri:0, instance:com.commentapi.testcases.TC_003_Get_Single_Comment@26275bef]" started-at="2020-04-30T15:08:59 WIB" name="tearDown" finished-at="2020-04-30T15:08:59 WIB" duration-ms="1" status="PASS">
          <reporter-output>
          </reporter-output>
        </test-method> <!-- tearDown -->
      </class> <!-- com.commentapi.testcases.TC_003_Get_Single_Comment -->
      <class name="com.commentapi.testcases.TC_002_Get_All_Comment">
        <test-method is-config="true" signature="setUp()[pri:0, instance:com.commentapi.testcases.TC_002_Get_All_Comment@4d910fd6]" started-at="2020-04-30T15:08:34 WIB" name="setUp" finished-at="2020-04-30T15:08:34 WIB" duration-ms="2" status="PASS">
          <reporter-output>
          </reporter-output>
        </test-method> <!-- setUp -->
        <test-method signature="getAllComment()[pri:0, instance:com.commentapi.testcases.TC_002_Get_All_Comment@4d910fd6]" started-at="2020-04-30T15:08:34 WIB" name="getAllComment" finished-at="2020-04-30T15:08:36 WIB" duration-ms="2246" status="PASS">
          <reporter-output>
          </reporter-output>
        </test-method> <!-- getAllComment -->
        <test-method is-config="true" signature="tearDown()[pri:0, instance:com.commentapi.testcases.TC_002_Get_All_Comment@4d910fd6]" started-at="2020-04-30T15:08:36 WIB" name="tearDown" finished-at="2020-04-30T15:08:36 WIB" duration-ms="0" status="PASS">
          <reporter-output>
          </reporter-output>
        </test-method> <!-- tearDown -->
      </class> <!-- com.commentapi.testcases.TC_002_Get_All_Comment -->
      <class name="com.commentapi.testcases.TC_004_Update_Comment">
        <test-method is-config="true" signature="setUp()[pri:0, instance:com.commentapi.testcases.TC_004_Update_Comment@7690781]" started-at="2020-04-30T15:08:59 WIB" name="setUp" finished-at="2020-04-30T15:08:59 WIB" duration-ms="3" status="PASS">
          <reporter-output>
          </reporter-output>
        </test-method> <!-- setUp -->
        <test-method signature="updateComment(int, int, java.lang.String, java.lang.String, java.lang.String)[pri:0, instance:com.commentapi.testcases.TC_004_Update_Comment@7690781]" started-at="2020-04-30T15:08:59 WIB" name="updateComment" data-provider="testData" finished-at="2020-04-30T15:09:03 WIB" duration-ms="3168" status="PASS">
          <params>
            <param index="0">
              <value>
                <![CDATA[1]]>
              </value>
            </param>
            <param index="1">
              <value>
                <![CDATA[3]]>
              </value>
            </param>
            <param index="2">
              <value>
                <![CDATA[Vincent hN Rompies ME]]>
              </value>
            </param>
            <param index="3">
              <value>
                <![CDATA[vincentrompies08@gmail.com]]>
              </value>
            </param>
            <param index="4">
              <value>
                <![CDATA[Update BodyBody 44]]>
              </value>
            </param>
          </params>
          <reporter-output>
          </reporter-output>
        </test-method> <!-- updateComment -->
        <test-method signature="updateComment(int, int, java.lang.String, java.lang.String, java.lang.String)[pri:0, instance:com.commentapi.testcases.TC_004_Update_Comment@7690781]" started-at="2020-04-30T15:09:03 WIB" name="updateComment" data-provider="testData" finished-at="2020-04-30T15:09:05 WIB" duration-ms="2866" status="PASS">
          <params>
            <param index="0">
              <value>
                <![CDATA[2]]>
              </value>
            </param>
            <param index="1">
              <value>
                <![CDATA[3]]>
              </value>
            </param>
            <param index="2">
              <value>
                <![CDATA[Vincent GX Rompies Ly]]>
              </value>
            </param>
            <param index="3">
              <value>
                <![CDATA[vincentrompies99@gmail.com]]>
              </value>
            </param>
            <param index="4">
              <value>
                <![CDATA[Update BodyBody 95]]>
              </value>
            </param>
          </params>
          <reporter-output>
          </reporter-output>
        </test-method> <!-- updateComment -->
        <test-method signature="updateComment(int, int, java.lang.String, java.lang.String, java.lang.String)[pri:0, instance:com.commentapi.testcases.TC_004_Update_Comment@7690781]" started-at="2020-04-30T15:09:05 WIB" name="updateComment" data-provider="testData" finished-at="2020-04-30T15:09:08 WIB" duration-ms="2354" status="PASS">
          <params>
            <param index="0">
              <value>
                <![CDATA[3]]>
              </value>
            </param>
            <param index="1">
              <value>
                <![CDATA[3]]>
              </value>
            </param>
            <param index="2">
              <value>
                <![CDATA[Vincent hI Rompies AP]]>
              </value>
            </param>
            <param index="3">
              <value>
                <![CDATA[vincentrompies21@gmail.com]]>
              </value>
            </param>
            <param index="4">
              <value>
                <![CDATA[Update BodyBody 97]]>
              </value>
            </param>
          </params>
          <reporter-output>
          </reporter-output>
        </test-method> <!-- updateComment -->
        <test-method signature="updateComment(int, int, java.lang.String, java.lang.String, java.lang.String)[pri:0, instance:com.commentapi.testcases.TC_004_Update_Comment@7690781]" started-at="2020-04-30T15:09:08 WIB" name="updateComment" data-provider="testData" finished-at="2020-04-30T15:09:10 WIB" duration-ms="2410" status="PASS">
          <params>
            <param index="0">
              <value>
                <![CDATA[4]]>
              </value>
            </param>
            <param index="1">
              <value>
                <![CDATA[3]]>
              </value>
            </param>
            <param index="2">
              <value>
                <![CDATA[Vincent yz Rompies iZ]]>
              </value>
            </param>
            <param index="3">
              <value>
                <![CDATA[vincentrompies47@gmail.com]]>
              </value>
            </param>
            <param index="4">
              <value>
                <![CDATA[Update BodyBody 28]]>
              </value>
            </param>
          </params>
          <reporter-output>
          </reporter-output>
        </test-method> <!-- updateComment -->
        <test-method signature="updateComment(int, int, java.lang.String, java.lang.String, java.lang.String)[pri:0, instance:com.commentapi.testcases.TC_004_Update_Comment@7690781]" started-at="2020-04-30T15:09:10 WIB" name="updateComment" data-provider="testData" finished-at="2020-04-30T15:09:12 WIB" duration-ms="2295" status="PASS">
          <params>
            <param index="0">
              <value>
                <![CDATA[5]]>
              </value>
            </param>
            <param index="1">
              <value>
                <![CDATA[3]]>
              </value>
            </param>
            <param index="2">
              <value>
                <![CDATA[Vincent bd Rompies VA]]>
              </value>
            </param>
            <param index="3">
              <value>
                <![CDATA[vincentrompies39@gmail.com]]>
              </value>
            </param>
            <param index="4">
              <value>
                <![CDATA[Update BodyBody 86]]>
              </value>
            </param>
          </params>
          <reporter-output>
          </reporter-output>
        </test-method> <!-- updateComment -->
        <test-method signature="updateComment(int, int, java.lang.String, java.lang.String, java.lang.String)[pri:0, instance:com.commentapi.testcases.TC_004_Update_Comment@7690781]" started-at="2020-04-30T15:09:12 WIB" name="updateComment" data-provider="testData" finished-at="2020-04-30T15:09:15 WIB" duration-ms="2269" status="PASS">
          <params>
            <param index="0">
              <value>
                <![CDATA[6]]>
              </value>
            </param>
            <param index="1">
              <value>
                <![CDATA[3]]>
              </value>
            </param>
            <param index="2">
              <value>
                <![CDATA[Vincent MB Rompies FO]]>
              </value>
            </param>
            <param index="3">
              <value>
                <![CDATA[vincentrompies34@gmail.com]]>
              </value>
            </param>
            <param index="4">
              <value>
                <![CDATA[Update BodyBody 95]]>
              </value>
            </param>
          </params>
          <reporter-output>
          </reporter-output>
        </test-method> <!-- updateComment -->
        <test-method signature="updateComment(int, int, java.lang.String, java.lang.String, java.lang.String)[pri:0, instance:com.commentapi.testcases.TC_004_Update_Comment@7690781]" started-at="2020-04-30T15:09:15 WIB" name="updateComment" data-provider="testData" finished-at="2020-04-30T15:09:18 WIB" duration-ms="3153" status="PASS">
          <params>
            <param index="0">
              <value>
                <![CDATA[7]]>
              </value>
            </param>
            <param index="1">
              <value>
                <![CDATA[3]]>
              </value>
            </param>
            <param index="2">
              <value>
                <![CDATA[Vincent Va Rompies on]]>
              </value>
            </param>
            <param index="3">
              <value>
                <![CDATA[vincentrompies11@gmail.com]]>
              </value>
            </param>
            <param index="4">
              <value>
                <![CDATA[Update BodyBody 69]]>
              </value>
            </param>
          </params>
          <reporter-output>
          </reporter-output>
        </test-method> <!-- updateComment -->
        <test-method signature="updateComment(int, int, java.lang.String, java.lang.String, java.lang.String)[pri:0, instance:com.commentapi.testcases.TC_004_Update_Comment@7690781]" started-at="2020-04-30T15:09:18 WIB" name="updateComment" data-provider="testData" finished-at="2020-04-30T15:09:20 WIB" duration-ms="2148" status="PASS">
          <params>
            <param index="0">
              <value>
                <![CDATA[8]]>
              </value>
            </param>
            <param index="1">
              <value>
                <![CDATA[3]]>
              </value>
            </param>
            <param index="2">
              <value>
                <![CDATA[Vincent MR Rompies oo]]>
              </value>
            </param>
            <param index="3">
              <value>
                <![CDATA[vincentrompies36@gmail.com]]>
              </value>
            </param>
            <param index="4">
              <value>
                <![CDATA[Update BodyBody 72]]>
              </value>
            </param>
          </params>
          <reporter-output>
          </reporter-output>
        </test-method> <!-- updateComment -->
        <test-method signature="updateComment(int, int, java.lang.String, java.lang.String, java.lang.String)[pri:0, instance:com.commentapi.testcases.TC_004_Update_Comment@7690781]" started-at="2020-04-30T15:09:20 WIB" name="updateComment" data-provider="testData" finished-at="2020-04-30T15:09:22 WIB" duration-ms="2357" status="PASS">
          <params>
            <param index="0">
              <value>
                <![CDATA[9]]>
              </value>
            </param>
            <param index="1">
              <value>
                <![CDATA[3]]>
              </value>
            </param>
            <param index="2">
              <value>
                <![CDATA[Vincent cf Rompies oH]]>
              </value>
            </param>
            <param index="3">
              <value>
                <![CDATA[vincentrompies67@gmail.com]]>
              </value>
            </param>
            <param index="4">
              <value>
                <![CDATA[Update BodyBody 01]]>
              </value>
            </param>
          </params>
          <reporter-output>
          </reporter-output>
        </test-method> <!-- updateComment -->
        <test-method signature="updateComment(int, int, java.lang.String, java.lang.String, java.lang.String)[pri:0, instance:com.commentapi.testcases.TC_004_Update_Comment@7690781]" started-at="2020-04-30T15:09:22 WIB" name="updateComment" data-provider="testData" finished-at="2020-04-30T15:09:26 WIB" duration-ms="3170" status="PASS">
          <params>
            <param index="0">
              <value>
                <![CDATA[10]]>
              </value>
            </param>
            <param index="1">
              <value>
                <![CDATA[3]]>
              </value>
            </param>
            <param index="2">
              <value>
                <![CDATA[Vincent cg Rompies Yl]]>
              </value>
            </param>
            <param index="3">
              <value>
                <![CDATA[vincentrompies83@gmail.com]]>
              </value>
            </param>
            <param index="4">
              <value>
                <![CDATA[Update BodyBody 14]]>
              </value>
            </param>
          </params>
          <reporter-output>
          </reporter-output>
        </test-method> <!-- updateComment -->
        <test-method is-config="true" signature="tearDown()[pri:0, instance:com.commentapi.testcases.TC_004_Update_Comment@7690781]" started-at="2020-04-30T15:09:26 WIB" name="tearDown" finished-at="2020-04-30T15:09:26 WIB" duration-ms="1" status="PASS">
          <reporter-output>
          </reporter-output>
        </test-method> <!-- tearDown -->
      </class> <!-- com.commentapi.testcases.TC_004_Update_Comment -->
      <class name="com.commentapi.testcases.TC_005_Delete_Comment">
        <test-method is-config="true" signature="setUp()[pri:0, instance:com.commentapi.testcases.TC_005_Delete_Comment@77eca502]" started-at="2020-04-30T15:09:26 WIB" name="setUp" finished-at="2020-04-30T15:09:26 WIB" duration-ms="2" status="PASS">
          <reporter-output>
          </reporter-output>
        </test-method> <!-- setUp -->
        <test-method signature="deleteComment(int, int, java.lang.String, java.lang.String, java.lang.String)[pri:0, instance:com.commentapi.testcases.TC_005_Delete_Comment@77eca502]" started-at="2020-04-30T15:09:26 WIB" name="deleteComment" data-provider="testData" finished-at="2020-04-30T15:09:28 WIB" duration-ms="2560" status="PASS">
          <params>
            <param index="0">
              <value>
                <![CDATA[1]]>
              </value>
            </param>
            <param index="1">
              <value>
                <![CDATA[3]]>
              </value>
            </param>
            <param index="2">
              <value>
                <![CDATA[Vincent hN Rompies ME]]>
              </value>
            </param>
            <param index="3">
              <value>
                <![CDATA[vincentrompies08@gmail.com]]>
              </value>
            </param>
            <param index="4">
              <value>
                <![CDATA[Update BodyBody 43]]>
              </value>
            </param>
          </params>
          <reporter-output>
          </reporter-output>
        </test-method> <!-- deleteComment -->
        <test-method signature="deleteComment(int, int, java.lang.String, java.lang.String, java.lang.String)[pri:0, instance:com.commentapi.testcases.TC_005_Delete_Comment@77eca502]" started-at="2020-04-30T15:09:28 WIB" name="deleteComment" data-provider="testData" finished-at="2020-04-30T15:09:30 WIB" duration-ms="1839" status="PASS">
          <params>
            <param index="0">
              <value>
                <![CDATA[2]]>
              </value>
            </param>
            <param index="1">
              <value>
                <![CDATA[3]]>
              </value>
            </param>
            <param index="2">
              <value>
                <![CDATA[Vincent GX Rompies Ly]]>
              </value>
            </param>
            <param index="3">
              <value>
                <![CDATA[vincentrompies99@gmail.com]]>
              </value>
            </param>
            <param index="4">
              <value>
                <![CDATA[Update BodyBody 45]]>
              </value>
            </param>
          </params>
          <reporter-output>
          </reporter-output>
        </test-method> <!-- deleteComment -->
        <test-method signature="deleteComment(int, int, java.lang.String, java.lang.String, java.lang.String)[pri:0, instance:com.commentapi.testcases.TC_005_Delete_Comment@77eca502]" started-at="2020-04-30T15:09:30 WIB" name="deleteComment" data-provider="testData" finished-at="2020-04-30T15:09:33 WIB" duration-ms="2660" status="PASS">
          <params>
            <param index="0">
              <value>
                <![CDATA[3]]>
              </value>
            </param>
            <param index="1">
              <value>
                <![CDATA[3]]>
              </value>
            </param>
            <param index="2">
              <value>
                <![CDATA[Vincent hI Rompies AP]]>
              </value>
            </param>
            <param index="3">
              <value>
                <![CDATA[vincentrompies21@gmail.com]]>
              </value>
            </param>
            <param index="4">
              <value>
                <![CDATA[Update BodyBody 18]]>
              </value>
            </param>
          </params>
          <reporter-output>
          </reporter-output>
        </test-method> <!-- deleteComment -->
        <test-method signature="deleteComment(int, int, java.lang.String, java.lang.String, java.lang.String)[pri:0, instance:com.commentapi.testcases.TC_005_Delete_Comment@77eca502]" started-at="2020-04-30T15:09:33 WIB" name="deleteComment" data-provider="testData" finished-at="2020-04-30T15:09:35 WIB" duration-ms="1947" status="PASS">
          <params>
            <param index="0">
              <value>
                <![CDATA[4]]>
              </value>
            </param>
            <param index="1">
              <value>
                <![CDATA[3]]>
              </value>
            </param>
            <param index="2">
              <value>
                <![CDATA[Vincent yz Rompies iZ]]>
              </value>
            </param>
            <param index="3">
              <value>
                <![CDATA[vincentrompies47@gmail.com]]>
              </value>
            </param>
            <param index="4">
              <value>
                <![CDATA[Update BodyBody 27]]>
              </value>
            </param>
          </params>
          <reporter-output>
          </reporter-output>
        </test-method> <!-- deleteComment -->
        <test-method signature="deleteComment(int, int, java.lang.String, java.lang.String, java.lang.String)[pri:0, instance:com.commentapi.testcases.TC_005_Delete_Comment@77eca502]" started-at="2020-04-30T15:09:35 WIB" name="deleteComment" data-provider="testData" finished-at="2020-04-30T15:09:37 WIB" duration-ms="2057" status="PASS">
          <params>
            <param index="0">
              <value>
                <![CDATA[5]]>
              </value>
            </param>
            <param index="1">
              <value>
                <![CDATA[3]]>
              </value>
            </param>
            <param index="2">
              <value>
                <![CDATA[Vincent bd Rompies VA]]>
              </value>
            </param>
            <param index="3">
              <value>
                <![CDATA[vincentrompies39@gmail.com]]>
              </value>
            </param>
            <param index="4">
              <value>
                <![CDATA[Update BodyBody 38]]>
              </value>
            </param>
          </params>
          <reporter-output>
          </reporter-output>
        </test-method> <!-- deleteComment -->
        <test-method signature="deleteComment(int, int, java.lang.String, java.lang.String, java.lang.String)[pri:0, instance:com.commentapi.testcases.TC_005_Delete_Comment@77eca502]" started-at="2020-04-30T15:09:37 WIB" name="deleteComment" data-provider="testData" finished-at="2020-04-30T15:09:39 WIB" duration-ms="2165" status="PASS">
          <params>
            <param index="0">
              <value>
                <![CDATA[6]]>
              </value>
            </param>
            <param index="1">
              <value>
                <![CDATA[3]]>
              </value>
            </param>
            <param index="2">
              <value>
                <![CDATA[Vincent MB Rompies FO]]>
              </value>
            </param>
            <param index="3">
              <value>
                <![CDATA[vincentrompies34@gmail.com]]>
              </value>
            </param>
            <param index="4">
              <value>
                <![CDATA[Update BodyBody 32]]>
              </value>
            </param>
          </params>
          <reporter-output>
          </reporter-output>
        </test-method> <!-- deleteComment -->
        <test-method signature="deleteComment(int, int, java.lang.String, java.lang.String, java.lang.String)[pri:0, instance:com.commentapi.testcases.TC_005_Delete_Comment@77eca502]" started-at="2020-04-30T15:09:39 WIB" name="deleteComment" data-provider="testData" finished-at="2020-04-30T15:09:41 WIB" duration-ms="2428" status="PASS">
          <params>
            <param index="0">
              <value>
                <![CDATA[7]]>
              </value>
            </param>
            <param index="1">
              <value>
                <![CDATA[3]]>
              </value>
            </param>
            <param index="2">
              <value>
                <![CDATA[Vincent Va Rompies on]]>
              </value>
            </param>
            <param index="3">
              <value>
                <![CDATA[vincentrompies11@gmail.com]]>
              </value>
            </param>
            <param index="4">
              <value>
                <![CDATA[Update BodyBody 40]]>
              </value>
            </param>
          </params>
          <reporter-output>
          </reporter-output>
        </test-method> <!-- deleteComment -->
        <test-method signature="deleteComment(int, int, java.lang.String, java.lang.String, java.lang.String)[pri:0, instance:com.commentapi.testcases.TC_005_Delete_Comment@77eca502]" started-at="2020-04-30T15:09:41 WIB" name="deleteComment" data-provider="testData" finished-at="2020-04-30T15:09:43 WIB" duration-ms="2251" status="PASS">
          <params>
            <param index="0">
              <value>
                <![CDATA[8]]>
              </value>
            </param>
            <param index="1">
              <value>
                <![CDATA[3]]>
              </value>
            </param>
            <param index="2">
              <value>
                <![CDATA[Vincent MR Rompies oo]]>
              </value>
            </param>
            <param index="3">
              <value>
                <![CDATA[vincentrompies36@gmail.com]]>
              </value>
            </param>
            <param index="4">
              <value>
                <![CDATA[Update BodyBody 64]]>
              </value>
            </param>
          </params>
          <reporter-output>
          </reporter-output>
        </test-method> <!-- deleteComment -->
        <test-method signature="deleteComment(int, int, java.lang.String, java.lang.String, java.lang.String)[pri:0, instance:com.commentapi.testcases.TC_005_Delete_Comment@77eca502]" started-at="2020-04-30T15:09:43 WIB" name="deleteComment" data-provider="testData" finished-at="2020-04-30T15:09:46 WIB" duration-ms="2254" status="PASS">
          <params>
            <param index="0">
              <value>
                <![CDATA[9]]>
              </value>
            </param>
            <param index="1">
              <value>
                <![CDATA[3]]>
              </value>
            </param>
            <param index="2">
              <value>
                <![CDATA[Vincent cf Rompies oH]]>
              </value>
            </param>
            <param index="3">
              <value>
                <![CDATA[vincentrompies67@gmail.com]]>
              </value>
            </param>
            <param index="4">
              <value>
                <![CDATA[Update BodyBody 90]]>
              </value>
            </param>
          </params>
          <reporter-output>
          </reporter-output>
        </test-method> <!-- deleteComment -->
        <test-method signature="deleteComment(int, int, java.lang.String, java.lang.String, java.lang.String)[pri:0, instance:com.commentapi.testcases.TC_005_Delete_Comment@77eca502]" started-at="2020-04-30T15:09:46 WIB" name="deleteComment" data-provider="testData" finished-at="2020-04-30T15:09:48 WIB" duration-ms="2583" status="PASS">
          <params>
            <param index="0">
              <value>
                <![CDATA[10]]>
              </value>
            </param>
            <param index="1">
              <value>
                <![CDATA[3]]>
              </value>
            </param>
            <param index="2">
              <value>
                <![CDATA[Vincent cg Rompies Yl]]>
              </value>
            </param>
            <param index="3">
              <value>
                <![CDATA[vincentrompies83@gmail.com]]>
              </value>
            </param>
            <param index="4">
              <value>
                <![CDATA[Update BodyBody 30]]>
              </value>
            </param>
          </params>
          <reporter-output>
          </reporter-output>
        </test-method> <!-- deleteComment -->
        <test-method is-config="true" signature="tearDown()[pri:0, instance:com.commentapi.testcases.TC_005_Delete_Comment@77eca502]" started-at="2020-04-30T15:09:48 WIB" name="tearDown" finished-at="2020-04-30T15:10:43 WIB" duration-ms="55062" status="PASS">
          <reporter-output>
          </reporter-output>
        </test-method> <!-- tearDown -->
      </class> <!-- com.commentapi.testcases.TC_005_Delete_Comment -->
    </test> <!-- EmployeeRestAPITest -->
  </suite> <!-- EmployeesRestAPISuite -->
</testng-results>
