<?xml version="1.0" encoding="UTF-8"?>
<testng-results ignored="0" total="155" passed="142" failed="13" skipped="0">
  <reporter-output>
  </reporter-output>
  <suite started-at="2020-05-26T18:34:29 WIB" name="APISuite" finished-at="2020-05-26T18:40:34 WIB" duration-ms="365404">
    <groups>
    </groups>
    <test started-at="2020-05-26T18:34:29 WIB" name="APITest" finished-at="2020-05-26T18:40:34 WIB" duration-ms="365404">
      <class name="com.api.testcases.TS_006_InsertPayment">
        <test-method is-config="true" signature="setUp()[pri:0, instance:com.api.testcases.TS_006_InsertPayment@5109e8cf]" started-at="2020-05-26T18:37:38 WIB" name="setUp" finished-at="2020-05-26T18:37:38 WIB" duration-ms="1" status="PASS">
          <reporter-output>
          </reporter-output>
        </test-method> <!-- setUp -->
        <test-method is-config="true" signature="firstLogMessage()[pri:0, instance:com.api.testcases.TS_006_InsertPayment@5109e8cf]" started-at="2020-05-26T18:37:38 WIB" name="firstLogMessage" finished-at="2020-05-26T18:37:38 WIB" duration-ms="1" status="PASS">
          <reporter-output>
          </reporter-output>
        </test-method> <!-- firstLogMessage -->
        <test-method signature="createBillData(java.lang.String, java.lang.String, java.lang.String, java.lang.String, java.lang.String)[pri:0, instance:com.api.testcases.TS_006_InsertPayment@5109e8cf]" started-at="2020-05-26T18:37:38 WIB" name="createBillData" data-provider="createBill-data" finished-at="2020-05-26T18:37:39 WIB" duration-ms="1572" status="PASS">
          <params>
            <param index="0">
              <value>
                <![CDATA[Ridwan Remin]]>
              </value>
            </param>
            <param index="1">
              <value>
                <![CDATA[02111111111]]>
              </value>
            </param>
            <param index="2">
              <value>
                <![CDATA[May]]>
              </value>
            </param>
            <param index="3">
              <value>
                <![CDATA[75000]]>
              </value>
            </param>
            <param index="4">
              <value>
                <![CDATA[unpaid]]>
              </value>
            </param>
          </params>
          <reporter-output>
          </reporter-output>
        </test-method> <!-- createBillData -->
        <test-method signature="createBillData(java.lang.String, java.lang.String, java.lang.String, java.lang.String, java.lang.String)[pri:0, instance:com.api.testcases.TS_006_InsertPayment@5109e8cf]" started-at="2020-05-26T18:37:39 WIB" name="createBillData" data-provider="createBill-data" finished-at="2020-05-26T18:37:41 WIB" duration-ms="1985" status="PASS">
          <params>
            <param index="0">
              <value>
                <![CDATA[Dodit Mulyanto]]>
              </value>
            </param>
            <param index="1">
              <value>
                <![CDATA[02122222222]]>
              </value>
            </param>
            <param index="2">
              <value>
                <![CDATA[May]]>
              </value>
            </param>
            <param index="3">
              <value>
                <![CDATA[75000]]>
              </value>
            </param>
            <param index="4">
              <value>
                <![CDATA[unpaid]]>
              </value>
            </param>
          </params>
          <reporter-output>
          </reporter-output>
        </test-method> <!-- createBillData -->
        <test-method signature="createBillData(java.lang.String, java.lang.String, java.lang.String, java.lang.String, java.lang.String)[pri:0, instance:com.api.testcases.TS_006_InsertPayment@5109e8cf]" started-at="2020-05-26T18:37:41 WIB" name="createBillData" data-provider="createBill-data" finished-at="2020-05-26T18:37:43 WIB" duration-ms="1763" status="PASS">
          <params>
            <param index="0">
              <value>
                <![CDATA[Raditya Dika]]>
              </value>
            </param>
            <param index="1">
              <value>
                <![CDATA[02133333333]]>
              </value>
            </param>
            <param index="2">
              <value>
                <![CDATA[May]]>
              </value>
            </param>
            <param index="3">
              <value>
                <![CDATA[75000]]>
              </value>
            </param>
            <param index="4">
              <value>
                <![CDATA[unpaid]]>
              </value>
            </param>
          </params>
          <reporter-output>
          </reporter-output>
        </test-method> <!-- createBillData -->
        <test-method signature="createBillData(java.lang.String, java.lang.String, java.lang.String, java.lang.String, java.lang.String)[pri:0, instance:com.api.testcases.TS_006_InsertPayment@5109e8cf]" started-at="2020-05-26T18:37:43 WIB" name="createBillData" data-provider="createBill-data" finished-at="2020-05-26T18:37:45 WIB" duration-ms="1588" status="PASS">
          <params>
            <param index="0">
              <value>
                <![CDATA[Bintang Emon]]>
              </value>
            </param>
            <param index="1">
              <value>
                <![CDATA[02144444444]]>
              </value>
            </param>
            <param index="2">
              <value>
                <![CDATA[May]]>
              </value>
            </param>
            <param index="3">
              <value>
                <![CDATA[75000]]>
              </value>
            </param>
            <param index="4">
              <value>
                <![CDATA[unpaid]]>
              </value>
            </param>
          </params>
          <reporter-output>
          </reporter-output>
        </test-method> <!-- createBillData -->
        <test-method signature="createBillData(java.lang.String, java.lang.String, java.lang.String, java.lang.String, java.lang.String)[pri:0, instance:com.api.testcases.TS_006_InsertPayment@5109e8cf]" started-at="2020-05-26T18:37:45 WIB" name="createBillData" data-provider="createBill-data" finished-at="2020-05-26T18:37:46 WIB" duration-ms="1542" status="PASS">
          <params>
            <param index="0">
              <value>
                <![CDATA[Fico fahriza]]>
              </value>
            </param>
            <param index="1">
              <value>
                <![CDATA[02155555555]]>
              </value>
            </param>
            <param index="2">
              <value>
                <![CDATA[May]]>
              </value>
            </param>
            <param index="3">
              <value>
                <![CDATA[75000]]>
              </value>
            </param>
            <param index="4">
              <value>
                <![CDATA[unpaid]]>
              </value>
            </param>
          </params>
          <reporter-output>
          </reporter-output>
        </test-method> <!-- createBillData -->
        <test-method signature="createBillData(java.lang.String, java.lang.String, java.lang.String, java.lang.String, java.lang.String)[pri:0, instance:com.api.testcases.TS_006_InsertPayment@5109e8cf]" started-at="2020-05-26T18:37:46 WIB" name="createBillData" data-provider="createBill-data" finished-at="2020-05-26T18:37:48 WIB" duration-ms="1788" status="PASS">
          <params>
            <param index="0">
              <value>
                <![CDATA[Yuda Aldiansyah]]>
              </value>
            </param>
            <param index="1">
              <value>
                <![CDATA[02166666666]]>
              </value>
            </param>
            <param index="2">
              <value>
                <![CDATA[May]]>
              </value>
            </param>
            <param index="3">
              <value>
                <![CDATA[75000]]>
              </value>
            </param>
            <param index="4">
              <value>
                <![CDATA[unpaid]]>
              </value>
            </param>
          </params>
          <reporter-output>
          </reporter-output>
        </test-method> <!-- createBillData -->
        <test-method signature="insertPaymentTest(java.lang.String, java.lang.String, java.lang.String, java.lang.String, java.lang.String, java.lang.String, java.lang.String, java.lang.String)[pri:0, instance:com.api.testcases.TS_006_InsertPayment@5109e8cf]" started-at="2020-05-26T18:37:48 WIB" name="insertPaymentTest" data-provider="getInsertPayment-data" finished-at="2020-05-26T18:37:52 WIB" depends-on-methods="com.api.testcases.TS_006_InsertPayment.createBillData" duration-ms="3232" status="PASS">
          <params>
            <param index="0">
              <value>
                <![CDATA[TS_084]]>
              </value>
            </param>
            <param index="1">
              <value>
                <![CDATA[Test Insert Payment API with positive test path (pay with wallet balance)]]>
              </value>
            </param>
            <param index="2">
              <value>
                <![CDATA[Depend#83833833834]]>
              </value>
            </param>
            <param index="3">
              <value>
                <![CDATA[Depend#02111111111]]>
              </value>
            </param>
            <param index="4">
              <value>
                <![CDATA[1]]>
              </value>
            </param>
            <param index="5">
              <value>
                <![CDATA[1000000]]>
              </value>
            </param>
            <param index="6">
              <value>
                <![CDATA[201]]>
              </value>
            </param>
            <param index="7">
              <value>
                <![CDATA[Payment Pending]]>
              </value>
            </param>
          </params>
          <reporter-output>
          </reporter-output>
        </test-method> <!-- insertPaymentTest -->
        <test-method signature="insertPaymentTest(java.lang.String, java.lang.String, java.lang.String, java.lang.String, java.lang.String, java.lang.String, java.lang.String, java.lang.String)[pri:0, instance:com.api.testcases.TS_006_InsertPayment@5109e8cf]" started-at="2020-05-26T18:37:52 WIB" name="insertPaymentTest" data-provider="getInsertPayment-data" finished-at="2020-05-26T18:37:55 WIB" depends-on-methods="com.api.testcases.TS_006_InsertPayment.createBillData" duration-ms="3071" status="PASS">
          <params>
            <param index="0">
              <value>
                <![CDATA[TS_085]]>
              </value>
            </param>
            <param index="1">
              <value>
                <![CDATA[Test Insert Payment API with positive test path (pay with wallet bank transfer)]]>
              </value>
            </param>
            <param index="2">
              <value>
                <![CDATA[Depend#83833833834]]>
              </value>
            </param>
            <param index="3">
              <value>
                <![CDATA[Depend#02122222222]]>
              </value>
            </param>
            <param index="4">
              <value>
                <![CDATA[2]]>
              </value>
            </param>
            <param index="5">
              <value>
                <![CDATA[1000000]]>
              </value>
            </param>
            <param index="6">
              <value>
                <![CDATA[201]]>
              </value>
            </param>
            <param index="7">
              <value>
                <![CDATA[Payment Pending]]>
              </value>
            </param>
          </params>
          <reporter-output>
          </reporter-output>
        </test-method> <!-- insertPaymentTest -->
        <test-method signature="insertPaymentTest(java.lang.String, java.lang.String, java.lang.String, java.lang.String, java.lang.String, java.lang.String, java.lang.String, java.lang.String)[pri:0, instance:com.api.testcases.TS_006_InsertPayment@5109e8cf]" started-at="2020-05-26T18:37:55 WIB" name="insertPaymentTest" data-provider="getInsertPayment-data" finished-at="2020-05-26T18:37:58 WIB" depends-on-methods="com.api.testcases.TS_006_InsertPayment.createBillData" duration-ms="3365" status="PASS">
          <params>
            <param index="0">
              <value>
                <![CDATA[TS_086]]>
              </value>
            </param>
            <param index="1">
              <value>
                <![CDATA[Test Insert Payment API with unrecognized payment method]]>
              </value>
            </param>
            <param index="2">
              <value>
                <![CDATA[Depend#83833833834]]>
              </value>
            </param>
            <param index="3">
              <value>
                <![CDATA[Depend#02133333333]]>
              </value>
            </param>
            <param index="4">
              <value>
                <![CDATA[500]]>
              </value>
            </param>
            <param index="5">
              <value>
                <![CDATA[1000000]]>
              </value>
            </param>
            <param index="6">
              <value>
                <![CDATA[404]]>
              </value>
            </param>
            <param index="7">
              <value>
                <![CDATA[Payment method not found]]>
              </value>
            </param>
          </params>
          <reporter-output>
          </reporter-output>
        </test-method> <!-- insertPaymentTest -->
        <test-method signature="insertPaymentTest(java.lang.String, java.lang.String, java.lang.String, java.lang.String, java.lang.String, java.lang.String, java.lang.String, java.lang.String)[pri:0, instance:com.api.testcases.TS_006_InsertPayment@5109e8cf]" started-at="2020-05-26T18:37:58 WIB" name="insertPaymentTest" data-provider="getInsertPayment-data" finished-at="2020-05-26T18:38:02 WIB" depends-on-methods="com.api.testcases.TS_006_InsertPayment.createBillData" duration-ms="3679" status="PASS">
          <params>
            <param index="0">
              <value>
                <![CDATA[TS_087]]>
              </value>
            </param>
            <param index="1">
              <value>
                <![CDATA[Test Insert Payment API with unregistered bill]]>
              </value>
            </param>
            <param index="2">
              <value>
                <![CDATA[Depend#83833833834]]>
              </value>
            </param>
            <param index="3">
              <value>
                <![CDATA[1000]]>
              </value>
            </param>
            <param index="4">
              <value>
                <![CDATA[1]]>
              </value>
            </param>
            <param index="5">
              <value>
                <![CDATA[1000000]]>
              </value>
            </param>
            <param index="6">
              <value>
                <![CDATA[404]]>
              </value>
            </param>
            <param index="7">
              <value>
                <![CDATA[Bill not found]]>
              </value>
            </param>
          </params>
          <reporter-output>
          </reporter-output>
        </test-method> <!-- insertPaymentTest -->
        <test-method signature="insertPaymentTest(java.lang.String, java.lang.String, java.lang.String, java.lang.String, java.lang.String, java.lang.String, java.lang.String, java.lang.String)[pri:0, instance:com.api.testcases.TS_006_InsertPayment@5109e8cf]" started-at="2020-05-26T18:38:02 WIB" name="insertPaymentTest" data-provider="getInsertPayment-data" finished-at="2020-05-26T18:38:04 WIB" depends-on-methods="com.api.testcases.TS_006_InsertPayment.createBillData" duration-ms="1946" status="PASS">
          <params>
            <param index="0">
              <value>
                <![CDATA[TS_088]]>
              </value>
            </param>
            <param index="1">
              <value>
                <![CDATA[Test Insert Payment API with unregistered user]]>
              </value>
            </param>
            <param index="2">
              <value>
                <![CDATA[1000]]>
              </value>
            </param>
            <param index="3">
              <value>
                <![CDATA[Depend#02133333333]]>
              </value>
            </param>
            <param index="4">
              <value>
                <![CDATA[1]]>
              </value>
            </param>
            <param index="5">
              <value>
                <![CDATA[1000000]]>
              </value>
            </param>
            <param index="6">
              <value>
                <![CDATA[404]]>
              </value>
            </param>
            <param index="7">
              <value>
                <![CDATA[User not found]]>
              </value>
            </param>
          </params>
          <reporter-output>
          </reporter-output>
        </test-method> <!-- insertPaymentTest -->
        <test-method signature="insertPaymentTest(java.lang.String, java.lang.String, java.lang.String, java.lang.String, java.lang.String, java.lang.String, java.lang.String, java.lang.String)[pri:0, instance:com.api.testcases.TS_006_InsertPayment@5109e8cf]" started-at="2020-05-26T18:38:04 WIB" name="insertPaymentTest" data-provider="getInsertPayment-data" finished-at="2020-05-26T18:38:06 WIB" depends-on-methods="com.api.testcases.TS_006_InsertPayment.createBillData" duration-ms="2893" status="FAIL">
          <params>
            <param index="0">
              <value>
                <![CDATA[TS_089]]>
              </value>
            </param>
            <param index="1">
              <value>
                <![CDATA[Test Insert Payment API if user already insert payment (method : wallet balance)]]>
              </value>
            </param>
            <param index="2">
              <value>
                <![CDATA[Depend#83833833834]]>
              </value>
            </param>
            <param index="3">
              <value>
                <![CDATA[Depend#02111111111]]>
              </value>
            </param>
            <param index="4">
              <value>
                <![CDATA[1]]>
              </value>
            </param>
            <param index="5">
              <value>
                <![CDATA[1000000]]>
              </value>
            </param>
            <param index="6">
              <value>
                <![CDATA[403]]>
              </value>
            </param>
            <param index="7">
              <value>
                <![CDATA[Pay your bill to finish the transaction]]>
              </value>
            </param>
          </params>
          <exception class="java.lang.AssertionError">
            <message>
              <![CDATA[1 expectation failed.
Response body doesn't match expectation.
Expected: a string containing "Pay your bill to finish the transaction"
  Actual: [data:[:], message:Pay your bill to finish the transaction, status:403]
]]>
            </message>
            <full-stacktrace>
              <![CDATA[java.lang.AssertionError: 1 expectation failed.
Response body doesn't match expectation.
Expected: a string containing "Pay your bill to finish the transaction"
  Actual: [data:[:], message:Pay your bill to finish the transaction, status:403]

at java.base/jdk.internal.reflect.NativeConstructorAccessorImpl.newInstance0(Native Method)
at java.base/jdk.internal.reflect.NativeConstructorAccessorImpl.newInstance(NativeConstructorAccessorImpl.java:62)
at java.base/jdk.internal.reflect.DelegatingConstructorAccessorImpl.newInstance(DelegatingConstructorAccessorImpl.java:45)
at java.base/java.lang.reflect.Constructor.newInstance(Constructor.java:490)
at org.codehaus.groovy.reflection.CachedConstructor.invoke(CachedConstructor.java:83)
at org.codehaus.groovy.reflection.CachedConstructor.doConstructorInvoke(CachedConstructor.java:77)
at org.codehaus.groovy.runtime.callsite.ConstructorSite$ConstructorSiteNoUnwrap.callConstructor(ConstructorSite.java:84)
at org.codehaus.groovy.runtime.callsite.AbstractCallSite.callConstructor(AbstractCallSite.java:250)
at io.restassured.internal.ResponseSpecificationImpl$HamcrestAssertionClosure.validate(ResponseSpecificationImpl.groovy:494)
at io.restassured.internal.ResponseSpecificationImpl$HamcrestAssertionClosure$validate$1.call(Unknown Source)
at io.restassured.internal.ResponseSpecificationImpl.validateResponseIfRequired(ResponseSpecificationImpl.groovy:656)
at jdk.internal.reflect.GeneratedMethodAccessor35.invoke(Unknown Source)
at java.base/jdk.internal.reflect.DelegatingMethodAccessorImpl.invoke(DelegatingMethodAccessorImpl.java:43)
at java.base/java.lang.reflect.Method.invoke(Method.java:566)
at org.codehaus.groovy.runtime.callsite.PogoMetaMethodSite$PogoCachedMethodSiteNoUnwrapNoCoerce.invoke(PogoMetaMethodSite.java:210)
at org.codehaus.groovy.runtime.callsite.PogoMetaMethodSite.callCurrent(PogoMetaMethodSite.java:59)
at org.codehaus.groovy.runtime.callsite.AbstractCallSite.callCurrent(AbstractCallSite.java:169)
at io.restassured.internal.ResponseSpecificationImpl.content(ResponseSpecificationImpl.groovy:97)
at io.restassured.internal.ValidatableResponseOptionsImpl.content(ValidatableResponseOptionsImpl.java:89)
at com.api.testcases.TS_006_InsertPayment.insertPaymentTest(TS_006_InsertPayment.java:119)
at java.base/jdk.internal.reflect.NativeMethodAccessorImpl.invoke0(Native Method)
at java.base/jdk.internal.reflect.NativeMethodAccessorImpl.invoke(NativeMethodAccessorImpl.java:62)
at java.base/jdk.internal.reflect.DelegatingMethodAccessorImpl.invoke(DelegatingMethodAccessorImpl.java:43)
at java.base/java.lang.reflect.Method.invoke(Method.java:566)
at org.testng.internal.MethodInvocationHelper.invokeMethod(MethodInvocationHelper.java:134)
at org.testng.internal.TestInvoker.invokeMethod(TestInvoker.java:597)
at org.testng.internal.TestInvoker.invokeTestMethod(TestInvoker.java:173)
at org.testng.internal.MethodRunner.runInSequence(MethodRunner.java:46)
at org.testng.internal.TestInvoker$MethodInvocationAgent.invoke(TestInvoker.java:816)
at org.testng.internal.TestInvoker.invokeTestMethods(TestInvoker.java:146)
at org.testng.internal.TestMethodWorker.invokeTestMethods(TestMethodWorker.java:146)
at org.testng.internal.TestMethodWorker.run(TestMethodWorker.java:128)
at java.base/java.util.ArrayList.forEach(ArrayList.java:1540)
at org.testng.TestRunner.privateRun(TestRunner.java:766)
at org.testng.TestRunner.run(TestRunner.java:587)
at org.testng.SuiteRunner.runTest(SuiteRunner.java:384)
at org.testng.SuiteRunner.runSequentially(SuiteRunner.java:378)
at org.testng.SuiteRunner.privateRun(SuiteRunner.java:337)
at org.testng.SuiteRunner.run(SuiteRunner.java:286)
at org.testng.SuiteRunnerWorker.runSuite(SuiteRunnerWorker.java:53)
at org.testng.SuiteRunnerWorker.run(SuiteRunnerWorker.java:96)
at org.testng.TestNG.runSuitesSequentially(TestNG.java:1187)
at org.testng.TestNG.runSuitesLocally(TestNG.java:1109)
at org.testng.TestNG.runSuites(TestNG.java:1039)
at org.testng.TestNG.run(TestNG.java:1007)
at org.testng.remote.AbstractRemoteTestNG.run(AbstractRemoteTestNG.java:115)
at org.testng.remote.RemoteTestNG.initAndRun(RemoteTestNG.java:251)
at org.testng.remote.RemoteTestNG.main(RemoteTestNG.java:77)
]]>
            </full-stacktrace>
          </exception> <!-- java.lang.AssertionError -->
          <reporter-output>
          </reporter-output>
        </test-method> <!-- insertPaymentTest -->
        <test-method signature="insertPaymentTest(java.lang.String, java.lang.String, java.lang.String, java.lang.String, java.lang.String, java.lang.String, java.lang.String, java.lang.String)[pri:0, instance:com.api.testcases.TS_006_InsertPayment@5109e8cf]" started-at="2020-05-26T18:38:06 WIB" name="insertPaymentTest" data-provider="getInsertPayment-data" finished-at="2020-05-26T18:38:10 WIB" depends-on-methods="com.api.testcases.TS_006_InsertPayment.createBillData" duration-ms="3024" status="FAIL">
          <params>
            <param index="0">
              <value>
                <![CDATA[TS_090]]>
              </value>
            </param>
            <param index="1">
              <value>
                <![CDATA[Test Insert Payment API if user already insert payment (method : bank transfer)]]>
              </value>
            </param>
            <param index="2">
              <value>
                <![CDATA[Depend#83833833834]]>
              </value>
            </param>
            <param index="3">
              <value>
                <![CDATA[Depend#02122222222]]>
              </value>
            </param>
            <param index="4">
              <value>
                <![CDATA[2]]>
              </value>
            </param>
            <param index="5">
              <value>
                <![CDATA[1000000]]>
              </value>
            </param>
            <param index="6">
              <value>
                <![CDATA[403]]>
              </value>
            </param>
            <param index="7">
              <value>
                <![CDATA[Pay your bill to finish the transaction]]>
              </value>
            </param>
          </params>
          <exception class="java.lang.AssertionError">
            <message>
              <![CDATA[1 expectation failed.
Response body doesn't match expectation.
Expected: a string containing "Pay your bill to finish the transaction"
  Actual: [data:[:], message:Pay your bill to finish the transaction, status:403]
]]>
            </message>
            <full-stacktrace>
              <![CDATA[java.lang.AssertionError: 1 expectation failed.
Response body doesn't match expectation.
Expected: a string containing "Pay your bill to finish the transaction"
  Actual: [data:[:], message:Pay your bill to finish the transaction, status:403]

at java.base/jdk.internal.reflect.NativeConstructorAccessorImpl.newInstance0(Native Method)
at java.base/jdk.internal.reflect.NativeConstructorAccessorImpl.newInstance(NativeConstructorAccessorImpl.java:62)
at java.base/jdk.internal.reflect.DelegatingConstructorAccessorImpl.newInstance(DelegatingConstructorAccessorImpl.java:45)
at java.base/java.lang.reflect.Constructor.newInstance(Constructor.java:490)
at org.codehaus.groovy.reflection.CachedConstructor.invoke(CachedConstructor.java:83)
at org.codehaus.groovy.reflection.CachedConstructor.doConstructorInvoke(CachedConstructor.java:77)
at org.codehaus.groovy.runtime.callsite.ConstructorSite$ConstructorSiteNoUnwrap.callConstructor(ConstructorSite.java:84)
at org.codehaus.groovy.runtime.callsite.AbstractCallSite.callConstructor(AbstractCallSite.java:250)
at io.restassured.internal.ResponseSpecificationImpl$HamcrestAssertionClosure.validate(ResponseSpecificationImpl.groovy:494)
at io.restassured.internal.ResponseSpecificationImpl$HamcrestAssertionClosure$validate$1.call(Unknown Source)
at io.restassured.internal.ResponseSpecificationImpl.validateResponseIfRequired(ResponseSpecificationImpl.groovy:656)
at jdk.internal.reflect.GeneratedMethodAccessor35.invoke(Unknown Source)
at java.base/jdk.internal.reflect.DelegatingMethodAccessorImpl.invoke(DelegatingMethodAccessorImpl.java:43)
at java.base/java.lang.reflect.Method.invoke(Method.java:566)
at org.codehaus.groovy.runtime.callsite.PogoMetaMethodSite$PogoCachedMethodSiteNoUnwrapNoCoerce.invoke(PogoMetaMethodSite.java:210)
at org.codehaus.groovy.runtime.callsite.PogoMetaMethodSite.callCurrent(PogoMetaMethodSite.java:59)
at org.codehaus.groovy.runtime.callsite.AbstractCallSite.callCurrent(AbstractCallSite.java:169)
at io.restassured.internal.ResponseSpecificationImpl.content(ResponseSpecificationImpl.groovy:97)
at io.restassured.internal.ValidatableResponseOptionsImpl.content(ValidatableResponseOptionsImpl.java:89)
at com.api.testcases.TS_006_InsertPayment.insertPaymentTest(TS_006_InsertPayment.java:119)
at java.base/jdk.internal.reflect.NativeMethodAccessorImpl.invoke0(Native Method)
at java.base/jdk.internal.reflect.NativeMethodAccessorImpl.invoke(NativeMethodAccessorImpl.java:62)
at java.base/jdk.internal.reflect.DelegatingMethodAccessorImpl.invoke(DelegatingMethodAccessorImpl.java:43)
at java.base/java.lang.reflect.Method.invoke(Method.java:566)
at org.testng.internal.MethodInvocationHelper.invokeMethod(MethodInvocationHelper.java:134)
at org.testng.internal.TestInvoker.invokeMethod(TestInvoker.java:597)
at org.testng.internal.TestInvoker.invokeTestMethod(TestInvoker.java:173)
at org.testng.internal.MethodRunner.runInSequence(MethodRunner.java:46)
at org.testng.internal.TestInvoker$MethodInvocationAgent.invoke(TestInvoker.java:816)
at org.testng.internal.TestInvoker.invokeTestMethods(TestInvoker.java:146)
at org.testng.internal.TestMethodWorker.invokeTestMethods(TestMethodWorker.java:146)
at org.testng.internal.TestMethodWorker.run(TestMethodWorker.java:128)
at java.base/java.util.ArrayList.forEach(ArrayList.java:1540)
at org.testng.TestRunner.privateRun(TestRunner.java:766)
at org.testng.TestRunner.run(TestRunner.java:587)
at org.testng.SuiteRunner.runTest(SuiteRunner.java:384)
at org.testng.SuiteRunner.runSequentially(SuiteRunner.java:378)
at org.testng.SuiteRunner.privateRun(SuiteRunner.java:337)
at org.testng.SuiteRunner.run(SuiteRunner.java:286)
at org.testng.SuiteRunnerWorker.runSuite(SuiteRunnerWorker.java:53)
at org.testng.SuiteRunnerWorker.run(SuiteRunnerWorker.java:96)
at org.testng.TestNG.runSuitesSequentially(TestNG.java:1187)
at org.testng.TestNG.runSuitesLocally(TestNG.java:1109)
at org.testng.TestNG.runSuites(TestNG.java:1039)
at org.testng.TestNG.run(TestNG.java:1007)
at org.testng.remote.AbstractRemoteTestNG.run(AbstractRemoteTestNG.java:115)
at org.testng.remote.RemoteTestNG.initAndRun(RemoteTestNG.java:251)
at org.testng.remote.RemoteTestNG.main(RemoteTestNG.java:77)
]]>
            </full-stacktrace>
          </exception> <!-- java.lang.AssertionError -->
          <reporter-output>
          </reporter-output>
        </test-method> <!-- insertPaymentTest -->
        <test-method signature="insertPaymentTest(java.lang.String, java.lang.String, java.lang.String, java.lang.String, java.lang.String, java.lang.String, java.lang.String, java.lang.String)[pri:0, instance:com.api.testcases.TS_006_InsertPayment@5109e8cf]" started-at="2020-05-26T18:38:10 WIB" name="insertPaymentTest" data-provider="getInsertPayment-data" finished-at="2020-05-26T18:38:13 WIB" depends-on-methods="com.api.testcases.TS_006_InsertPayment.createBillData" duration-ms="3365" status="PASS">
          <params>
            <param index="0">
              <value>
                <![CDATA[TS_091]]>
              </value>
            </param>
            <param index="1">
              <value>
                <![CDATA[Test Insert Payment API if wallet balance less than total amount billing]]>
              </value>
            </param>
            <param index="2">
              <value>
                <![CDATA[Depend#83833833834]]>
              </value>
            </param>
            <param index="3">
              <value>
                <![CDATA[Depend#02133333333]]>
              </value>
            </param>
            <param index="4">
              <value>
                <![CDATA[1]]>
              </value>
            </param>
            <param index="5">
              <value>
                <![CDATA[40000]]>
              </value>
            </param>
            <param index="6">
              <value>
                <![CDATA[403]]>
              </value>
            </param>
            <param index="7">
              <value>
                <![CDATA[Insufficient balance please top up]]>
              </value>
            </param>
          </params>
          <reporter-output>
          </reporter-output>
        </test-method> <!-- insertPaymentTest -->
        <test-method signature="insertPaymentTest(java.lang.String, java.lang.String, java.lang.String, java.lang.String, java.lang.String, java.lang.String, java.lang.String, java.lang.String)[pri:0, instance:com.api.testcases.TS_006_InsertPayment@5109e8cf]" started-at="2020-05-26T18:38:13 WIB" name="insertPaymentTest" data-provider="getInsertPayment-data" finished-at="2020-05-26T18:38:16 WIB" depends-on-methods="com.api.testcases.TS_006_InsertPayment.createBillData" duration-ms="2983" status="PASS">
          <params>
            <param index="0">
              <value>
                <![CDATA[TS_092]]>
              </value>
            </param>
            <param index="1">
              <value>
                <![CDATA[Test Insert Payment API if wallet balance equals zero]]>
              </value>
            </param>
            <param index="2">
              <value>
                <![CDATA[Depend#83833833834]]>
              </value>
            </param>
            <param index="3">
              <value>
                <![CDATA[Depend#02133333333]]>
              </value>
            </param>
            <param index="4">
              <value>
                <![CDATA[1]]>
              </value>
            </param>
            <param index="5">
              <value>
                <![CDATA[0]]>
              </value>
            </param>
            <param index="6">
              <value>
                <![CDATA[403]]>
              </value>
            </param>
            <param index="7">
              <value>
                <![CDATA[Insufficient balance please top up]]>
              </value>
            </param>
          </params>
          <reporter-output>
          </reporter-output>
        </test-method> <!-- insertPaymentTest -->
        <test-method signature="insertPaymentTest(java.lang.String, java.lang.String, java.lang.String, java.lang.String, java.lang.String, java.lang.String, java.lang.String, java.lang.String)[pri:0, instance:com.api.testcases.TS_006_InsertPayment@5109e8cf]" started-at="2020-05-26T18:38:16 WIB" name="insertPaymentTest" data-provider="getInsertPayment-data" finished-at="2020-05-26T18:38:19 WIB" depends-on-methods="com.api.testcases.TS_006_InsertPayment.createBillData" duration-ms="2950" status="PASS">
          <params>
            <param index="0">
              <value>
                <![CDATA[TS_093]]>
              </value>
            </param>
            <param index="1">
              <value>
                <![CDATA[Test Insert Payment API with invalid payment method (contain alphabet)]]>
              </value>
            </param>
            <param index="2">
              <value>
                <![CDATA[Depend#83833833834]]>
              </value>
            </param>
            <param index="3">
              <value>
                <![CDATA[Depend#02133333333]]>
              </value>
            </param>
            <param index="4">
              <value>
                <![CDATA[abc]]>
              </value>
            </param>
            <param index="5">
              <value>
                <![CDATA[1000000]]>
              </value>
            </param>
            <param index="6">
              <value>
                <![CDATA[400]]>
              </value>
            </param>
            <param index="7">
              <value>
                <![CDATA[JSON parse error]]>
              </value>
            </param>
          </params>
          <reporter-output>
          </reporter-output>
        </test-method> <!-- insertPaymentTest -->
        <test-method signature="insertPaymentTest(java.lang.String, java.lang.String, java.lang.String, java.lang.String, java.lang.String, java.lang.String, java.lang.String, java.lang.String)[pri:0, instance:com.api.testcases.TS_006_InsertPayment@5109e8cf]" started-at="2020-05-26T18:38:19 WIB" name="insertPaymentTest" data-provider="getInsertPayment-data" finished-at="2020-05-26T18:38:22 WIB" depends-on-methods="com.api.testcases.TS_006_InsertPayment.createBillData" duration-ms="3005" status="PASS">
          <params>
            <param index="0">
              <value>
                <![CDATA[TS_094]]>
              </value>
            </param>
            <param index="1">
              <value>
                <![CDATA[Test Insert Payment API with invalid payment method (contain symbol)]]>
              </value>
            </param>
            <param index="2">
              <value>
                <![CDATA[Depend#83833833834]]>
              </value>
            </param>
            <param index="3">
              <value>
                <![CDATA[Depend#02133333333]]>
              </value>
            </param>
            <param index="4">
              <value>
                <![CDATA[@]]>
              </value>
            </param>
            <param index="5">
              <value>
                <![CDATA[1000000]]>
              </value>
            </param>
            <param index="6">
              <value>
                <![CDATA[400]]>
              </value>
            </param>
            <param index="7">
              <value>
                <![CDATA[JSON parse error]]>
              </value>
            </param>
          </params>
          <reporter-output>
          </reporter-output>
        </test-method> <!-- insertPaymentTest -->
        <test-method signature="insertPaymentTest(java.lang.String, java.lang.String, java.lang.String, java.lang.String, java.lang.String, java.lang.String, java.lang.String, java.lang.String)[pri:0, instance:com.api.testcases.TS_006_InsertPayment@5109e8cf]" started-at="2020-05-26T18:38:22 WIB" name="insertPaymentTest" data-provider="getInsertPayment-data" finished-at="2020-05-26T18:38:25 WIB" depends-on-methods="com.api.testcases.TS_006_InsertPayment.createBillData" duration-ms="3117" status="PASS">
          <params>
            <param index="0">
              <value>
                <![CDATA[TS_095]]>
              </value>
            </param>
            <param index="1">
              <value>
                <![CDATA[Test Insert Payment API with invalid payment method (empty)]]>
              </value>
            </param>
            <param index="2">
              <value>
                <![CDATA[Depend#83833833834]]>
              </value>
            </param>
            <param index="3">
              <value>
                <![CDATA[Depend#02133333333]]>
              </value>
            </param>
            <param index="4">
              <value>
                <![CDATA[]]>
              </value>
            </param>
            <param index="5">
              <value>
                <![CDATA[1000000]]>
              </value>
            </param>
            <param index="6">
              <value>
                <![CDATA[404]]>
              </value>
            </param>
            <param index="7">
              <value>
                <![CDATA[Payment method not found]]>
              </value>
            </param>
          </params>
          <reporter-output>
          </reporter-output>
        </test-method> <!-- insertPaymentTest -->
        <test-method signature="insertPaymentTest(java.lang.String, java.lang.String, java.lang.String, java.lang.String, java.lang.String, java.lang.String, java.lang.String, java.lang.String)[pri:0, instance:com.api.testcases.TS_006_InsertPayment@5109e8cf]" started-at="2020-05-26T18:38:25 WIB" name="insertPaymentTest" data-provider="getInsertPayment-data" finished-at="2020-05-26T18:38:28 WIB" depends-on-methods="com.api.testcases.TS_006_InsertPayment.createBillData" duration-ms="3338" status="PASS">
          <params>
            <param index="0">
              <value>
                <![CDATA[TS_096]]>
              </value>
            </param>
            <param index="1">
              <value>
                <![CDATA[Test Insert Payment API with invalid id bill (contain alphabet)]]>
              </value>
            </param>
            <param index="2">
              <value>
                <![CDATA[Depend#83833833834]]>
              </value>
            </param>
            <param index="3">
              <value>
                <![CDATA[abc]]>
              </value>
            </param>
            <param index="4">
              <value>
                <![CDATA[2]]>
              </value>
            </param>
            <param index="5">
              <value>
                <![CDATA[1000000]]>
              </value>
            </param>
            <param index="6">
              <value>
                <![CDATA[400]]>
              </value>
            </param>
            <param index="7">
              <value>
                <![CDATA[JSON parse error]]>
              </value>
            </param>
          </params>
          <reporter-output>
          </reporter-output>
        </test-method> <!-- insertPaymentTest -->
        <test-method signature="insertPaymentTest(java.lang.String, java.lang.String, java.lang.String, java.lang.String, java.lang.String, java.lang.String, java.lang.String, java.lang.String)[pri:0, instance:com.api.testcases.TS_006_InsertPayment@5109e8cf]" started-at="2020-05-26T18:38:28 WIB" name="insertPaymentTest" data-provider="getInsertPayment-data" finished-at="2020-05-26T18:38:31 WIB" depends-on-methods="com.api.testcases.TS_006_InsertPayment.createBillData" duration-ms="3116" status="PASS">
          <params>
            <param index="0">
              <value>
                <![CDATA[TS_097]]>
              </value>
            </param>
            <param index="1">
              <value>
                <![CDATA[Test Insert Payment API with invalid id bill (contain symbol)]]>
              </value>
            </param>
            <param index="2">
              <value>
                <![CDATA[Depend#83833833834]]>
              </value>
            </param>
            <param index="3">
              <value>
                <![CDATA[@]]>
              </value>
            </param>
            <param index="4">
              <value>
                <![CDATA[2]]>
              </value>
            </param>
            <param index="5">
              <value>
                <![CDATA[1000000]]>
              </value>
            </param>
            <param index="6">
              <value>
                <![CDATA[400]]>
              </value>
            </param>
            <param index="7">
              <value>
                <![CDATA[JSON parse error]]>
              </value>
            </param>
          </params>
          <reporter-output>
          </reporter-output>
        </test-method> <!-- insertPaymentTest -->
        <test-method signature="insertPaymentTest(java.lang.String, java.lang.String, java.lang.String, java.lang.String, java.lang.String, java.lang.String, java.lang.String, java.lang.String)[pri:0, instance:com.api.testcases.TS_006_InsertPayment@5109e8cf]" started-at="2020-05-26T18:38:31 WIB" name="insertPaymentTest" data-provider="getInsertPayment-data" finished-at="2020-05-26T18:38:34 WIB" depends-on-methods="com.api.testcases.TS_006_InsertPayment.createBillData" duration-ms="2937" status="PASS">
          <params>
            <param index="0">
              <value>
                <![CDATA[TS_098]]>
              </value>
            </param>
            <param index="1">
              <value>
                <![CDATA[Test Insert Payment API with invalid id bill (empty)]]>
              </value>
            </param>
            <param index="2">
              <value>
                <![CDATA[Depend#83833833834]]>
              </value>
            </param>
            <param index="3">
              <value>
                <![CDATA[]]>
              </value>
            </param>
            <param index="4">
              <value>
                <![CDATA[2]]>
              </value>
            </param>
            <param index="5">
              <value>
                <![CDATA[1000000]]>
              </value>
            </param>
            <param index="6">
              <value>
                <![CDATA[404]]>
              </value>
            </param>
            <param index="7">
              <value>
                <![CDATA[Bill not found]]>
              </value>
            </param>
          </params>
          <reporter-output>
          </reporter-output>
        </test-method> <!-- insertPaymentTest -->
        <test-method signature="insertPaymentTest(java.lang.String, java.lang.String, java.lang.String, java.lang.String, java.lang.String, java.lang.String, java.lang.String, java.lang.String)[pri:0, instance:com.api.testcases.TS_006_InsertPayment@5109e8cf]" started-at="2020-05-26T18:38:34 WIB" name="insertPaymentTest" data-provider="getInsertPayment-data" finished-at="2020-05-26T18:38:36 WIB" depends-on-methods="com.api.testcases.TS_006_InsertPayment.createBillData" duration-ms="1628" status="PASS">
          <params>
            <param index="0">
              <value>
                <![CDATA[TS_099]]>
              </value>
            </param>
            <param index="1">
              <value>
                <![CDATA[Test Insert Payment API with invalid id user(contain alphabet)]]>
              </value>
            </param>
            <param index="2">
              <value>
                <![CDATA[abc]]>
              </value>
            </param>
            <param index="3">
              <value>
                <![CDATA[Depend#02133333333]]>
              </value>
            </param>
            <param index="4">
              <value>
                <![CDATA[2]]>
              </value>
            </param>
            <param index="5">
              <value>
                <![CDATA[1000000]]>
              </value>
            </param>
            <param index="6">
              <value>
                <![CDATA[400]]>
              </value>
            </param>
            <param index="7">
              <value>
                <![CDATA[JSON parse error]]>
              </value>
            </param>
          </params>
          <reporter-output>
          </reporter-output>
        </test-method> <!-- insertPaymentTest -->
        <test-method signature="insertPaymentTest(java.lang.String, java.lang.String, java.lang.String, java.lang.String, java.lang.String, java.lang.String, java.lang.String, java.lang.String)[pri:0, instance:com.api.testcases.TS_006_InsertPayment@5109e8cf]" started-at="2020-05-26T18:38:36 WIB" name="insertPaymentTest" data-provider="getInsertPayment-data" finished-at="2020-05-26T18:38:37 WIB" depends-on-methods="com.api.testcases.TS_006_InsertPayment.createBillData" duration-ms="1329" status="PASS">
          <params>
            <param index="0">
              <value>
                <![CDATA[TS_100]]>
              </value>
            </param>
            <param index="1">
              <value>
                <![CDATA[Test Insert Payment API with invalid id user (contain symbol)]]>
              </value>
            </param>
            <param index="2">
              <value>
                <![CDATA[@]]>
              </value>
            </param>
            <param index="3">
              <value>
                <![CDATA[Depend#02133333333]]>
              </value>
            </param>
            <param index="4">
              <value>
                <![CDATA[2]]>
              </value>
            </param>
            <param index="5">
              <value>
                <![CDATA[1000000]]>
              </value>
            </param>
            <param index="6">
              <value>
                <![CDATA[400]]>
              </value>
            </param>
            <param index="7">
              <value>
                <![CDATA[JSON parse error]]>
              </value>
            </param>
          </params>
          <reporter-output>
          </reporter-output>
        </test-method> <!-- insertPaymentTest -->
        <test-method signature="insertPaymentTest(java.lang.String, java.lang.String, java.lang.String, java.lang.String, java.lang.String, java.lang.String, java.lang.String, java.lang.String)[pri:0, instance:com.api.testcases.TS_006_InsertPayment@5109e8cf]" started-at="2020-05-26T18:38:37 WIB" name="insertPaymentTest" data-provider="getInsertPayment-data" finished-at="2020-05-26T18:38:39 WIB" depends-on-methods="com.api.testcases.TS_006_InsertPayment.createBillData" duration-ms="1283" status="PASS">
          <params>
            <param index="0">
              <value>
                <![CDATA[TS_101]]>
              </value>
            </param>
            <param index="1">
              <value>
                <![CDATA[Test Insert Payment API with invalid id user (empty)]]>
              </value>
            </param>
            <param index="2">
              <value>
                <![CDATA[]]>
              </value>
            </param>
            <param index="3">
              <value>
                <![CDATA[Depend#02133333333]]>
              </value>
            </param>
            <param index="4">
              <value>
                <![CDATA[2]]>
              </value>
            </param>
            <param index="5">
              <value>
                <![CDATA[1000000]]>
              </value>
            </param>
            <param index="6">
              <value>
                <![CDATA[404]]>
              </value>
            </param>
            <param index="7">
              <value>
                <![CDATA[User not found]]>
              </value>
            </param>
          </params>
          <reporter-output>
          </reporter-output>
        </test-method> <!-- insertPaymentTest -->
      </class> <!-- com.api.testcases.TS_006_InsertPayment -->
      <class name="com.api.testcases.TS_008_GetUserPaymentHistory">
        <test-method is-config="true" signature="setUp()[pri:0, instance:com.api.testcases.TS_008_GetUserPaymentHistory@78b41097]" started-at="2020-05-26T18:39:22 WIB" name="setUp" finished-at="2020-05-26T18:39:22 WIB" duration-ms="6" status="PASS">
          <reporter-output>
          </reporter-output>
        </test-method> <!-- setUp -->
        <test-method is-config="true" signature="firstLogMessage()[pri:0, instance:com.api.testcases.TS_008_GetUserPaymentHistory@78b41097]" started-at="2020-05-26T18:39:22 WIB" name="firstLogMessage" finished-at="2020-05-26T18:39:22 WIB" duration-ms="0" status="PASS">
          <reporter-output>
          </reporter-output>
        </test-method> <!-- firstLogMessage -->
        <test-method signature="getProfileTest(java.lang.String, java.lang.String, java.lang.String, java.lang.String, java.lang.String, java.lang.String)[pri:0, instance:com.api.testcases.TS_008_GetUserPaymentHistory@78b41097]" started-at="2020-05-26T18:39:22 WIB" name="getProfileTest" data-provider="getUserPaymentHistory-data" finished-at="2020-05-26T18:39:24 WIB" duration-ms="2079" status="PASS">
          <params>
            <param index="0">
              <value>
                <![CDATA[TC_118]]>
              </value>
            </param>
            <param index="1">
              <value>
                <![CDATA[Test Get User Payment History API if user exist]]>
              </value>
            </param>
            <param index="2">
              <value>
                <![CDATA[Depend#83833833834]]>
              </value>
            </param>
            <param index="3">
              <value>
                <![CDATA[Success]]>
              </value>
            </param>
            <param index="4">
              <value>
                <![CDATA[200]]>
              </value>
            </param>
            <param index="5">
              <value>
                <![CDATA[Payment history has successfully sent]]>
              </value>
            </param>
          </params>
          <reporter-output>
          </reporter-output>
        </test-method> <!-- getProfileTest -->
        <test-method signature="getProfileTest(java.lang.String, java.lang.String, java.lang.String, java.lang.String, java.lang.String, java.lang.String)[pri:0, instance:com.api.testcases.TS_008_GetUserPaymentHistory@78b41097]" started-at="2020-05-26T18:39:24 WIB" name="getProfileTest" data-provider="getUserPaymentHistory-data" finished-at="2020-05-26T18:39:26 WIB" duration-ms="1933" status="PASS">
          <params>
            <param index="0">
              <value>
                <![CDATA[TC_119]]>
              </value>
            </param>
            <param index="1">
              <value>
                <![CDATA[Test Get User Payment History if user not exist]]>
              </value>
            </param>
            <param index="2">
              <value>
                <![CDATA[1000]]>
              </value>
            </param>
            <param index="3">
              <value>
                <![CDATA[Fail]]>
              </value>
            </param>
            <param index="4">
              <value>
                <![CDATA[404]]>
              </value>
            </param>
            <param index="5">
              <value>
                <![CDATA[Payment not found]]>
              </value>
            </param>
          </params>
          <reporter-output>
          </reporter-output>
        </test-method> <!-- getProfileTest -->
        <test-method signature="getProfileTest(java.lang.String, java.lang.String, java.lang.String, java.lang.String, java.lang.String, java.lang.String)[pri:0, instance:com.api.testcases.TS_008_GetUserPaymentHistory@78b41097]" started-at="2020-05-26T18:39:26 WIB" name="getProfileTest" data-provider="getUserPaymentHistory-data" finished-at="2020-05-26T18:39:27 WIB" duration-ms="1586" status="PASS">
          <params>
            <param index="0">
              <value>
                <![CDATA[TC_120]]>
              </value>
            </param>
            <param index="1">
              <value>
                <![CDATA[Test Get User Payment History API with invalid user id (contain alphabet)]]>
              </value>
            </param>
            <param index="2">
              <value>
                <![CDATA[a]]>
              </value>
            </param>
            <param index="3">
              <value>
                <![CDATA[Fail]]>
              </value>
            </param>
            <param index="4">
              <value>
                <![CDATA[400]]>
              </value>
            </param>
            <param index="5">
              <value>
                <![CDATA[JSON parse error]]>
              </value>
            </param>
          </params>
          <reporter-output>
          </reporter-output>
        </test-method> <!-- getProfileTest -->
        <test-method signature="getProfileTest(java.lang.String, java.lang.String, java.lang.String, java.lang.String, java.lang.String, java.lang.String)[pri:0, instance:com.api.testcases.TS_008_GetUserPaymentHistory@78b41097]" started-at="2020-05-26T18:39:27 WIB" name="getProfileTest" data-provider="getUserPaymentHistory-data" finished-at="2020-05-26T18:39:29 WIB" duration-ms="1371" status="PASS">
          <params>
            <param index="0">
              <value>
                <![CDATA[TC_121]]>
              </value>
            </param>
            <param index="1">
              <value>
                <![CDATA[Test Get User Payment History API with invalid user id (contain symbol)]]>
              </value>
            </param>
            <param index="2">
              <value>
                <![CDATA[@]]>
              </value>
            </param>
            <param index="3">
              <value>
                <![CDATA[Fail]]>
              </value>
            </param>
            <param index="4">
              <value>
                <![CDATA[400]]>
              </value>
            </param>
            <param index="5">
              <value>
                <![CDATA[JSON parse error]]>
              </value>
            </param>
          </params>
          <reporter-output>
          </reporter-output>
        </test-method> <!-- getProfileTest -->
        <test-method signature="getProfileTest(java.lang.String, java.lang.String, java.lang.String, java.lang.String, java.lang.String, java.lang.String)[pri:0, instance:com.api.testcases.TS_008_GetUserPaymentHistory@78b41097]" started-at="2020-05-26T18:39:29 WIB" name="getProfileTest" data-provider="getUserPaymentHistory-data" finished-at="2020-05-26T18:39:30 WIB" duration-ms="1467" status="PASS">
          <params>
            <param index="0">
              <value>
                <![CDATA[TC_122]]>
              </value>
            </param>
            <param index="1">
              <value>
                <![CDATA[Test Get User Payment History API with invalid user id (empty)]]>
              </value>
            </param>
            <param index="2">
              <value>
                <![CDATA[]]>
              </value>
            </param>
            <param index="3">
              <value>
                <![CDATA[Fail]]>
              </value>
            </param>
            <param index="4">
              <value>
                <![CDATA[404]]>
              </value>
            </param>
            <param index="5">
              <value>
                <![CDATA[Payment not found]]>
              </value>
            </param>
          </params>
          <reporter-output>
          </reporter-output>
        </test-method> <!-- getProfileTest -->
      </class> <!-- com.api.testcases.TS_008_GetUserPaymentHistory -->
      <class name="com.api.testcases.TS_009_Logout">
        <test-method is-config="true" signature="setUp()[pri:0, instance:com.api.testcases.TS_009_Logout@2c2db130]" started-at="2020-05-26T18:39:30 WIB" name="setUp" finished-at="2020-05-26T18:39:30 WIB" duration-ms="1" status="PASS">
          <reporter-output>
          </reporter-output>
        </test-method> <!-- setUp -->
        <test-method is-config="true" signature="firstLogMessage()[pri:0, instance:com.api.testcases.TS_009_Logout@2c2db130]" started-at="2020-05-26T18:39:30 WIB" name="firstLogMessage" finished-at="2020-05-26T18:39:30 WIB" duration-ms="0" status="PASS">
          <reporter-output>
          </reporter-output>
        </test-method> <!-- firstLogMessage -->
        <test-method signature="logoutTest(java.lang.String, java.lang.String, java.lang.String, java.lang.String, java.lang.String, java.lang.String)[pri:0, instance:com.api.testcases.TS_009_Logout@2c2db130]" started-at="2020-05-26T18:39:30 WIB" name="logoutTest" data-provider="logout-data" finished-at="2020-05-26T18:39:32 WIB" duration-ms="1761" status="FAIL">
          <params>
            <param index="0">
              <value>
                <![CDATA[TC_118]]>
              </value>
            </param>
            <param index="1">
              <value>
                <![CDATA[Test Logout API with positive path (user already login)]]>
              </value>
            </param>
            <param index="2">
              <value>
                <![CDATA[Depend#83833833834]]>
              </value>
            </param>
            <param index="3">
              <value>
                <![CDATA[Success]]>
              </value>
            </param>
            <param index="4">
              <value>
                <![CDATA[200]]>
              </value>
            </param>
            <param index="5">
              <value>
                <![CDATA[User has successfully logout]]>
              </value>
            </param>
          </params>
          <exception class="java.lang.AssertionError">
            <message>
              <![CDATA[1 expectation failed.
JSON path data.idUser doesn't match.
Expected: <346>
  Actual: null
]]>
            </message>
            <full-stacktrace>
              <![CDATA[java.lang.AssertionError: 1 expectation failed.
JSON path data.idUser doesn't match.
Expected: <346>
  Actual: null

at java.base/jdk.internal.reflect.NativeConstructorAccessorImpl.newInstance0(Native Method)
at java.base/jdk.internal.reflect.NativeConstructorAccessorImpl.newInstance(NativeConstructorAccessorImpl.java:62)
at java.base/jdk.internal.reflect.DelegatingConstructorAccessorImpl.newInstance(DelegatingConstructorAccessorImpl.java:45)
at java.base/java.lang.reflect.Constructor.newInstance(Constructor.java:490)
at org.codehaus.groovy.reflection.CachedConstructor.invoke(CachedConstructor.java:83)
at org.codehaus.groovy.reflection.CachedConstructor.doConstructorInvoke(CachedConstructor.java:77)
at org.codehaus.groovy.runtime.callsite.ConstructorSite$ConstructorSiteNoUnwrap.callConstructor(ConstructorSite.java:84)
at org.codehaus.groovy.runtime.callsite.AbstractCallSite.callConstructor(AbstractCallSite.java:250)
at io.restassured.internal.ResponseSpecificationImpl$HamcrestAssertionClosure.validate(ResponseSpecificationImpl.groovy:494)
at io.restassured.internal.ResponseSpecificationImpl$HamcrestAssertionClosure$validate$1.call(Unknown Source)
at io.restassured.internal.ResponseSpecificationImpl.validateResponseIfRequired(ResponseSpecificationImpl.groovy:656)
at jdk.internal.reflect.GeneratedMethodAccessor35.invoke(Unknown Source)
at java.base/jdk.internal.reflect.DelegatingMethodAccessorImpl.invoke(DelegatingMethodAccessorImpl.java:43)
at java.base/java.lang.reflect.Method.invoke(Method.java:566)
at org.codehaus.groovy.runtime.callsite.PogoMetaMethodSite$PogoCachedMethodSiteNoUnwrapNoCoerce.invoke(PogoMetaMethodSite.java:210)
at org.codehaus.groovy.runtime.callsite.PogoMetaMethodSite.callCurrent(PogoMetaMethodSite.java:59)
at org.codehaus.groovy.runtime.callsite.AbstractCallSite.callCurrent(AbstractCallSite.java:169)
at io.restassured.internal.ResponseSpecificationImpl.content(ResponseSpecificationImpl.groovy:277)
at io.restassured.specification.ResponseSpecification$content$1.callCurrent(Unknown Source)
at io.restassured.internal.ResponseSpecificationImpl.body(ResponseSpecificationImpl.groovy:260)
at io.restassured.internal.ValidatableResponseOptionsImpl.body(ValidatableResponseOptionsImpl.java:274)
at com.api.testcases.TS_009_Logout.logoutTest(TS_009_Logout.java:67)
at java.base/jdk.internal.reflect.NativeMethodAccessorImpl.invoke0(Native Method)
at java.base/jdk.internal.reflect.NativeMethodAccessorImpl.invoke(NativeMethodAccessorImpl.java:62)
at java.base/jdk.internal.reflect.DelegatingMethodAccessorImpl.invoke(DelegatingMethodAccessorImpl.java:43)
at java.base/java.lang.reflect.Method.invoke(Method.java:566)
at org.testng.internal.MethodInvocationHelper.invokeMethod(MethodInvocationHelper.java:134)
at org.testng.internal.TestInvoker.invokeMethod(TestInvoker.java:597)
at org.testng.internal.TestInvoker.invokeTestMethod(TestInvoker.java:173)
at org.testng.internal.MethodRunner.runInSequence(MethodRunner.java:46)
at org.testng.internal.TestInvoker$MethodInvocationAgent.invoke(TestInvoker.java:816)
at org.testng.internal.TestInvoker.invokeTestMethods(TestInvoker.java:146)
at org.testng.internal.TestMethodWorker.invokeTestMethods(TestMethodWorker.java:146)
at org.testng.internal.TestMethodWorker.run(TestMethodWorker.java:128)
at java.base/java.util.ArrayList.forEach(ArrayList.java:1540)
at org.testng.TestRunner.privateRun(TestRunner.java:766)
at org.testng.TestRunner.run(TestRunner.java:587)
at org.testng.SuiteRunner.runTest(SuiteRunner.java:384)
at org.testng.SuiteRunner.runSequentially(SuiteRunner.java:378)
at org.testng.SuiteRunner.privateRun(SuiteRunner.java:337)
at org.testng.SuiteRunner.run(SuiteRunner.java:286)
at org.testng.SuiteRunnerWorker.runSuite(SuiteRunnerWorker.java:53)
at org.testng.SuiteRunnerWorker.run(SuiteRunnerWorker.java:96)
at org.testng.TestNG.runSuitesSequentially(TestNG.java:1187)
at org.testng.TestNG.runSuitesLocally(TestNG.java:1109)
at org.testng.TestNG.runSuites(TestNG.java:1039)
at org.testng.TestNG.run(TestNG.java:1007)
at org.testng.remote.AbstractRemoteTestNG.run(AbstractRemoteTestNG.java:115)
at org.testng.remote.RemoteTestNG.initAndRun(RemoteTestNG.java:251)
at org.testng.remote.RemoteTestNG.main(RemoteTestNG.java:77)
]]>
            </full-stacktrace>
          </exception> <!-- java.lang.AssertionError -->
          <reporter-output>
          </reporter-output>
        </test-method> <!-- logoutTest -->
        <test-method signature="logoutTest(java.lang.String, java.lang.String, java.lang.String, java.lang.String, java.lang.String, java.lang.String)[pri:0, instance:com.api.testcases.TS_009_Logout@2c2db130]" started-at="2020-05-26T18:39:32 WIB" name="logoutTest" data-provider="logout-data" finished-at="2020-05-26T18:39:34 WIB" duration-ms="1419" status="FAIL">
          <params>
            <param index="0">
              <value>
                <![CDATA[TC_119]]>
              </value>
            </param>
            <param index="1">
              <value>
                <![CDATA[Test Logout API if user already logout]]>
              </value>
            </param>
            <param index="2">
              <value>
                <![CDATA[Depend#83833833834]]>
              </value>
            </param>
            <param index="3">
              <value>
                <![CDATA[Fail]]>
              </value>
            </param>
            <param index="4">
              <value>
                <![CDATA[404]]>
              </value>
            </param>
            <param index="5">
              <value>
                <![CDATA[User is already logged out]]>
              </value>
            </param>
          </params>
          <exception class="java.lang.AssertionError">
            <message>
              <![CDATA[1 expectation failed.
Response body doesn't match expectation.
Expected: a string containing "User is already logged out"
  Actual: [data:[:], message:User is already logged out, status:404]
]]>
            </message>
            <full-stacktrace>
              <![CDATA[java.lang.AssertionError: 1 expectation failed.
Response body doesn't match expectation.
Expected: a string containing "User is already logged out"
  Actual: [data:[:], message:User is already logged out, status:404]

at java.base/jdk.internal.reflect.NativeConstructorAccessorImpl.newInstance0(Native Method)
at java.base/jdk.internal.reflect.NativeConstructorAccessorImpl.newInstance(NativeConstructorAccessorImpl.java:62)
at java.base/jdk.internal.reflect.DelegatingConstructorAccessorImpl.newInstance(DelegatingConstructorAccessorImpl.java:45)
at java.base/java.lang.reflect.Constructor.newInstance(Constructor.java:490)
at org.codehaus.groovy.reflection.CachedConstructor.invoke(CachedConstructor.java:83)
at org.codehaus.groovy.reflection.CachedConstructor.doConstructorInvoke(CachedConstructor.java:77)
at org.codehaus.groovy.runtime.callsite.ConstructorSite$ConstructorSiteNoUnwrap.callConstructor(ConstructorSite.java:84)
at org.codehaus.groovy.runtime.callsite.AbstractCallSite.callConstructor(AbstractCallSite.java:250)
at io.restassured.internal.ResponseSpecificationImpl$HamcrestAssertionClosure.validate(ResponseSpecificationImpl.groovy:494)
at io.restassured.internal.ResponseSpecificationImpl$HamcrestAssertionClosure$validate$1.call(Unknown Source)
at io.restassured.internal.ResponseSpecificationImpl.validateResponseIfRequired(ResponseSpecificationImpl.groovy:656)
at jdk.internal.reflect.GeneratedMethodAccessor35.invoke(Unknown Source)
at java.base/jdk.internal.reflect.DelegatingMethodAccessorImpl.invoke(DelegatingMethodAccessorImpl.java:43)
at java.base/java.lang.reflect.Method.invoke(Method.java:566)
at org.codehaus.groovy.runtime.callsite.PogoMetaMethodSite$PogoCachedMethodSiteNoUnwrapNoCoerce.invoke(PogoMetaMethodSite.java:210)
at org.codehaus.groovy.runtime.callsite.PogoMetaMethodSite.callCurrent(PogoMetaMethodSite.java:59)
at org.codehaus.groovy.runtime.callsite.AbstractCallSite.callCurrent(AbstractCallSite.java:169)
at io.restassured.internal.ResponseSpecificationImpl.content(ResponseSpecificationImpl.groovy:97)
at io.restassured.internal.ValidatableResponseOptionsImpl.content(ValidatableResponseOptionsImpl.java:89)
at com.api.testcases.TS_009_Logout.logoutTest(TS_009_Logout.java:101)
at java.base/jdk.internal.reflect.NativeMethodAccessorImpl.invoke0(Native Method)
at java.base/jdk.internal.reflect.NativeMethodAccessorImpl.invoke(NativeMethodAccessorImpl.java:62)
at java.base/jdk.internal.reflect.DelegatingMethodAccessorImpl.invoke(DelegatingMethodAccessorImpl.java:43)
at java.base/java.lang.reflect.Method.invoke(Method.java:566)
at org.testng.internal.MethodInvocationHelper.invokeMethod(MethodInvocationHelper.java:134)
at org.testng.internal.TestInvoker.invokeMethod(TestInvoker.java:597)
at org.testng.internal.TestInvoker.invokeTestMethod(TestInvoker.java:173)
at org.testng.internal.MethodRunner.runInSequence(MethodRunner.java:46)
at org.testng.internal.TestInvoker$MethodInvocationAgent.invoke(TestInvoker.java:816)
at org.testng.internal.TestInvoker.invokeTestMethods(TestInvoker.java:146)
at org.testng.internal.TestMethodWorker.invokeTestMethods(TestMethodWorker.java:146)
at org.testng.internal.TestMethodWorker.run(TestMethodWorker.java:128)
at java.base/java.util.ArrayList.forEach(ArrayList.java:1540)
at org.testng.TestRunner.privateRun(TestRunner.java:766)
at org.testng.TestRunner.run(TestRunner.java:587)
at org.testng.SuiteRunner.runTest(SuiteRunner.java:384)
at org.testng.SuiteRunner.runSequentially(SuiteRunner.java:378)
at org.testng.SuiteRunner.privateRun(SuiteRunner.java:337)
at org.testng.SuiteRunner.run(SuiteRunner.java:286)
at org.testng.SuiteRunnerWorker.runSuite(SuiteRunnerWorker.java:53)
at org.testng.SuiteRunnerWorker.run(SuiteRunnerWorker.java:96)
at org.testng.TestNG.runSuitesSequentially(TestNG.java:1187)
at org.testng.TestNG.runSuitesLocally(TestNG.java:1109)
at org.testng.TestNG.runSuites(TestNG.java:1039)
at org.testng.TestNG.run(TestNG.java:1007)
at org.testng.remote.AbstractRemoteTestNG.run(AbstractRemoteTestNG.java:115)
at org.testng.remote.RemoteTestNG.initAndRun(RemoteTestNG.java:251)
at org.testng.remote.RemoteTestNG.main(RemoteTestNG.java:77)
]]>
            </full-stacktrace>
          </exception> <!-- java.lang.AssertionError -->
          <reporter-output>
          </reporter-output>
        </test-method> <!-- logoutTest -->
        <test-method signature="logoutTest(java.lang.String, java.lang.String, java.lang.String, java.lang.String, java.lang.String, java.lang.String)[pri:0, instance:com.api.testcases.TS_009_Logout@2c2db130]" started-at="2020-05-26T18:39:34 WIB" name="logoutTest" data-provider="logout-data" finished-at="2020-05-26T18:39:36 WIB" duration-ms="2131" status="PASS">
          <params>
            <param index="0">
              <value>
                <![CDATA[TC_120]]>
              </value>
            </param>
            <param index="1">
              <value>
                <![CDATA[Test Logout API if user not exist]]>
              </value>
            </param>
            <param index="2">
              <value>
                <![CDATA[1000]]>
              </value>
            </param>
            <param index="3">
              <value>
                <![CDATA[Fail]]>
              </value>
            </param>
            <param index="4">
              <value>
                <![CDATA[404]]>
              </value>
            </param>
            <param index="5">
              <value>
                <![CDATA[User not found]]>
              </value>
            </param>
          </params>
          <reporter-output>
          </reporter-output>
        </test-method> <!-- logoutTest -->
        <test-method signature="logoutTest(java.lang.String, java.lang.String, java.lang.String, java.lang.String, java.lang.String, java.lang.String)[pri:0, instance:com.api.testcases.TS_009_Logout@2c2db130]" started-at="2020-05-26T18:39:36 WIB" name="logoutTest" data-provider="logout-data" finished-at="2020-05-26T18:39:38 WIB" duration-ms="1784" status="PASS">
          <params>
            <param index="0">
              <value>
                <![CDATA[TC_121]]>
              </value>
            </param>
            <param index="1">
              <value>
                <![CDATA[Test Logout API with invalid user id (contain alphabet)]]>
              </value>
            </param>
            <param index="2">
              <value>
                <![CDATA[a]]>
              </value>
            </param>
            <param index="3">
              <value>
                <![CDATA[Fail]]>
              </value>
            </param>
            <param index="4">
              <value>
                <![CDATA[400]]>
              </value>
            </param>
            <param index="5">
              <value>
                <![CDATA[JSON parse error]]>
              </value>
            </param>
          </params>
          <reporter-output>
          </reporter-output>
        </test-method> <!-- logoutTest -->
        <test-method signature="logoutTest(java.lang.String, java.lang.String, java.lang.String, java.lang.String, java.lang.String, java.lang.String)[pri:0, instance:com.api.testcases.TS_009_Logout@2c2db130]" started-at="2020-05-26T18:39:38 WIB" name="logoutTest" data-provider="logout-data" finished-at="2020-05-26T18:39:39 WIB" duration-ms="1395" status="PASS">
          <params>
            <param index="0">
              <value>
                <![CDATA[TC_122]]>
              </value>
            </param>
            <param index="1">
              <value>
                <![CDATA[Test Logout API with invalid user id (contain symbol)]]>
              </value>
            </param>
            <param index="2">
              <value>
                <![CDATA[@]]>
              </value>
            </param>
            <param index="3">
              <value>
                <![CDATA[Fail]]>
              </value>
            </param>
            <param index="4">
              <value>
                <![CDATA[400]]>
              </value>
            </param>
            <param index="5">
              <value>
                <![CDATA[JSON parse error]]>
              </value>
            </param>
          </params>
          <reporter-output>
          </reporter-output>
        </test-method> <!-- logoutTest -->
        <test-method signature="logoutTest(java.lang.String, java.lang.String, java.lang.String, java.lang.String, java.lang.String, java.lang.String)[pri:0, instance:com.api.testcases.TS_009_Logout@2c2db130]" started-at="2020-05-26T18:39:39 WIB" name="logoutTest" data-provider="logout-data" finished-at="2020-05-26T18:39:40 WIB" duration-ms="1472" status="PASS">
          <params>
            <param index="0">
              <value>
                <![CDATA[TC_123]]>
              </value>
            </param>
            <param index="1">
              <value>
                <![CDATA[Test Logout API with invalid user id (empty)]]>
              </value>
            </param>
            <param index="2">
              <value>
                <![CDATA[]]>
              </value>
            </param>
            <param index="3">
              <value>
                <![CDATA[Fail]]>
              </value>
            </param>
            <param index="4">
              <value>
                <![CDATA[404]]>
              </value>
            </param>
            <param index="5">
              <value>
                <![CDATA[User not found]]>
              </value>
            </param>
          </params>
          <reporter-output>
          </reporter-output>
        </test-method> <!-- logoutTest -->
      </class> <!-- com.api.testcases.TS_009_Logout -->
      <class name="com.api.testcases.TS_007_VerifyPayment">
        <test-method is-config="true" signature="setUp()[pri:0, instance:com.api.testcases.TS_007_VerifyPayment@3f672204]" started-at="2020-05-26T18:38:39 WIB" name="setUp" finished-at="2020-05-26T18:38:39 WIB" duration-ms="1" status="PASS">
          <reporter-output>
          </reporter-output>
        </test-method> <!-- setUp -->
        <test-method is-config="true" signature="firstLogMessage()[pri:0, instance:com.api.testcases.TS_007_VerifyPayment@3f672204]" started-at="2020-05-26T18:38:39 WIB" name="firstLogMessage" finished-at="2020-05-26T18:38:39 WIB" duration-ms="1" status="PASS">
          <reporter-output>
          </reporter-output>
        </test-method> <!-- firstLogMessage -->
        <test-method signature="createBillData(java.lang.String, java.lang.String, java.lang.String, java.lang.String, java.lang.String)[pri:0, instance:com.api.testcases.TS_007_VerifyPayment@3f672204]" started-at="2020-05-26T18:38:39 WIB" name="createBillData" data-provider="createBill-data" finished-at="2020-05-26T18:38:40 WIB" duration-ms="1419" status="PASS">
          <params>
            <param index="0">
              <value>
                <![CDATA[Ridwan Remin]]>
              </value>
            </param>
            <param index="1">
              <value>
                <![CDATA[02411111111]]>
              </value>
            </param>
            <param index="2">
              <value>
                <![CDATA[May]]>
              </value>
            </param>
            <param index="3">
              <value>
                <![CDATA[75000]]>
              </value>
            </param>
            <param index="4">
              <value>
                <![CDATA[unpaid]]>
              </value>
            </param>
          </params>
          <reporter-output>
          </reporter-output>
        </test-method> <!-- createBillData -->
        <test-method signature="createBillData(java.lang.String, java.lang.String, java.lang.String, java.lang.String, java.lang.String)[pri:0, instance:com.api.testcases.TS_007_VerifyPayment@3f672204]" started-at="2020-05-26T18:38:40 WIB" name="createBillData" data-provider="createBill-data" finished-at="2020-05-26T18:38:42 WIB" duration-ms="1429" status="PASS">
          <params>
            <param index="0">
              <value>
                <![CDATA[Dodit Mulyanto]]>
              </value>
            </param>
            <param index="1">
              <value>
                <![CDATA[02422222222]]>
              </value>
            </param>
            <param index="2">
              <value>
                <![CDATA[May]]>
              </value>
            </param>
            <param index="3">
              <value>
                <![CDATA[75000]]>
              </value>
            </param>
            <param index="4">
              <value>
                <![CDATA[unpaid]]>
              </value>
            </param>
          </params>
          <reporter-output>
          </reporter-output>
        </test-method> <!-- createBillData -->
        <test-method signature="createBillData(java.lang.String, java.lang.String, java.lang.String, java.lang.String, java.lang.String)[pri:0, instance:com.api.testcases.TS_007_VerifyPayment@3f672204]" started-at="2020-05-26T18:38:42 WIB" name="createBillData" data-provider="createBill-data" finished-at="2020-05-26T18:38:43 WIB" duration-ms="1507" status="PASS">
          <params>
            <param index="0">
              <value>
                <![CDATA[Raditya Dika]]>
              </value>
            </param>
            <param index="1">
              <value>
                <![CDATA[02433333333]]>
              </value>
            </param>
            <param index="2">
              <value>
                <![CDATA[May]]>
              </value>
            </param>
            <param index="3">
              <value>
                <![CDATA[75000]]>
              </value>
            </param>
            <param index="4">
              <value>
                <![CDATA[unpaid]]>
              </value>
            </param>
          </params>
          <reporter-output>
          </reporter-output>
        </test-method> <!-- createBillData -->
[...]
              </value>
            </param>
          </params>
          <reporter-output>
          </reporter-output>
        </test-method> <!-- getUnpaidBillTest -->
        <test-method signature="getUnpaidBillTest(java.lang.String, java.lang.String, java.lang.String, java.lang.String, java.lang.String, java.lang.String)[pri:0, instance:com.api.testcases.TS_005_GetUnpaidBill@6fd77352]" started-at="2020-05-26T18:37:26 WIB" name="getUnpaidBillTest" data-provider="getUnpaidBill-data" finished-at="2020-05-26T18:37:27 WIB" depends-on-methods="com.api.testcases.TS_005_GetUnpaidBill.createBillData" duration-ms="1559" status="PASS">
          <params>
            <param index="0">
              <value>
                <![CDATA[TS_076]]>
              </value>
            </param>
            <param index="1">
              <value>
                <![CDATA[Test Get Telephone Bills API with negative test (valid data, phone number registered but no billing)]]>
              </value>
            </param>
            <param index="2">
              <value>
                <![CDATA[02222222222]]>
              </value>
            </param>
            <param index="3">
              <value>
                <![CDATA[Not Found]]>
              </value>
            </param>
            <param index="4">
              <value>
                <![CDATA[404]]>
              </value>
            </param>
            <param index="5">
              <value>
                <![CDATA[Bill not found]]>
              </value>
            </param>
          </params>
          <reporter-output>
          </reporter-output>
        </test-method> <!-- getUnpaidBillTest -->
        <test-method signature="getUnpaidBillTest(java.lang.String, java.lang.String, java.lang.String, java.lang.String, java.lang.String, java.lang.String)[pri:0, instance:com.api.testcases.TS_005_GetUnpaidBill@6fd77352]" started-at="2020-05-26T18:37:27 WIB" name="getUnpaidBillTest" data-provider="getUnpaidBill-data" finished-at="2020-05-26T18:37:29 WIB" depends-on-methods="com.api.testcases.TS_005_GetUnpaidBill.createBillData" duration-ms="1446" status="PASS">
          <params>
            <param index="0">
              <value>
                <![CDATA[TS_077]]>
              </value>
            </param>
            <param index="1">
              <value>
                <![CDATA[Test Get Telephone Bills API with negative test (Registered Phone Number, 2 paid billing, 0 unpaid billing)]]>
              </value>
            </param>
            <param index="2">
              <value>
                <![CDATA[02255555555]]>
              </value>
            </param>
            <param index="3">
              <value>
                <![CDATA[Not Found]]>
              </value>
            </param>
            <param index="4">
              <value>
                <![CDATA[404]]>
              </value>
            </param>
            <param index="5">
              <value>
                <![CDATA[Bill not found]]>
              </value>
            </param>
          </params>
          <reporter-output>
          </reporter-output>
        </test-method> <!-- getUnpaidBillTest -->
        <test-method signature="getUnpaidBillTest(java.lang.String, java.lang.String, java.lang.String, java.lang.String, java.lang.String, java.lang.String)[pri:0, instance:com.api.testcases.TS_005_GetUnpaidBill@6fd77352]" started-at="2020-05-26T18:37:29 WIB" name="getUnpaidBillTest" data-provider="getUnpaidBill-data" finished-at="2020-05-26T18:37:30 WIB" depends-on-methods="com.api.testcases.TS_005_GetUnpaidBill.createBillData" duration-ms="1488" status="PASS">
          <params>
            <param index="0">
              <value>
                <![CDATA[TS_078]]>
              </value>
            </param>
            <param index="1">
              <value>
                <![CDATA[Test Get Telephone Bills API with invalid phone number (less than 8 digit)]]>
              </value>
            </param>
            <param index="2">
              <value>
                <![CDATA[0227777]]>
              </value>
            </param>
            <param index="3">
              <value>
                <![CDATA[Fail get bills]]>
              </value>
            </param>
            <param index="4">
              <value>
                <![CDATA[403]]>
              </value>
            </param>
            <param index="5">
              <value>
                <![CDATA[Invalid phone number]]>
              </value>
            </param>
          </params>
          <reporter-output>
          </reporter-output>
        </test-method> <!-- getUnpaidBillTest -->
        <test-method signature="getUnpaidBillTest(java.lang.String, java.lang.String, java.lang.String, java.lang.String, java.lang.String, java.lang.String)[pri:0, instance:com.api.testcases.TS_005_GetUnpaidBill@6fd77352]" started-at="2020-05-26T18:37:30 WIB" name="getUnpaidBillTest" data-provider="getUnpaidBill-data" finished-at="2020-05-26T18:37:32 WIB" depends-on-methods="com.api.testcases.TS_005_GetUnpaidBill.createBillData" duration-ms="1538" status="PASS">
          <params>
            <param index="0">
              <value>
                <![CDATA[TS_079]]>
              </value>
            </param>
            <param index="1">
              <value>
                <![CDATA[Test Get Telephone Bills API with invalid phone number (more than than 13 digit)]]>
              </value>
            </param>
            <param index="2">
              <value>
                <![CDATA[02277777777777]]>
              </value>
            </param>
            <param index="3">
              <value>
                <![CDATA[Fail get bills]]>
              </value>
            </param>
            <param index="4">
              <value>
                <![CDATA[403]]>
              </value>
            </param>
            <param index="5">
              <value>
                <![CDATA[Invalid phone number]]>
              </value>
            </param>
          </params>
          <reporter-output>
          </reporter-output>
        </test-method> <!-- getUnpaidBillTest -->
        <test-method signature="getUnpaidBillTest(java.lang.String, java.lang.String, java.lang.String, java.lang.String, java.lang.String, java.lang.String)[pri:0, instance:com.api.testcases.TS_005_GetUnpaidBill@6fd77352]" started-at="2020-05-26T18:37:32 WIB" name="getUnpaidBillTest" data-provider="getUnpaidBill-data" finished-at="2020-05-26T18:37:33 WIB" depends-on-methods="com.api.testcases.TS_005_GetUnpaidBill.createBillData" duration-ms="1635" status="PASS">
          <params>
            <param index="0">
              <value>
                <![CDATA[TS_081]]>
              </value>
            </param>
            <param index="1">
              <value>
                <![CDATA[Test Get Telephone Bills API with invalid phone number (contain symbol)]]>
              </value>
            </param>
            <param index="2">
              <value>
                <![CDATA[021758678577@]]>
              </value>
            </param>
            <param index="3">
              <value>
                <![CDATA[Fail get bills]]>
              </value>
            </param>
            <param index="4">
              <value>
                <![CDATA[403]]>
              </value>
            </param>
            <param index="5">
              <value>
                <![CDATA[Invalid phone number]]>
              </value>
            </param>
          </params>
          <reporter-output>
          </reporter-output>
        </test-method> <!-- getUnpaidBillTest -->
        <test-method signature="getUnpaidBillTest(java.lang.String, java.lang.String, java.lang.String, java.lang.String, java.lang.String, java.lang.String)[pri:0, instance:com.api.testcases.TS_005_GetUnpaidBill@6fd77352]" started-at="2020-05-26T18:37:33 WIB" name="getUnpaidBillTest" data-provider="getUnpaidBill-data" finished-at="2020-05-26T18:37:35 WIB" depends-on-methods="com.api.testcases.TS_005_GetUnpaidBill.createBillData" duration-ms="1346" status="PASS">
          <params>
            <param index="0">
              <value>
                <![CDATA[TS_082]]>
              </value>
            </param>
            <param index="1">
              <value>
                <![CDATA[Test Get Telephone Bills API with invalid phone number (contain alphabet)]]>
              </value>
            </param>
            <param index="2">
              <value>
                <![CDATA[021758678577a]]>
              </value>
            </param>
            <param index="3">
              <value>
                <![CDATA[Fail get bills]]>
              </value>
            </param>
            <param index="4">
              <value>
                <![CDATA[403]]>
              </value>
            </param>
            <param index="5">
              <value>
                <![CDATA[Invalid phone number]]>
              </value>
            </param>
          </params>
          <reporter-output>
          </reporter-output>
        </test-method> <!-- getUnpaidBillTest -->
        <test-method signature="getUnpaidBillTest(java.lang.String, java.lang.String, java.lang.String, java.lang.String, java.lang.String, java.lang.String)[pri:0, instance:com.api.testcases.TS_005_GetUnpaidBill@6fd77352]" started-at="2020-05-26T18:37:35 WIB" name="getUnpaidBillTest" data-provider="getUnpaidBill-data" finished-at="2020-05-26T18:37:36 WIB" depends-on-methods="com.api.testcases.TS_005_GetUnpaidBill.createBillData" duration-ms="1347" status="PASS">
          <params>
            <param index="0">
              <value>
                <![CDATA[TS_080]]>
              </value>
            </param>
            <param index="1">
              <value>
                <![CDATA[Test Get Telephone Bills API with invalid phone number (contain whitespace)]]>
              </value>
            </param>
            <param index="2">
              <value>
                <![CDATA[02175867 8577]]>
              </value>
            </param>
            <param index="3">
              <value>
                <![CDATA[Fail get bills]]>
              </value>
            </param>
            <param index="4">
              <value>
                <![CDATA[403]]>
              </value>
            </param>
            <param index="5">
              <value>
                <![CDATA[Invalid phone number]]>
              </value>
            </param>
          </params>
          <reporter-output>
          </reporter-output>
        </test-method> <!-- getUnpaidBillTest -->
        <test-method signature="getUnpaidBillTest(java.lang.String, java.lang.String, java.lang.String, java.lang.String, java.lang.String, java.lang.String)[pri:0, instance:com.api.testcases.TS_005_GetUnpaidBill@6fd77352]" started-at="2020-05-26T18:37:36 WIB" name="getUnpaidBillTest" data-provider="getUnpaidBill-data" finished-at="2020-05-26T18:37:38 WIB" depends-on-methods="com.api.testcases.TS_005_GetUnpaidBill.createBillData" duration-ms="1497" status="PASS">
          <params>
            <param index="0">
              <value>
                <![CDATA[TS_083]]>
              </value>
            </param>
            <param index="1">
              <value>
                <![CDATA[Test Get Telephone Bills API with invalid phone number (empty)]]>
              </value>
            </param>
            <param index="2">
              <value>
                <![CDATA[]]>
              </value>
            </param>
            <param index="3">
              <value>
                <![CDATA[Fail get bills]]>
              </value>
            </param>
            <param index="4">
              <value>
                <![CDATA[403]]>
              </value>
            </param>
            <param index="5">
              <value>
                <![CDATA[Invalid phone number]]>
              </value>
            </param>
          </params>
          <reporter-output>
          </reporter-output>
        </test-method> <!-- getUnpaidBillTest -->
      </class> <!-- com.api.testcases.TS_005_GetUnpaidBill -->
      <class name="com.api.testcases.TS_004_GetUserProfile">
        <test-method is-config="true" signature="setUp()[pri:0, instance:com.api.testcases.TS_004_GetUserProfile@351e414e]" started-at="2020-05-26T18:36:46 WIB" name="setUp" finished-at="2020-05-26T18:36:46 WIB" duration-ms="2" status="PASS">
          <reporter-output>
          </reporter-output>
        </test-method> <!-- setUp -->
        <test-method is-config="true" signature="firstLogMessage()[pri:0, instance:com.api.testcases.TS_004_GetUserProfile@351e414e]" started-at="2020-05-26T18:36:46 WIB" name="firstLogMessage" finished-at="2020-05-26T18:36:46 WIB" duration-ms="0" status="PASS">
          <reporter-output>
          </reporter-output>
        </test-method> <!-- firstLogMessage -->
        <test-method signature="getProfileTest(java.lang.String, java.lang.String, java.lang.String, java.lang.String, java.lang.String, java.lang.String)[pri:0, instance:com.api.testcases.TS_004_GetUserProfile@351e414e]" started-at="2020-05-26T18:36:46 WIB" name="getProfileTest" data-provider="getUserProfile-data" finished-at="2020-05-26T18:36:48 WIB" duration-ms="1619" status="PASS">
          <params>
            <param index="0">
              <value>
                <![CDATA[TC_066]]>
              </value>
            </param>
            <param index="1">
              <value>
                <![CDATA[Test Get User Profile API if user exist]]>
              </value>
            </param>
            <param index="2">
              <value>
                <![CDATA[Depend#83833833834]]>
              </value>
            </param>
            <param index="3">
              <value>
                <![CDATA[Success]]>
              </value>
            </param>
            <param index="4">
              <value>
                <![CDATA[200]]>
              </value>
            </param>
            <param index="5">
              <value>
                <![CDATA[User profile has successfully sent]]>
              </value>
            </param>
          </params>
          <reporter-output>
          </reporter-output>
        </test-method> <!-- getProfileTest -->
        <test-method signature="getProfileTest(java.lang.String, java.lang.String, java.lang.String, java.lang.String, java.lang.String, java.lang.String)[pri:0, instance:com.api.testcases.TS_004_GetUserProfile@351e414e]" started-at="2020-05-26T18:36:48 WIB" name="getProfileTest" data-provider="getUserProfile-data" finished-at="2020-05-26T18:36:49 WIB" duration-ms="1487" status="PASS">
          <params>
            <param index="0">
              <value>
                <![CDATA[TC_067]]>
              </value>
            </param>
            <param index="1">
              <value>
                <![CDATA[Test Get User Profile API if user not exist]]>
              </value>
            </param>
            <param index="2">
              <value>
                <![CDATA[1000]]>
              </value>
            </param>
            <param index="3">
              <value>
                <![CDATA[Fail]]>
              </value>
            </param>
            <param index="4">
              <value>
                <![CDATA[404]]>
              </value>
            </param>
            <param index="5">
              <value>
                <![CDATA[User not found]]>
              </value>
            </param>
          </params>
          <reporter-output>
          </reporter-output>
        </test-method> <!-- getProfileTest -->
        <test-method signature="getProfileTest(java.lang.String, java.lang.String, java.lang.String, java.lang.String, java.lang.String, java.lang.String)[pri:0, instance:com.api.testcases.TS_004_GetUserProfile@351e414e]" started-at="2020-05-26T18:36:49 WIB" name="getProfileTest" data-provider="getUserProfile-data" finished-at="2020-05-26T18:36:51 WIB" duration-ms="1780" status="PASS">
          <params>
            <param index="0">
              <value>
                <![CDATA[TC_068]]>
              </value>
            </param>
            <param index="1">
              <value>
                <![CDATA[Test Get User Profile API with invalid user id (contain alphabet)]]>
              </value>
            </param>
            <param index="2">
              <value>
                <![CDATA[a]]>
              </value>
            </param>
            <param index="3">
              <value>
                <![CDATA[Fail]]>
              </value>
            </param>
            <param index="4">
              <value>
                <![CDATA[400]]>
              </value>
            </param>
            <param index="5">
              <value>
                <![CDATA[JSON parse error]]>
              </value>
            </param>
          </params>
          <reporter-output>
          </reporter-output>
        </test-method> <!-- getProfileTest -->
        <test-method signature="getProfileTest(java.lang.String, java.lang.String, java.lang.String, java.lang.String, java.lang.String, java.lang.String)[pri:0, instance:com.api.testcases.TS_004_GetUserProfile@351e414e]" started-at="2020-05-26T18:36:51 WIB" name="getProfileTest" data-provider="getUserProfile-data" finished-at="2020-05-26T18:36:52 WIB" duration-ms="1390" status="PASS">
          <params>
            <param index="0">
              <value>
                <![CDATA[TC_069]]>
              </value>
            </param>
            <param index="1">
              <value>
                <![CDATA[Test Get User Profile API with invalid user id (contain symbol)]]>
              </value>
            </param>
            <param index="2">
              <value>
                <![CDATA[@]]>
              </value>
            </param>
            <param index="3">
              <value>
                <![CDATA[Fail]]>
              </value>
            </param>
            <param index="4">
              <value>
                <![CDATA[400]]>
              </value>
            </param>
            <param index="5">
              <value>
                <![CDATA[JSON parse error]]>
              </value>
            </param>
          </params>
          <reporter-output>
          </reporter-output>
        </test-method> <!-- getProfileTest -->
        <test-method signature="getProfileTest(java.lang.String, java.lang.String, java.lang.String, java.lang.String, java.lang.String, java.lang.String)[pri:0, instance:com.api.testcases.TS_004_GetUserProfile@351e414e]" started-at="2020-05-26T18:36:52 WIB" name="getProfileTest" data-provider="getUserProfile-data" finished-at="2020-05-26T18:36:54 WIB" duration-ms="1473" status="PASS">
          <params>
            <param index="0">
              <value>
                <![CDATA[TC_070]]>
              </value>
            </param>
            <param index="1">
              <value>
                <![CDATA[Test Get User Profile API with invalid user id (empty)]]>
              </value>
            </param>
            <param index="2">
              <value>
                <![CDATA[]]>
              </value>
            </param>
            <param index="3">
              <value>
                <![CDATA[Fail]]>
              </value>
            </param>
            <param index="4">
              <value>
                <![CDATA[404]]>
              </value>
            </param>
            <param index="5">
              <value>
                <![CDATA[User not found]]>
              </value>
            </param>
          </params>
          <reporter-output>
          </reporter-output>
        </test-method> <!-- getProfileTest -->
      </class> <!-- com.api.testcases.TS_004_GetUserProfile -->
    </test> <!-- APITest -->
  </suite> <!-- APISuite -->
</testng-results>
