<?xml version="1.0" encoding="UTF-8"?>
<!-- Generated by org.testng.reporters.JUnitXMLReporter -->
<testsuite ignored="0" hostname="dnid0007l01.local" failures="13" tests="155" name="APITest" time="362.324" errors="0" timestamp="2020-05-28T07:53:43 WIB">
  <testcase classname="com.api.testcases.TS_001_CreateAccount" name="createAccountTest" time="20.196"/>
  <testcase classname="com.api.testcases.TS_001_CreateAccount" name="createAccountTest" time="5.529"/>
  <testcase classname="com.api.testcases.TS_001_CreateAccount" name="createAccountTest" time="1.778"/>
  <testcase classname="com.api.testcases.TS_001_CreateAccount" name="createAccountTest" time="1.589"/>
  <testcase classname="com.api.testcases.TS_001_CreateAccount" name="createAccountTest" time="1.371"/>
  <testcase classname="com.api.testcases.TS_001_CreateAccount" name="createAccountTest" time="1.61"/>
  <testcase classname="com.api.testcases.TS_001_CreateAccount" name="createAccountTest" time="1.623"/>
  <testcase classname="com.api.testcases.TS_001_CreateAccount" name="createAccountTest" time="1.624"/>
  <testcase classname="com.api.testcases.TS_001_CreateAccount" name="createAccountTest" time="1.444"/>
  <testcase classname="com.api.testcases.TS_001_CreateAccount" name="createAccountTest" time="1.608"/>
  <testcase classname="com.api.testcases.TS_001_CreateAccount" name="createAccountTest" time="2.404"/>
  <testcase classname="com.api.testcases.TS_001_CreateAccount" name="createAccountTest" time="1.519"/>
  <testcase classname="com.api.testcases.TS_001_CreateAccount" name="createAccountTest" time="3.301"/>
  <testcase classname="com.api.testcases.TS_001_CreateAccount" name="createAccountTest" time="1.596"/>
  <testcase classname="com.api.testcases.TS_001_CreateAccount" name="createAccountTest" time="1.826"/>
  <testcase classname="com.api.testcases.TS_001_CreateAccount" name="createAccountTest" time="1.795"/>
  <testcase classname="com.api.testcases.TS_001_CreateAccount" name="createAccountTest" time="3.275">
    <failure type="java.lang.AssertionError" message="1 expectation failed.
Expected status code &amp;lt;403&amp;gt; but was &amp;lt;201&amp;gt;.
">
      <![CDATA[java.lang.AssertionError: 1 expectation failed.
Expected status code <403> but was <201>.

at org.codehaus.groovy.runtime.callsite.ConstructorSite$ConstructorSiteNoUnwrap.callConstructor(ConstructorSite.java:84)
at org.codehaus.groovy.runtime.callsite.CallSiteArray.defaultCallConstructor(CallSiteArray.java:59)
at org.codehaus.groovy.runtime.callsite.AbstractCallSite.callConstructor(AbstractCallSite.java:238)
at org.codehaus.groovy.runtime.callsite.AbstractCallSite.callConstructor(AbstractCallSite.java:250)
at io.restassured.internal.ResponseSpecificationImpl$HamcrestAssertionClosure.validate(ResponseSpecificationImpl.groovy:494)
at io.restassured.internal.ResponseSpecificationImpl$HamcrestAssertionClosure$validate$1.call(Unknown Source)
at io.restassured.internal.ResponseSpecificationImpl.validateResponseIfRequired(ResponseSpecificationImpl.groovy:656)
at org.codehaus.groovy.runtime.callsite.PogoMetaMethodSite$PogoCachedMethodSiteNoUnwrapNoCoerce.invoke(PogoMetaMethodSite.java:210)
at org.codehaus.groovy.runtime.callsite.PogoMetaMethodSite.callCurrent(PogoMetaMethodSite.java:59)
at org.codehaus.groovy.runtime.callsite.AbstractCallSite.callCurrent(AbstractCallSite.java:169)
at io.restassured.internal.ResponseSpecificationImpl.statusCode(ResponseSpecificationImpl.groovy:125)
at io.restassured.specification.ResponseSpecification$statusCode$0.callCurrent(Unknown Source)
at io.restassured.internal.ResponseSpecificationImpl.statusCode(ResponseSpecificationImpl.groovy:133)
at io.restassured.internal.ValidatableResponseOptionsImpl.statusCode(ValidatableResponseOptionsImpl.java:119)
at com.api.testcases.TS_001_CreateAccount.createAccountTest(TS_001_CreateAccount.java:82)
at java.base/java.util.ArrayList.forEach(ArrayList.java:1540)
... Removed 35 stack frames]]>
    </failure>
  </testcase> <!-- createAccountTest -->
  <testcase classname="com.api.testcases.TS_001_CreateAccount" name="createAccountTest" time="1.512"/>
  <testcase classname="com.api.testcases.TS_001_CreateAccount" name="createAccountTest" time="1.533"/>
  <testcase classname="com.api.testcases.TS_001_CreateAccount" name="createAccountTest" time="1.638"/>
  <testcase classname="com.api.testcases.TS_001_CreateAccount" name="createAccountTest" time="1.557"/>
  <testcase classname="com.api.testcases.TS_001_CreateAccount" name="createAccountTest" time="1.619"/>
  <testcase classname="com.api.testcases.TS_001_CreateAccount" name="createAccountTest" time="1.521"/>
  <testcase classname="com.api.testcases.TS_001_CreateAccount" name="createAccountTest" time="2.554"/>
  <testcase classname="com.api.testcases.TS_001_CreateAccount" name="createAccountTest" time="1.535"/>
  <testcase classname="com.api.testcases.TS_001_CreateAccount" name="createAccountTest" time="1.534"/>
  <testcase classname="com.api.testcases.TS_001_CreateAccount" name="createAccountTest" time="1.529"/>
  <testcase classname="com.api.testcases.TS_001_CreateAccount" name="createAccountTest" time="1.52"/>
  <testcase classname="com.api.testcases.TS_001_CreateAccount" name="createAccountTest" time="1.547"/>
  <testcase classname="com.api.testcases.TS_002_Login" name="loginTest" time="1.774"/>
  <testcase classname="com.api.testcases.TS_002_Login" name="loginTest" time="1.565"/>
  <testcase classname="com.api.testcases.TS_002_Login" name="loginTest" time="1.491"/>
  <testcase classname="com.api.testcases.TS_002_Login" name="loginTest" time="1.543"/>
  <testcase classname="com.api.testcases.TS_002_Login" name="loginTest" time="1.488"/>
  <testcase classname="com.api.testcases.TS_002_Login" name="loginTest" time="1.605"/>
  <testcase classname="com.api.testcases.TS_002_Login" name="loginTest" time="1.896">
    <failure type="java.lang.AssertionError" message="1 expectation failed.
Response body doesn&amp;apos;t match expectation.
Expected: a string containing &amp;quot;Invalid phone number&amp;quot;
  Actual: [data:[:], message:Phone number or password wrong, status:403]
">
      <![CDATA[java.lang.AssertionError: 1 expectation failed.
Response body doesn't match expectation.
Expected: a string containing "Invalid phone number"
  Actual: [data:[:], message:Phone number or password wrong, status:403]

at org.codehaus.groovy.runtime.callsite.ConstructorSite$ConstructorSiteNoUnwrap.callConstructor(ConstructorSite.java:84)
at org.codehaus.groovy.runtime.callsite.AbstractCallSite.callConstructor(AbstractCallSite.java:250)
at io.restassured.internal.ResponseSpecificationImpl$HamcrestAssertionClosure.validate(ResponseSpecificationImpl.groovy:494)
at io.restassured.internal.ResponseSpecificationImpl$HamcrestAssertionClosure$validate$1.call(Unknown Source)
at io.restassured.internal.ResponseSpecificationImpl.validateResponseIfRequired(ResponseSpecificationImpl.groovy:656)
at org.codehaus.groovy.runtime.callsite.PogoMetaMethodSite$PogoCachedMethodSiteNoUnwrapNoCoerce.invoke(PogoMetaMethodSite.java:210)
at org.codehaus.groovy.runtime.callsite.PogoMetaMethodSite.callCurrent(PogoMetaMethodSite.java:59)
at org.codehaus.groovy.runtime.callsite.AbstractCallSite.callCurrent(AbstractCallSite.java:169)
at io.restassured.internal.ResponseSpecificationImpl.content(ResponseSpecificationImpl.groovy:97)
at io.restassured.internal.ValidatableResponseOptionsImpl.content(ValidatableResponseOptionsImpl.java:89)
at com.api.testcases.TS_002_Login.loginTest(TS_002_Login.java:77)
at java.base/java.util.ArrayList.forEach(ArrayList.java:1540)
... Removed 36 stack frames]]>
    </failure>
  </testcase> <!-- loginTest -->
  <testcase classname="com.api.testcases.TS_002_Login" name="loginTest" time="1.975"/>
  <testcase classname="com.api.testcases.TS_002_Login" name="loginTest" time="1.492"/>
  <testcase classname="com.api.testcases.TS_002_Login" name="loginTest" time="1.419"/>
  <testcase classname="com.api.testcases.TS_002_Login" name="loginTest" time="2.903"/>
  <testcase classname="com.api.testcases.TS_002_Login" name="loginTest" time="1.754"/>
  <testcase classname="com.api.testcases.TS_002_Login" name="loginTest" time="1.522"/>
  <testcase classname="com.api.testcases.TS_002_Login" name="loginTest" time="1.543"/>
  <testcase classname="com.api.testcases.TS_002_Login" name="loginTest" time="1.552"/>
  <testcase classname="com.api.testcases.TS_002_Login" name="loginTest" time="1.509"/>
  <testcase classname="com.api.testcases.TS_002_Login" name="loginTest" time="1.52"/>
  <testcase classname="com.api.testcases.TS_002_Login" name="loginTest" time="1.568"/>
  <testcase classname="com.api.testcases.TS_002_Login" name="loginTest" time="1.334"/>
  <testcase classname="com.api.testcases.TS_003_SendOTP" name="sendOTPTest" time="3.384">
    <failure type="java.lang.AssertionError" message="1 expectation failed.
Expected status code &amp;lt;201&amp;gt; but was &amp;lt;500&amp;gt;.
">
      <![CDATA[java.lang.AssertionError: 1 expectation failed.
Expected status code <201> but was <500>.

at org.codehaus.groovy.runtime.callsite.ConstructorSite$ConstructorSiteNoUnwrap.callConstructor(ConstructorSite.java:84)
at org.codehaus.groovy.runtime.callsite.AbstractCallSite.callConstructor(AbstractCallSite.java:250)
at io.restassured.internal.ResponseSpecificationImpl$HamcrestAssertionClosure.validate(ResponseSpecificationImpl.groovy:494)
at io.restassured.internal.ResponseSpecificationImpl$HamcrestAssertionClosure$validate$1.call(Unknown Source)
at io.restassured.internal.ResponseSpecificationImpl.validateResponseIfRequired(ResponseSpecificationImpl.groovy:656)
at org.codehaus.groovy.runtime.callsite.PogoMetaMethodSite$PogoCachedMethodSiteNoUnwrapNoCoerce.invoke(PogoMetaMethodSite.java:210)
at org.codehaus.groovy.runtime.callsite.PogoMetaMethodSite.callCurrent(PogoMetaMethodSite.java:59)
at org.codehaus.groovy.runtime.callsite.AbstractCallSite.callCurrent(AbstractCallSite.java:169)
at io.restassured.internal.ResponseSpecificationImpl.statusCode(ResponseSpecificationImpl.groovy:125)
at io.restassured.specification.ResponseSpecification$statusCode$0.callCurrent(Unknown Source)
at io.restassured.internal.ResponseSpecificationImpl.statusCode(ResponseSpecificationImpl.groovy:133)
at io.restassured.internal.ValidatableResponseOptionsImpl.statusCode(ValidatableResponseOptionsImpl.java:119)
at com.api.testcases.TS_003_SendOTP.sendOTPTest(TS_003_SendOTP.java:51)
at java.base/java.util.ArrayList.forEach(ArrayList.java:1540)
... Removed 36 stack frames]]>
    </failure>
  </testcase> <!-- sendOTPTest -->
  <testcase classname="com.api.testcases.TS_003_SendOTP" name="sendOTPTest" time="1.48">
    <failure type="java.lang.AssertionError" message="1 expectation failed.
Expected status code &amp;lt;201&amp;gt; but was &amp;lt;500&amp;gt;.
">
      <![CDATA[java.lang.AssertionError: 1 expectation failed.
Expected status code <201> but was <500>.

at org.codehaus.groovy.runtime.callsite.ConstructorSite$ConstructorSiteNoUnwrap.callConstructor(ConstructorSite.java:84)
at org.codehaus.groovy.runtime.callsite.AbstractCallSite.callConstructor(AbstractCallSite.java:250)
at io.restassured.internal.ResponseSpecificationImpl$HamcrestAssertionClosure.validate(ResponseSpecificationImpl.groovy:494)
at io.restassured.internal.ResponseSpecificationImpl$HamcrestAssertionClosure$validate$1.call(Unknown Source)
at io.restassured.internal.ResponseSpecificationImpl.validateResponseIfRequired(ResponseSpecificationImpl.groovy:656)
at org.codehaus.groovy.runtime.callsite.PogoMetaMethodSite$PogoCachedMethodSiteNoUnwrapNoCoerce.invoke(PogoMetaMethodSite.java:210)
at org.codehaus.groovy.runtime.callsite.PogoMetaMethodSite.callCurrent(PogoMetaMethodSite.java:59)
at org.codehaus.groovy.runtime.callsite.AbstractCallSite.callCurrent(AbstractCallSite.java:169)
at io.restassured.internal.ResponseSpecificationImpl.statusCode(ResponseSpecificationImpl.groovy:125)
at io.restassured.specification.ResponseSpecification$statusCode$0.callCurrent(Unknown Source)
at io.restassured.internal.ResponseSpecificationImpl.statusCode(ResponseSpecificationImpl.groovy:133)
at io.restassured.internal.ValidatableResponseOptionsImpl.statusCode(ValidatableResponseOptionsImpl.java:119)
at com.api.testcases.TS_003_SendOTP.sendOTPTest(TS_003_SendOTP.java:51)
at java.base/java.util.ArrayList.forEach(ArrayList.java:1540)
... Removed 36 stack frames]]>
    </failure>
  </testcase> <!-- sendOTPTest -->
  <testcase classname="com.api.testcases.TS_003_SendOTP" name="sendOTPTest" time="1.511">
    <failure type="java.lang.AssertionError" message="1 expectation failed.
Expected status code &amp;lt;201&amp;gt; but was &amp;lt;500&amp;gt;.
">
      <![CDATA[java.lang.AssertionError: 1 expectation failed.
Expected status code <201> but was <500>.

at org.codehaus.groovy.runtime.callsite.ConstructorSite$ConstructorSiteNoUnwrap.callConstructor(ConstructorSite.java:84)
at org.codehaus.groovy.runtime.callsite.AbstractCallSite.callConstructor(AbstractCallSite.java:250)
at io.restassured.internal.ResponseSpecificationImpl$HamcrestAssertionClosure.validate(ResponseSpecificationImpl.groovy:494)
at io.restassured.internal.ResponseSpecificationImpl$HamcrestAssertionClosure$validate$1.call(Unknown Source)
at io.restassured.internal.ResponseSpecificationImpl.validateResponseIfRequired(ResponseSpecificationImpl.groovy:656)
at org.codehaus.groovy.runtime.callsite.PogoMetaMethodSite$PogoCachedMethodSiteNoUnwrapNoCoerce.invoke(PogoMetaMethodSite.java:210)
at org.codehaus.groovy.runtime.callsite.PogoMetaMethodSite.callCurrent(PogoMetaMethodSite.java:59)
at org.codehaus.groovy.runtime.callsite.AbstractCallSite.callCurrent(AbstractCallSite.java:169)
at io.restassured.internal.ResponseSpecificationImpl.statusCode(ResponseSpecificationImpl.groovy:125)
at io.restassured.specification.ResponseSpecification$statusCode$0.callCurrent(Unknown Source)
at io.restassured.internal.ResponseSpecificationImpl.statusCode(ResponseSpecificationImpl.groovy:133)
at io.restassured.internal.ValidatableResponseOptionsImpl.statusCode(ValidatableResponseOptionsImpl.java:119)
at com.api.testcases.TS_003_SendOTP.sendOTPTest(TS_003_SendOTP.java:51)
at java.base/java.util.ArrayList.forEach(ArrayList.java:1540)
... Removed 36 stack frames]]>
    </failure>
  </testcase> <!-- sendOTPTest -->
  <testcase classname="com.api.testcases.TS_003_SendOTP" name="sendOTPTest" time="1.323">
    <failure type="java.lang.AssertionError" message="1 expectation failed.
Expected status code &amp;lt;201&amp;gt; but was &amp;lt;500&amp;gt;.
">
      <![CDATA[java.lang.AssertionError: 1 expectation failed.
Expected status code <201> but was <500>.

at org.codehaus.groovy.runtime.callsite.ConstructorSite$ConstructorSiteNoUnwrap.callConstructor(ConstructorSite.java:84)
at org.codehaus.groovy.runtime.callsite.AbstractCallSite.callConstructor(AbstractCallSite.java:250)
at io.restassured.internal.ResponseSpecificationImpl$HamcrestAssertionClosure.validate(ResponseSpecificationImpl.groovy:494)
at io.restassured.internal.ResponseSpecificationImpl$HamcrestAssertionClosure$validate$1.call(Unknown Source)
at io.restassured.internal.ResponseSpecificationImpl.validateResponseIfRequired(ResponseSpecificationImpl.groovy:656)
at org.codehaus.groovy.runtime.callsite.PogoMetaMethodSite$PogoCachedMethodSiteNoUnwrapNoCoerce.invoke(PogoMetaMethodSite.java:210)
at org.codehaus.groovy.runtime.callsite.PogoMetaMethodSite.callCurrent(PogoMetaMethodSite.java:59)
at org.codehaus.groovy.runtime.callsite.AbstractCallSite.callCurrent(AbstractCallSite.java:169)
at io.restassured.internal.ResponseSpecificationImpl.statusCode(ResponseSpecificationImpl.groovy:125)
at io.restassured.specification.ResponseSpecification$statusCode$0.callCurrent(Unknown Source)
at io.restassured.internal.ResponseSpecificationImpl.statusCode(ResponseSpecificationImpl.groovy:133)
at io.restassured.internal.ValidatableResponseOptionsImpl.statusCode(ValidatableResponseOptionsImpl.java:119)
at com.api.testcases.TS_003_SendOTP.sendOTPTest(TS_003_SendOTP.java:51)
at java.base/java.util.ArrayList.forEach(ArrayList.java:1540)
... Removed 36 stack frames]]>
    </failure>
  </testcase> <!-- sendOTPTest -->
  <testcase classname="com.api.testcases.TS_003_SendOTP" name="sendOTPTest" time="1.481"/>
  <testcase classname="com.api.testcases.TS_003_SendOTP" name="sendOTPTest" time="1.607">
    <failure type="java.lang.AssertionError" message="1 expectation failed.
Expected status code &amp;lt;403&amp;gt; but was &amp;lt;500&amp;gt;.
">
      <![CDATA[java.lang.AssertionError: 1 expectation failed.
Expected status code <403> but was <500>.

at org.codehaus.groovy.runtime.callsite.ConstructorSite$ConstructorSiteNoUnwrap.callConstructor(ConstructorSite.java:84)
at org.codehaus.groovy.runtime.callsite.AbstractCallSite.callConstructor(AbstractCallSite.java:250)
at io.restassured.internal.ResponseSpecificationImpl$HamcrestAssertionClosure.validate(ResponseSpecificationImpl.groovy:494)
at io.restassured.internal.ResponseSpecificationImpl$HamcrestAssertionClosure$validate$1.call(Unknown Source)
at io.restassured.internal.ResponseSpecificationImpl.validateResponseIfRequired(ResponseSpecificationImpl.groovy:656)
at org.codehaus.groovy.runtime.callsite.PogoMetaMethodSite$PogoCachedMethodSiteNoUnwrapNoCoerce.invoke(PogoMetaMethodSite.java:210)
at org.codehaus.groovy.runtime.callsite.PogoMetaMethodSite.callCurrent(PogoMetaMethodSite.java:59)
at org.codehaus.groovy.runtime.callsite.AbstractCallSite.callCurrent(AbstractCallSite.java:169)
at io.restassured.internal.ResponseSpecificationImpl.statusCode(ResponseSpecificationImpl.groovy:125)
at io.restassured.specification.ResponseSpecification$statusCode$0.callCurrent(Unknown Source)
at io.restassured.internal.ResponseSpecificationImpl.statusCode(ResponseSpecificationImpl.groovy:133)
at io.restassured.internal.ValidatableResponseOptionsImpl.statusCode(ValidatableResponseOptionsImpl.java:119)
at com.api.testcases.TS_003_SendOTP.sendOTPTest(TS_003_SendOTP.java:65)
at java.base/java.util.ArrayList.forEach(ArrayList.java:1540)
... Removed 36 stack frames]]>
    </failure>
  </testcase> <!-- sendOTPTest -->
  <testcase classname="com.api.testcases.TS_003_SendOTP" name="sendOTPTest" time="1.478"/>
  <testcase classname="com.api.testcases.TS_003_SendOTP" name="sendOTPTest" time="1.918"/>
  <testcase classname="com.api.testcases.TS_003_SendOTP" name="sendOTPTest" time="1.487"/>
  <testcase classname="com.api.testcases.TS_003_SendOTP" name="sendOTPTest" time="2.829"/>
  <testcase classname="com.api.testcases.TS_003_SendOTP" name="sendOTPTest" time="1.521"/>
  <testcase classname="com.api.testcases.TS_003_SendOTP" name="sendOTPTest" time="1.623"/>
  <testcase classname="com.api.testcases.TS_003_SendOTP" name="sendOTPTest" time="1.547"/>
  <testcase classname="com.api.testcases.TS_003_SendOTP" name="sendOTPTest" time="1.393"/>
  <testcase classname="com.api.testcases.TS_003_SendOTP" name="sendOTPTest" time="1.557"/>
  <testcase classname="com.api.testcases.TS_003_SendOTP" name="sendOTPTest" time="1.475"/>
  <testcase classname="com.api.testcases.TS_003_SendOTP" name="sendOTPTest" time="1.441"/>
  <testcase classname="com.api.testcases.TS_004_GetUserProfile" name="getProfileTest" time="2.836"/>
  <testcase classname="com.api.testcases.TS_004_GetUserProfile" name="getProfileTest" time="1.501"/>
  <testcase classname="com.api.testcases.TS_004_GetUserProfile" name="getProfileTest" time="1.651"/>
  <testcase classname="com.api.testcases.TS_004_GetUserProfile" name="getProfileTest" time="1.449"/>
  <testcase classname="com.api.testcases.TS_004_GetUserProfile" name="getProfileTest" time="1.38"/>
  <testcase classname="com.api.testcases.TS_005_GetUnpaidBill" name="createBillData" time="1.392"/>
  <testcase classname="com.api.testcases.TS_005_GetUnpaidBill" name="createBillData" time="1.515"/>
  <testcase classname="com.api.testcases.TS_005_GetUnpaidBill" name="createBillData" time="1.548"/>
  <testcase classname="com.api.testcases.TS_005_GetUnpaidBill" name="createBillData" time="1.485"/>
  <testcase classname="com.api.testcases.TS_005_GetUnpaidBill" name="createBillData" time="1.32"/>
  <testcase classname="com.api.testcases.TS_005_GetUnpaidBill" name="createBillData" time="1.585"/>
  <testcase classname="com.api.testcases.TS_005_GetUnpaidBill" name="createBillData" time="1.595"/>
  <testcase classname="com.api.testcases.TS_005_GetUnpaidBill" name="createBillData" time="1.406"/>
  <testcase classname="com.api.testcases.TS_005_GetUnpaidBill" name="createBillData" time="1.497"/>
  <testcase classname="com.api.testcases.TS_005_GetUnpaidBill" name="createBillData" time="1.635"/>
  <testcase classname="com.api.testcases.TS_005_GetUnpaidBill" name="createBillData" time="1.528"/>
  <testcase classname="com.api.testcases.TS_005_GetUnpaidBill" name="createBillData" time="1.392"/>
  <testcase classname="com.api.testcases.TS_005_GetUnpaidBill" name="createBillData" time="1.463"/>
  <testcase classname="com.api.testcases.TS_005_GetUnpaidBill" name="getUnpaidBillTest" time="1.82"/>
  <testcase classname="com.api.testcases.TS_005_GetUnpaidBill" name="getUnpaidBillTest" time="1.485"/>
  <testcase classname="com.api.testcases.TS_005_GetUnpaidBill" name="getUnpaidBillTest" time="1.37"/>
  <testcase classname="com.api.testcases.TS_005_GetUnpaidBill" name="getUnpaidBillTest" time="1.603"/>
  <testcase classname="com.api.testcases.TS_005_GetUnpaidBill" name="getUnpaidBillTest" time="1.717"/>
  <testcase classname="com.api.testcases.TS_005_GetUnpaidBill" name="getUnpaidBillTest" time="1.826"/>
  <testcase classname="com.api.testcases.TS_005_GetUnpaidBill" name="getUnpaidBillTest" time="1.6"/>
  <testcase classname="com.api.testcases.TS_005_GetUnpaidBill" name="getUnpaidBillTest" time="1.474"/>
  <testcase classname="com.api.testcases.TS_005_GetUnpaidBill" name="getUnpaidBillTest" time="1.453"/>
  <testcase classname="com.api.testcases.TS_005_GetUnpaidBill" name="getUnpaidBillTest" time="1.37"/>
  <testcase classname="com.api.testcases.TS_005_GetUnpaidBill" name="getUnpaidBillTest" time="1.432"/>
  <testcase classname="com.api.testcases.TS_005_GetUnpaidBill" name="getUnpaidBillTest" time="1.599"/>
  <testcase classname="com.api.testcases.TS_005_GetUnpaidBill" name="getUnpaidBillTest" time="1.488"/>
  <testcase classname="com.api.testcases.TS_006_InsertPayment" name="createBillData" time="1.592"/>
  <testcase classname="com.api.testcases.TS_006_InsertPayment" name="createBillData" time="1.727"/>
  <testcase classname="com.api.testcases.TS_006_InsertPayment" name="createBillData" time="1.385"/>
  <testcase classname="com.api.testcases.TS_006_InsertPayment" name="createBillData" time="1.666"/>
  <testcase classname="com.api.testcases.TS_006_InsertPayment" name="createBillData" time="1.441"/>
  <testcase classname="com.api.testcases.TS_006_InsertPayment" name="createBillData" time="1.479"/>
  <testcase classname="com.api.testcases.TS_006_InsertPayment" name="insertPaymentTest" time="3.351"/>
  <testcase classname="com.api.testcases.TS_006_InsertPayment" name="insertPaymentTest" time="3.065"/>
  <testcase classname="com.api.testcases.TS_006_InsertPayment" name="insertPaymentTest" time="3.026"/>
  <testcase classname="com.api.testcases.TS_006_InsertPayment" name="insertPaymentTest" time="3.646"/>
  <testcase classname="com.api.testcases.TS_006_InsertPayment" name="insertPaymentTest" time="1.599"/>
  <testcase classname="com.api.testcases.TS_006_InsertPayment" name="insertPaymentTest" time="3.072">
    <failure type="java.lang.AssertionError" message="1 expectation failed.
Response body doesn&amp;apos;t match expectation.
Expected: a string containing &amp;quot;Pay your bill to finish the transaction&amp;quot;
  Actual: [data:[:], message:Pay your bill to finish the transaction, status:403]
">
      <![CDATA[java.lang.AssertionError: 1 expectation failed.
Response body doesn't match expectation.
Expected: a string containing "Pay your bill to finish the transaction"
  Actual: [data:[:], message:Pay your bill to finish the transaction, status:403]

at org.codehaus.groovy.runtime.callsite.ConstructorSite$ConstructorSiteNoUnwrap.callConstructor(ConstructorSite.java:84)
at org.codehaus.groovy.runtime.callsite.AbstractCallSite.callConstructor(AbstractCallSite.java:250)
at io.restassured.internal.ResponseSpecificationImpl$HamcrestAssertionClosure.validate(ResponseSpecificationImpl.groovy:494)
at io.restassured.internal.ResponseSpecificationImpl$HamcrestAssertionClosure$validate$1.call(Unknown Source)
at io.restassured.internal.ResponseSpecificationImpl.validateResponseIfRequired(ResponseSpecificationImpl.groovy:656)
at org.codehaus.groovy.runtime.callsite.PogoMetaMethodSite$PogoCachedMethodSiteNoUnwrapNoCoerce.invoke(PogoMetaMethodSite.java:210)
at org.codehaus.groovy.runtime.callsite.PogoMetaMethodSite.callCurrent(PogoMetaMethodSite.java:59)
at org.codehaus.groovy.runtime.callsite.AbstractCallSite.callCurrent(AbstractCallSite.java:169)
at io.restassured.internal.ResponseSpecificationImpl.content(ResponseSpecificationImpl.groovy:97)
at io.restassured.internal.ValidatableResponseOptionsImpl.content(ValidatableResponseOptionsImpl.java:89)
at com.api.testcases.TS_006_InsertPayment.insertPaymentTest(TS_006_InsertPayment.java:119)
at java.base/java.util.ArrayList.forEach(ArrayList.java:1540)
... Removed 36 stack frames]]>
    </failure>
  </testcase> <!-- insertPaymentTest -->
  <testcase classname="com.api.testcases.TS_006_InsertPayment" name="insertPaymentTest" time="3.068">
    <failure type="java.lang.AssertionError" message="1 expectation failed.
Response body doesn&amp;apos;t match expectation.
Expected: a string containing &amp;quot;Pay your bill to finish the transaction&amp;quot;
  Actual: [data:[:], message:Pay your bill to finish the transaction, status:403]
">
      <![CDATA[java.lang.AssertionError: 1 expectation failed.
Response body doesn't match expectation.
Expected: a string containing "Pay your bill to finish the transaction"
  Actual: [data:[:], message:Pay your bill to finish the transaction, status:403]

at org.codehaus.groovy.runtime.callsite.ConstructorSite$ConstructorSiteNoUnwrap.callConstructor(ConstructorSite.java:84)
at org.codehaus.groovy.runtime.callsite.AbstractCallSite.callConstructor(AbstractCallSite.java:250)
at io.restassured.internal.ResponseSpecificationImpl$HamcrestAssertionClosure.validate(ResponseSpecificationImpl.groovy:494)
at io.restassured.internal.ResponseSpecificationImpl$HamcrestAssertionClosure$validate$1.call(Unknown Source)
at io.restassured.internal.ResponseSpecificationImpl.validateResponseIfRequired(ResponseSpecificationImpl.groovy:656)
at org.codehaus.groovy.runtime.callsite.PogoMetaMethodSite$PogoCachedMethodSiteNoUnwrapNoCoerce.invoke(PogoMetaMethodSite.java:210)
at org.codehaus.groovy.runtime.callsite.PogoMetaMethodSite.callCurrent(PogoMetaMethodSite.java:59)
at org.codehaus.groovy.runtime.callsite.AbstractCallSite.callCurrent(AbstractCallSite.java:169)
at io.restassured.internal.ResponseSpecificationImpl.content(ResponseSpecificationImpl.groovy:97)
at io.restassured.internal.ValidatableResponseOptionsImpl.content(ValidatableResponseOptionsImpl.java:89)
at com.api.testcases.TS_006_InsertPayment.insertPaymentTest(TS_006_InsertPayment.java:119)
at java.base/java.util.ArrayList.forEach(ArrayList.java:1540)
... Removed 36 stack frames]]>
    </failure>
  </testcase> <!-- insertPaymentTest -->
  <testcase classname="com.api.testcases.TS_006_InsertPayment" name="insertPaymentTest" time="3.169"/>
  <testcase classname="com.api.testcases.TS_006_InsertPayment" name="insertPaymentTest" time="2.781"/>
  <testcase classname="com.api.testcases.TS_006_InsertPayment" name="insertPaymentTest" time="3.128"/>
  <testcase classname="com.api.testcases.TS_006_InsertPayment" name="insertPaymentTest" time="5.237"/>
  <testcase classname="com.api.testcases.TS_006_InsertPayment" name="insertPaymentTest" time="3.406"/>
  <testcase classname="com.api.testcases.TS_006_InsertPayment" name="insertPaymentTest" time="2.716"/>
  <testcase classname="com.api.testcases.TS_006_InsertPayment" name="insertPaymentTest" time="3.165"/>
  <testcase classname="com.api.testcases.TS_006_InsertPayment" name="insertPaymentTest" time="3.066"/>
  <testcase classname="com.api.testcases.TS_006_InsertPayment" name="insertPaymentTest" time="1.545"/>
  <testcase classname="com.api.testcases.TS_006_InsertPayment" name="insertPaymentTest" time="1.536"/>
  <testcase classname="com.api.testcases.TS_006_InsertPayment" name="insertPaymentTest" time="1.581"/>
  <testcase classname="com.api.testcases.TS_007_VerifyPayment" name="createBillData" time="1.811"/>
  <testcase classname="com.api.testcases.TS_007_VerifyPayment" name="createBillData" time="1.482"/>
  <testcase classname="com.api.testcases.TS_007_VerifyPayment" name="createBillData" time="1.595"/>
  <testcase classname="com.api.testcases.TS_007_VerifyPayment" name="createBillData" time="1.499"/>
  <testcase classname="com.api.testcases.TS_007_VerifyPayment" name="createBillData" time="1.563"/>
  <testcase classname="com.api.testcases.TS_007_VerifyPayment" name="createBillData" time="1.691"/>
  <testcase classname="com.api.testcases.TS_007_VerifyPayment" name="insertSomePayment" time="6.667"/>
  <testcase classname="com.api.testcases.TS_007_VerifyPayment" name="verifyPaymentTest" time="1.374"/>
  <testcase classname="com.api.testcases.TS_007_VerifyPayment" name="verifyPaymentTest" time="1.482"/>
  <testcase classname="com.api.testcases.TS_007_VerifyPayment" name="verifyPaymentTest" time="1.913">
    <failure type="java.lang.AssertionError" message="1 expectation failed.
Response body doesn&amp;apos;t match expectation.
Expected: a string containing &amp;quot;You must do the payment transaction first&amp;quot;
  Actual: [data:[:], message:You must do the payment transaction first, status:403]
">
      <![CDATA[java.lang.AssertionError: 1 expectation failed.
Response body doesn't match expectation.
Expected: a string containing "You must do the payment transaction first"
  Actual: [data:[:], message:You must do the payment transaction first, status:403]

at org.codehaus.groovy.runtime.callsite.ConstructorSite$ConstructorSiteNoUnwrap.callConstructor(ConstructorSite.java:84)
at org.codehaus.groovy.runtime.callsite.AbstractCallSite.callConstructor(AbstractCallSite.java:250)
at io.restassured.internal.ResponseSpecificationImpl$HamcrestAssertionClosure.validate(ResponseSpecificationImpl.groovy:494)
at io.restassured.internal.ResponseSpecificationImpl$HamcrestAssertionClosure$validate$1.call(Unknown Source)
at io.restassured.internal.ResponseSpecificationImpl.validateResponseIfRequired(ResponseSpecificationImpl.groovy:656)
at org.codehaus.groovy.runtime.callsite.PogoMetaMethodSite$PogoCachedMethodSiteNoUnwrapNoCoerce.invoke(PogoMetaMethodSite.java:210)
at org.codehaus.groovy.runtime.callsite.PogoMetaMethodSite.callCurrent(PogoMetaMethodSite.java:59)
at org.codehaus.groovy.runtime.callsite.AbstractCallSite.callCurrent(AbstractCallSite.java:169)
at io.restassured.internal.ResponseSpecificationImpl.content(ResponseSpecificationImpl.groovy:97)
at io.restassured.internal.ValidatableResponseOptionsImpl.content(ValidatableResponseOptionsImpl.java:89)
at com.api.testcases.TS_007_VerifyPayment.verifyPaymentTest(TS_007_VerifyPayment.java:129)
at java.base/java.util.ArrayList.forEach(ArrayList.java:1540)
... Removed 36 stack frames]]>
    </failure>
  </testcase> <!-- verifyPaymentTest -->
  <testcase classname="com.api.testcases.TS_007_VerifyPayment" name="verifyPaymentTest" time="2.045">
    <failure type="java.lang.AssertionError" message="1 expectation failed.
Response body doesn&amp;apos;t match expectation.
Expected: a string containing &amp;quot;You must do the payment transaction first&amp;quot;
  Actual: [data:[:], message:You must do the payment transaction first, status:403]
">
      <![CDATA[java.lang.AssertionError: 1 expectation failed.
Response body doesn't match expectation.
Expected: a string containing "You must do the payment transaction first"
  Actual: [data:[:], message:You must do the payment transaction first, status:403]

at org.codehaus.groovy.runtime.callsite.ConstructorSite$ConstructorSiteNoUnwrap.callConstructor(ConstructorSite.java:84)
at org.codehaus.groovy.runtime.callsite.AbstractCallSite.callConstructor(AbstractCallSite.java:250)
at io.restassured.internal.ResponseSpecificationImpl$HamcrestAssertionClosure.validate(ResponseSpecificationImpl.groovy:494)
at io.restassured.internal.ResponseSpecificationImpl$HamcrestAssertionClosure$validate$1.call(Unknown Source)
at io.restassured.internal.ResponseSpecificationImpl.validateResponseIfRequired(ResponseSpecificationImpl.groovy:656)
at org.codehaus.groovy.runtime.callsite.PogoMetaMethodSite$PogoCachedMethodSiteNoUnwrapNoCoerce.invoke(PogoMetaMethodSite.java:210)
at org.codehaus.groovy.runtime.callsite.PogoMetaMethodSite.callCurrent(PogoMetaMethodSite.java:59)
at org.codehaus.groovy.runtime.callsite.AbstractCallSite.callCurrent(AbstractCallSite.java:169)
at io.restassured.internal.ResponseSpecificationImpl.content(ResponseSpecificationImpl.groovy:97)
at io.restassured.internal.ValidatableResponseOptionsImpl.content(ValidatableResponseOptionsImpl.java:89)
at com.api.testcases.TS_007_VerifyPayment.verifyPaymentTest(TS_007_VerifyPayment.java:129)
at java.base/java.util.ArrayList.forEach(ArrayList.java:1540)
... Removed 36 stack frames]]>
    </failure>
  </testcase> <!-- verifyPaymentTest -->
  <testcase classname="com.api.testcases.TS_007_VerifyPayment" name="verifyPaymentTest" time="1.635"/>
  <testcase classname="com.api.testcases.TS_007_VerifyPayment" name="verifyPaymentTest" time="2.056"/>
  <testcase classname="com.api.testcases.TS_007_VerifyPayment" name="verifyPaymentTest" time="1.534"/>
  <testcase classname="com.api.testcases.TS_007_VerifyPayment" name="verifyPaymentTest" time="1.531"/>
  <testcase classname="com.api.testcases.TS_007_VerifyPayment" name="verifyPaymentTest" time="1.936"/>
  <testcase classname="com.api.testcases.TS_007_VerifyPayment" name="verifyPaymentTest" time="2.244"/>
  <testcase classname="com.api.testcases.TS_007_VerifyPayment" name="verifyPaymentTest" time="1.55"/>
  <testcase classname="com.api.testcases.TS_007_VerifyPayment" name="verifyPaymentTest" time="1.515"/>
  <testcase classname="com.api.testcases.TS_007_VerifyPayment" name="verifyPaymentTest" time="1.536"/>
  <testcase classname="com.api.testcases.TS_007_VerifyPayment" name="verifyPaymentTest" time="1.434"/>
  <testcase classname="com.api.testcases.TS_007_VerifyPayment" name="verifyPaymentTest" time="1.477"/>
  <testcase classname="com.api.testcases.TS_007_VerifyPayment" name="verifyPaymentTest" time="1.585"/>
  <testcase classname="com.api.testcases.TS_008_GetUserPaymentHistory" name="getProfileTest" time="1.748"/>
  <testcase classname="com.api.testcases.TS_008_GetUserPaymentHistory" name="getProfileTest" time="1.529"/>
  <testcase classname="com.api.testcases.TS_008_GetUserPaymentHistory" name="getProfileTest" time="1.532"/>
  <testcase classname="com.api.testcases.TS_008_GetUserPaymentHistory" name="getProfileTest" time="2.665"/>
  <testcase classname="com.api.testcases.TS_008_GetUserPaymentHistory" name="getProfileTest" time="1.505"/>
  <testcase classname="com.api.testcases.TS_009_Logout" name="logoutTest" time="1.543">
    <failure type="java.lang.AssertionError" message="1 expectation failed.
JSON path data.idUser doesn&amp;apos;t match.
Expected: &amp;lt;348&amp;gt;
  Actual: null
">
      <![CDATA[java.lang.AssertionError: 1 expectation failed.
JSON path data.idUser doesn't match.
Expected: <348>
  Actual: null

at org.codehaus.groovy.runtime.callsite.ConstructorSite$ConstructorSiteNoUnwrap.callConstructor(ConstructorSite.java:84)
at org.codehaus.groovy.runtime.callsite.AbstractCallSite.callConstructor(AbstractCallSite.java:250)
at io.restassured.internal.ResponseSpecificationImpl$HamcrestAssertionClosure.validate(ResponseSpecificationImpl.groovy:494)
at io.restassured.internal.ResponseSpecificationImpl$HamcrestAssertionClosure$validate$1.call(Unknown Source)
at io.restassured.internal.ResponseSpecificationImpl.validateResponseIfRequired(ResponseSpecificationImpl.groovy:656)
at org.codehaus.groovy.runtime.callsite.PogoMetaMethodSite$PogoCachedMethodSiteNoUnwrapNoCoerce.invoke(PogoMetaMethodSite.java:210)
at org.codehaus.groovy.runtime.callsite.PogoMetaMethodSite.callCurrent(PogoMetaMethodSite.java:59)
at org.codehaus.groovy.runtime.callsite.AbstractCallSite.callCurrent(AbstractCallSite.java:169)
at io.restassured.internal.ResponseSpecificationImpl.content(ResponseSpecificationImpl.groovy:277)
at io.restassured.specification.ResponseSpecification$content$1.callCurrent(Unknown Source)
at io.restassured.internal.ResponseSpecificationImpl.body(ResponseSpecificationImpl.groovy:260)
at io.restassured.internal.ValidatableResponseOptionsImpl.body(ValidatableResponseOptionsImpl.java:274)
at com.api.testcases.TS_009_Logout.logoutTest(TS_009_Logout.java:67)
at java.base/java.util.ArrayList.forEach(ArrayList.java:1540)
... Removed 36 stack frames]]>
    </failure>
  </testcase> <!-- logoutTest -->
  <testcase classname="com.api.testcases.TS_009_Logout" name="logoutTest" time="1.529">
    <failure type="java.lang.AssertionError" message="1 expectation failed.
Response body doesn&amp;apos;t match expectation.
Expected: a string containing &amp;quot;User is already logged out&amp;quot;
  Actual: [data:[:], message:User is already logged out, status:404]
">
      <![CDATA[java.lang.AssertionError: 1 expectation failed.
Response body doesn't match expectation.
Expected: a string containing "User is already logged out"
  Actual: [data:[:], message:User is already logged out, status:404]

at org.codehaus.groovy.runtime.callsite.ConstructorSite$ConstructorSiteNoUnwrap.callConstructor(ConstructorSite.java:84)
at org.codehaus.groovy.runtime.callsite.AbstractCallSite.callConstructor(AbstractCallSite.java:250)
at io.restassured.internal.ResponseSpecificationImpl$HamcrestAssertionClosure.validate(ResponseSpecificationImpl.groovy:494)
at io.restassured.internal.ResponseSpecificationImpl$HamcrestAssertionClosure$validate$1.call(Unknown Source)
at io.restassured.internal.ResponseSpecificationImpl.validateResponseIfRequired(ResponseSpecificationImpl.groovy:656)
at org.codehaus.groovy.runtime.callsite.PogoMetaMethodSite$PogoCachedMethodSiteNoUnwrapNoCoerce.invoke(PogoMetaMethodSite.java:210)
at org.codehaus.groovy.runtime.callsite.PogoMetaMethodSite.callCurrent(PogoMetaMethodSite.java:59)
at org.codehaus.groovy.runtime.callsite.AbstractCallSite.callCurrent(AbstractCallSite.java:169)
at io.restassured.internal.ResponseSpecificationImpl.content(ResponseSpecificationImpl.groovy:97)
at io.restassured.internal.ValidatableResponseOptionsImpl.content(ValidatableResponseOptionsImpl.java:89)
at com.api.testcases.TS_009_Logout.logoutTest(TS_009_Logout.java:101)
at java.base/java.util.ArrayList.forEach(ArrayList.java:1540)
... Removed 36 stack frames]]>
    </failure>
  </testcase> <!-- logoutTest -->
  <testcase classname="com.api.testcases.TS_009_Logout" name="logoutTest" time="1.533"/>
  <testcase classname="com.api.testcases.TS_009_Logout" name="logoutTest" time="1.516"/>
  <testcase classname="com.api.testcases.TS_009_Logout" name="logoutTest" time="1.563"/>
  <testcase classname="com.api.testcases.TS_009_Logout" name="logoutTest" time="1.473"/>
  <testcase classname="com.api.testcases.CleanUpEverything" name="cleanUp" time="50.663"/>
</testsuite> <!-- APITest -->
